<?xml version="1.0" encoding="utf-8"?><testsuites name="pytest tests"><testsuite name="pytest" errors="0" failures="0" skipped="0" tests="12" time="0.131" timestamp="2026-09-06T02:01:54.355475+08:00" hostname="ProArt-Zhou"><testcase classname="tests.routing.test_compiler" name="test_compile_separates_display_version_and_execution_fields_without_mutation" time="0.002" /><testcase classname="tests.routing.test_compiler" name="test_empty_routing_requirements_cannot_be_published[eligible_groups]" time="0.001" /><testcase classname="tests.routing.test_compiler" name="test_empty_routing_requirements_cannot_be_published[capabilities_all]" time="0.001" /><testcase classname="tests.routing.test_compiler" name="test_domain_conjunctions_can_overlap_even_when_names_differ" time="0.000" /><testcase classname="tests.routing.test_compiler" name="test_structural_contract_gaps_are_rejected[duplicate-stage]" time="0.001" /><testcase classname="tests.routing.test_compiler" name="test_structural_contract_gaps_are_rejected[empty-rules]" time="0.000" /><testcase classname="tests.routing.test_compiler" name="test_structural_contract_gaps_are_rejected[empty-queue]" time="0.000" /><testcase classname="tests.routing.test_compiler" name="test_structural_contract_gaps_are_rejected[numeric-permission]" time="0.000" /><testcase classname="tests.routing.test_compiler" name="test_structural_contract_gaps_are_rejected[incompatible-purpose]" time="0.000" /><testcase classname="tests.routing.test_compiler" name="test_same_priority_overlap_is_not_ambiguous_when_a_higher_rule_always_wins" time="0.001" /><testcase classname="tests.routing.test_compiler" name="test_bad_unicode_and_unknown_fields_produce_safe_structured_errors" time="0.001" /><testcase classname="tests.routing.test_compiler" name="test_profile_fingerprint_matches_existing_catalog_for_non_ascii_bindings" time="0.000" /></testsuite></testsuites>