<?xml version="1.0" encoding="utf-8"?><testsuites name="pytest tests"><testsuite name="pytest" errors="0" failures="1" skipped="0" tests="12" time="0.192" timestamp="2026-09-06T02:01:34.282540+08:00" hostname="ProArt-Zhou"><testcase classname="tests.routing.test_compiler" name="test_compile_separates_display_version_and_execution_fields_without_mutation" time="0.002" /><testcase classname="tests.routing.test_compiler" name="test_empty_routing_requirements_cannot_be_published[eligible_groups]" time="0.001" /><testcase classname="tests.routing.test_compiler" name="test_empty_routing_requirements_cannot_be_published[capabilities_all]" time="0.001" /><testcase classname="tests.routing.test_compiler" name="test_domain_conjunctions_can_overlap_even_when_names_differ" time="0.001" /><testcase classname="tests.routing.test_compiler" name="test_structural_contract_gaps_are_rejected[duplicate-stage]" time="0.001" /><testcase classname="tests.routing.test_compiler" name="test_structural_contract_gaps_are_rejected[empty-rules]" time="0.000" /><testcase classname="tests.routing.test_compiler" name="test_structural_contract_gaps_are_rejected[empty-queue]" time="0.000" /><testcase classname="tests.routing.test_compiler" name="test_structural_contract_gaps_are_rejected[numeric-permission]" time="0.000" /><testcase classname="tests.routing.test_compiler" name="test_structural_contract_gaps_are_rejected[incompatible-purpose]" time="0.000" /><testcase classname="tests.routing.test_compiler" name="test_same_priority_overlap_is_not_ambiguous_when_a_higher_rule_always_wins" time="0.001" /><testcase classname="tests.routing.test_compiler" name="test_bad_unicode_and_unknown_fields_produce_safe_structured_errors" time="0.001" /><testcase classname="tests.routing.test_compiler" name="test_profile_fingerprint_matches_existing_catalog_for_non_ascii_bindings" time="0.001"><failure message="AssertionError: assert '0c8c3bba6878...c97ab4bbb42da' == '522759dfe431...de637aa8a8921'&#10;  &#10;  - 522759dfe431cffb04ab2e7848c20c20a1107ab76ed3651310ede637aa8a8921&#10;  + 0c8c3bba687803a7eaad50de23850362dac82f9a315c9a62554c97ab4bbb42da">def test_profile_fingerprint_matches_existing_catalog_for_non_ascii_bindings() -&gt; None:
        config = json.loads(Path("examples/projects/offline-configuration.json").read_bytes())
        profile = config["resources"]["profiles"][0]["profile"]
        profile["binding"]["native_settings"]["label"] = "本机模型配置"
        existing_fingerprint = hashlib.sha256(encoded(profile).encode()).hexdigest()
&gt;       assert digest(profile) == existing_fingerprint
E       AssertionError: assert '0c8c3bba6878...c97ab4bbb42da' == '522759dfe431...de637aa8a8921'
E         
E         - 522759dfe431cffb04ab2e7848c20c20a1107ab76ed3651310ede637aa8a8921
E         + 0c8c3bba687803a7eaad50de23850362dac82f9a315c9a62554c97ab4bbb42da

tests\routing\test_compiler.py:108: AssertionError</failure></testcase></testsuite></testsuites>