<?xml version="1.0" encoding="utf-8"?><testsuites name="pytest tests"><testsuite name="pytest" errors="0" failures="6" skipped="0" tests="11" time="0.186" timestamp="2026-09-06T01:57:00.378363+08:00" hostname="ProArt-Zhou"><testcase classname="tests.routing.test_compiler" name="test_compile_separates_display_version_and_execution_fields_without_mutation" time="0.002" /><testcase classname="tests.routing.test_compiler" name="test_empty_routing_requirements_cannot_be_published[eligible_groups]" time="0.001" /><testcase classname="tests.routing.test_compiler" name="test_empty_routing_requirements_cannot_be_published[capabilities_all]" time="0.001" /><testcase classname="tests.routing.test_compiler" name="test_domain_conjunctions_can_overlap_even_when_names_differ" time="0.001" /><testcase classname="tests.routing.test_compiler" name="test_structural_contract_gaps_are_rejected[duplicate-stage]" time="0.001"><failure message="Failed: DID NOT RAISE RoutingError">case = 'duplicate-stage'

    @pytest.mark.parametrize(
        "case",
        ["duplicate-stage", "empty-rules", "empty-queue", "numeric-permission", "incompatible-purpose"],
    )
    def test_structural_contract_gaps_are_rejected(case: str) -&gt; None:
        rules = document()
        if case == "duplicate-stage":
            rules["rules"][2]["quality_escalation_groups"] = ["standard_qualified"] * 2
        elif case == "empty-rules":
            rules["rules"] = []
        elif case == "empty-queue":
            rules["resource_policy"]["queue_order"] = []
        elif case == "numeric-permission":
            rules["global_constraints"]["require_enabled_profile"] = 1
        else:
            rules["rules"][2]["when"]["purpose"] = "lead"
&gt;       with pytest.raises(RoutingError):
             ^^^^^^^^^^^^^^^^^^^^^^^^^^^
E       Failed: DID NOT RAISE RoutingError

tests\routing\test_compiler.py:73: Failed</failure></testcase><testcase classname="tests.routing.test_compiler" name="test_structural_contract_gaps_are_rejected[empty-rules]" time="0.001"><failure message="Failed: DID NOT RAISE RoutingError">case = 'empty-rules'

    @pytest.mark.parametrize(
        "case",
        ["duplicate-stage", "empty-rules", "empty-queue", "numeric-permission", "incompatible-purpose"],
    )
    def test_structural_contract_gaps_are_rejected(case: str) -&gt; None:
        rules = document()
        if case == "duplicate-stage":
            rules["rules"][2]["quality_escalation_groups"] = ["standard_qualified"] * 2
        elif case == "empty-rules":
            rules["rules"] = []
        elif case == "empty-queue":
            rules["resource_policy"]["queue_order"] = []
        elif case == "numeric-permission":
            rules["global_constraints"]["require_enabled_profile"] = 1
        else:
            rules["rules"][2]["when"]["purpose"] = "lead"
&gt;       with pytest.raises(RoutingError):
             ^^^^^^^^^^^^^^^^^^^^^^^^^^^
E       Failed: DID NOT RAISE RoutingError

tests\routing\test_compiler.py:73: Failed</failure></testcase><testcase classname="tests.routing.test_compiler" name="test_structural_contract_gaps_are_rejected[empty-queue]" time="0.001"><failure message="Failed: DID NOT RAISE RoutingError">case = 'empty-queue'

    @pytest.mark.parametrize(
        "case",
        ["duplicate-stage", "empty-rules", "empty-queue", "numeric-permission", "incompatible-purpose"],
    )
    def test_structural_contract_gaps_are_rejected(case: str) -&gt; None:
        rules = document()
        if case == "duplicate-stage":
            rules["rules"][2]["quality_escalation_groups"] = ["standard_qualified"] * 2
        elif case == "empty-rules":
            rules["rules"] = []
        elif case == "empty-queue":
            rules["resource_policy"]["queue_order"] = []
        elif case == "numeric-permission":
            rules["global_constraints"]["require_enabled_profile"] = 1
        else:
            rules["rules"][2]["when"]["purpose"] = "lead"
&gt;       with pytest.raises(RoutingError):
             ^^^^^^^^^^^^^^^^^^^^^^^^^^^
E       Failed: DID NOT RAISE RoutingError

tests\routing\test_compiler.py:73: Failed</failure></testcase><testcase classname="tests.routing.test_compiler" name="test_structural_contract_gaps_are_rejected[numeric-permission]" time="0.001"><failure message="Failed: DID NOT RAISE RoutingError">case = 'numeric-permission'

    @pytest.mark.parametrize(
        "case",
        ["duplicate-stage", "empty-rules", "empty-queue", "numeric-permission", "incompatible-purpose"],
    )
    def test_structural_contract_gaps_are_rejected(case: str) -&gt; None:
        rules = document()
        if case == "duplicate-stage":
            rules["rules"][2]["quality_escalation_groups"] = ["standard_qualified"] * 2
        elif case == "empty-rules":
            rules["rules"] = []
        elif case == "empty-queue":
            rules["resource_policy"]["queue_order"] = []
        elif case == "numeric-permission":
            rules["global_constraints"]["require_enabled_profile"] = 1
        else:
            rules["rules"][2]["when"]["purpose"] = "lead"
&gt;       with pytest.raises(RoutingError):
             ^^^^^^^^^^^^^^^^^^^^^^^^^^^
E       Failed: DID NOT RAISE RoutingError

tests\routing\test_compiler.py:73: Failed</failure></testcase><testcase classname="tests.routing.test_compiler" name="test_structural_contract_gaps_are_rejected[incompatible-purpose]" time="0.001"><failure message="Failed: DID NOT RAISE RoutingError">case = 'incompatible-purpose'

    @pytest.mark.parametrize(
        "case",
        ["duplicate-stage", "empty-rules", "empty-queue", "numeric-permission", "incompatible-purpose"],
    )
    def test_structural_contract_gaps_are_rejected(case: str) -&gt; None:
        rules = document()
        if case == "duplicate-stage":
            rules["rules"][2]["quality_escalation_groups"] = ["standard_qualified"] * 2
        elif case == "empty-rules":
            rules["rules"] = []
        elif case == "empty-queue":
            rules["resource_policy"]["queue_order"] = []
        elif case == "numeric-permission":
            rules["global_constraints"]["require_enabled_profile"] = 1
        else:
            rules["rules"][2]["when"]["purpose"] = "lead"
&gt;       with pytest.raises(RoutingError):
             ^^^^^^^^^^^^^^^^^^^^^^^^^^^
E       Failed: DID NOT RAISE RoutingError

tests\routing\test_compiler.py:73: Failed</failure></testcase><testcase classname="tests.routing.test_compiler" name="test_same_priority_overlap_is_not_ambiguous_when_a_higher_rule_always_wins" time="0.001"><failure message="AssertionError: assert [{'path': 'ru...ical-worker'}] == []&#10;  &#10;  Left contains one more item: {'path': 'rules.1', 'code': 'RULE_AMBIGUOUS', 'other_rule': 'mechanical-worker'}&#10;  Use -v to get more diff">def test_same_priority_overlap_is_not_ambiguous_when_a_higher_rule_always_wins() -&gt; None:
        rules = document()
        first = copy.deepcopy(rules["rules"][2])
        second = copy.deepcopy(first)
        second["id"] = "second"
        higher = copy.deepcopy(first)
        higher.update(id="higher", priority=101)
        rules["rules"] = [first, second, higher]
&gt;       assert compile_rulebook(rules)["issues"] == []
E       AssertionError: assert [{'path': 'ru...ical-worker'}] == []
E         
E         Left contains one more item: {'path': 'rules.1', 'code': 'RULE_AMBIGUOUS', 'other_rule': 'mechanical-worker'}
E         Use -v to get more diff

tests\routing\test_compiler.py:85: AssertionError</failure></testcase><testcase classname="tests.routing.test_compiler" name="test_bad_unicode_and_unknown_fields_produce_safe_structured_errors" time="0.001" /></testsuite></testsuites>