<?xml version="1.0" encoding="utf-8"?><testsuites name="pytest tests"><testsuite name="pytest" errors="0" failures="0" skipped="0" tests="6" time="10.723" timestamp="2026-09-06T23:55:19.597499+08:00" hostname="ProArt-Zhou"><testcase classname="tests.runs.test_candidate_checks" name="test_lost_evidence_response_recovers_exact_history_after_cancel_without_a_runner" time="1.556" /><testcase classname="tests.runs.test_candidate_checks" name="test_uncommitted_evidence_reply_remains_unknown_without_another_submission" time="1.572" /><testcase classname="tests.runs.test_candidate_checks" name="test_incomplete_observation_never_passes_or_starts_next_check[unknown_stop]" time="1.654" /><testcase classname="tests.runs.test_candidate_checks" name="test_incomplete_observation_never_passes_or_starts_next_check[missing_log]" time="1.631" /><testcase classname="tests.runs.test_candidate_checks" name="test_incomplete_observation_never_passes_or_starts_next_check[incomplete_log]" time="1.674" /><testcase classname="tests.runs.test_candidate_checks" name="test_incomplete_observation_never_passes_or_starts_next_check[timed_out]" time="1.701" /></testsuite></testsuites>