<?xml version="1.0" encoding="utf-8"?><testsuites name="pytest tests"><testsuite name="pytest" errors="0" failures="0" skipped="0" tests="22" time="4.630" timestamp="2026-09-06T13:31:23.620128+08:00" hostname="ProArt-Zhou"><testcase classname="tests.routing.test_rule_selection" name="test_rule_can_be_selected_without_capacity_or_stage_authorization" time="0.002" /><testcase classname="tests.routing.test_rule_selection" name="test_reviewer_uses_recorded_author_risk_even_if_review_is_declared_simple" time="0.002" /><testcase classname="tests.routing.test_rule_selection" name="test_priority_tie_and_missing_rule_never_supply_a_rule_to_authorize" time="0.002" /><testcase classname="tests.routing.test_rule_selection" name="test_not_ready_and_unknown_risk_remain_distinct_from_rule_matching" time="0.001" /><testcase classname="tests.routing.test_rule_selection" name="test_selector_rejects_path_aliases_and_permission_fields" time="0.001" /><testcase classname="tests.routing.test_rule_selection" name="test_output_reserve_must_fit_real_profile_context_with_approved_input" time="0.002" /><testcase classname="tests.runs.test_approved_routing" name="test_v2_accepts_legal_custom_names_for_commander_groups[commander_qualified]" time="0.262" /><testcase classname="tests.runs.test_approved_routing" name="test_v2_accepts_legal_custom_names_for_commander_groups[adviser_qualified]" time="0.264" /><testcase classname="tests.runs.test_approved_routing" name="test_approved_requirements_reach_router_and_unknown_qualification_is_preserved" time="0.258" /><testcase classname="tests.runs.test_approved_routing" name="test_another_rules_grants_never_authorize_this_rule" time="0.268" /><testcase classname="tests.runs.test_approved_routing" name="test_pending_proposal_does_not_replace_the_active_approved_plan" time="0.250" /><testcase classname="tests.runs.test_approved_routing" name="test_unapproved_owner_and_dependency_boundaries_do_not_manufacture_author_evidence" time="0.255" /><testcase classname="tests.runs.test_approved_routing_capacity" name="test_real_approved_run_estimate_capacity_and_revocation_are_consumed" time="0.281" /><testcase classname="tests.runs.test_approved_routing_capacity" name="test_channel_destination_must_equal_its_fixed_mapping_even_when_both_destinations_are_allowed" time="0.257" /><testcase classname="tests.web.test_approved_routing_http" name="test_authenticated_approved_run_reaches_persistent_routing_assessment" time="0.287" /><testcase classname="tests.web.test_approved_routing_http" name="test_assessment_rejects_untrusted_source_substitution[profile_ref]" time="0.288" /><testcase classname="tests.web.test_approved_routing_http" name="test_assessment_rejects_untrusted_source_substitution[authorization]" time="0.281" /><testcase classname="tests.web.test_approved_routing_http" name="test_assessment_rejects_untrusted_source_substitution[authors]" time="0.307" /><testcase classname="tests.web.test_approved_routing_http" name="test_assessment_rejects_untrusted_source_substitution[capacity]" time="0.270" /><testcase classname="tests.web.test_approved_routing_http" name="test_assessment_rejects_untrusted_source_substitution[policy]" time="0.275" /><testcase classname="tests.web.test_approved_routing_http" name="test_assessment_rejects_untrusted_source_substitution[stage]" time="0.266" /><testcase classname="tests.web.test_approved_routing_http" name="test_assessment_keeps_session_csrf_and_idempotency_boundaries" time="0.267" /></testsuite></testsuites>