<?xml version="1.0" encoding="utf-8"?><testsuites name="pytest tests"><testsuite name="pytest" errors="0" failures="0" skipped="0" tests="2" time="0.929" timestamp="2026-09-06T12:56:40.874874+08:00" hostname="ProArt-Zhou"><testcase classname="tests.projects.test_qualification_store" name="test_public_qualification_persists_real_process_observation_and_revocation" time="0.449" /><testcase classname="tests.projects.test_qualification_store" name="test_expiry_and_frozen_identity_mismatch_fail_closed" time="0.387" /></testsuite></testsuites>