<?xml version="1.0" encoding="utf-8"?><testsuites name="pytest tests"><testsuite name="pytest" errors="0" failures="0" skipped="0" tests="19" time="7.440" timestamp="2026-09-06T13:00:46.643920+08:00" hostname="ProArt-Zhou"><testcase classname="tests.projects.test_qualification_store" name="test_public_qualification_persists_real_process_observation_and_revocation" time="0.431" /><testcase classname="tests.projects.test_qualification_store" name="test_expiry_and_frozen_identity_mismatch_fail_closed" time="0.364" /><testcase classname="tests.projects.test_qualification_store" name="test_current_identity_changes_do_not_reuse_old_observation[enabled]" time="0.359" /><testcase classname="tests.projects.test_qualification_store" name="test_current_identity_changes_do_not_reuse_old_observation[account_provider]" time="0.364" /><testcase classname="tests.projects.test_qualification_store" name="test_current_identity_changes_do_not_reuse_old_observation[channel_approval]" time="0.382" /><testcase classname="tests.projects.test_qualification_store" name="test_current_identity_changes_do_not_reuse_old_observation[family]" time="0.390" /><testcase classname="tests.projects.test_qualification_store" name="test_current_identity_changes_do_not_reuse_old_observation[permissions]" time="0.404" /><testcase classname="tests.projects.test_qualification_store" name="test_current_identity_changes_do_not_reuse_old_observation[model]" time="0.397" /><testcase classname="tests.projects.test_qualification_store" name="test_current_identity_changes_do_not_reuse_old_observation[runtime]" time="0.388" /><testcase classname="tests.projects.test_qualification_store" name="test_current_identity_changes_do_not_reuse_old_observation[auth_ref]" time="0.420" /><testcase classname="tests.projects.test_qualification_store" name="test_current_identity_changes_do_not_reuse_old_observation[billing]" time="0.402" /><testcase classname="tests.projects.test_qualification_store" name="test_missing_observation_and_runtime_tools_are_never_promoted" time="0.375" /><testcase classname="tests.projects.test_qualification_store" name="test_unknown_source_is_rejected_before_any_process_or_start" time="0.221" /><testcase classname="tests.projects.test_qualification_store" name="test_owner_and_idempotency_are_enforced" time="0.364" /><testcase classname="tests.projects.test_qualification_store" name="test_later_failed_observation_blocks_previous_pass" time="0.455" /><testcase classname="tests.projects.test_qualification_store" name="test_clock_rollback_and_execution_path_changes_reject" time="0.373" /><testcase classname="tests.projects.test_qualification_store" name="test_guard_returns_current_catalog_and_stable_profile_reasons" time="0.370" /><testcase classname="tests.projects.test_qualification_store" name="test_guard_blocks_concurrent_revocation_until_admission_section_exits" time="0.509" /><testcase classname="tests.projects.test_qualification_store" name="test_same_command_in_progress_never_runs_second_process_set" time="0.356" /></testsuite></testsuites>