<?xml version="1.0" encoding="utf-8"?><testsuites name="pytest tests"><testsuite name="pytest" errors="0" failures="0" skipped="0" tests="247" time="38.009" timestamp="2026-09-06T13:01:33.927271+08:00" hostname="ProArt-Zhou"><testcase classname="tests.projects.test_publication" name="test_explicit_publication_is_durable_and_retries_return_the_same_receipt" time="0.230" /><testcase classname="tests.projects.test_publication" name="test_same_revision_different_execution_is_rejected_at_both_write_entries[configuration]" time="0.225" /><testcase classname="tests.projects.test_publication" name="test_same_revision_different_execution_is_rejected_at_both_write_entries[rulebook]" time="0.226" /><testcase classname="tests.projects.test_publication" name="test_draft_storage_and_publication_have_separate_permissions[structure]" time="0.233" /><testcase classname="tests.projects.test_publication" name="test_draft_storage_and_publication_have_separate_permissions[ambiguous]" time="0.215" /><testcase classname="tests.projects.test_publication" name="test_draft_storage_and_publication_have_separate_permissions[empty-group]" time="0.214" /><testcase classname="tests.projects.test_publication" name="test_custom_matrix_is_not_evaluated_by_the_legacy_matcher" time="0.224" /><testcase classname="tests.projects.test_publication_guards" name="test_owner_and_expired_preview_cannot_publish_but_completed_command_replays" time="0.217" /><testcase classname="tests.projects.test_publication_guards" name="test_concurrent_publications_have_one_winner_and_replay_one_receipt" time="0.228" /><testcase classname="tests.projects.test_publication_guards" name="test_persisted_preview_from_a_different_contract_or_catalog_is_not_authority[compiler_identity-PREVIEW_COMPILER_CHANGED]" time="0.220" /><testcase classname="tests.projects.test_publication_guards" name="test_persisted_preview_from_a_different_contract_or_catalog_is_not_authority[catalog_binding-PREVIEW_CATALOG_CHANGED]" time="0.218" /><testcase classname="tests.projects.test_publication_guards" name="test_persisted_preview_from_a_different_contract_or_catalog_is_not_authority[principal-PREVIEW_OWNER_MISMATCH]" time="0.220" /><testcase classname="tests.projects.test_publication_guards" name="test_presentation_edit_keeps_immutable_execution_bytes_and_new_publication_record" time="0.225" /><testcase classname="tests.projects.test_publication_guards" name="test_effective_catalog_preserves_revocation_and_ignores_structurally_invalid_draft" time="0.253" /><testcase classname="tests.projects.test_publication_guards" name="test_confirmation_rejects_changed_persisted_content_even_when_execution_hash_is_unchanged[configuration]" time="0.211" /><testcase classname="tests.projects.test_publication_guards" name="test_confirmation_rejects_changed_persisted_content_even_when_execution_hash_is_unchanged[rulebook]" time="0.215" /><testcase classname="tests.projects.test_publication_guards" name="test_invalid_resource_values_cannot_restore_revoked_permissions[amount-NaN]" time="0.224" /><testcase classname="tests.projects.test_publication_guards" name="test_invalid_resource_values_cannot_restore_revoked_permissions[amount--1]" time="0.229" /><testcase classname="tests.projects.test_publication_guards" name="test_invalid_resource_values_cannot_restore_revoked_permissions[amount-1.0000001]" time="0.234" /><testcase classname="tests.projects.test_publication_guards" name="test_invalid_resource_values_cannot_restore_revoked_permissions[amount-None]" time="0.236" /><testcase classname="tests.projects.test_publication_guards" name="test_invalid_resource_values_cannot_restore_revoked_permissions[currency-usd]" time="0.239" /><testcase classname="tests.projects.test_publication_guards" name="test_invalid_resource_values_cannot_restore_revoked_permissions[duration-0]" time="0.243" /><testcase classname="tests.projects.test_publication_guards" name="test_invalid_resource_values_cannot_restore_revoked_permissions[pool_limit-Infinity]" time="0.251" /><testcase classname="tests.projects.test_publication_guards" name="test_invalid_resource_values_cannot_restore_revoked_permissions[pool_limit--1]" time="0.234" /><testcase classname="tests.projects.test_publication_guards" name="test_invalid_resource_values_cannot_restore_revoked_permissions[conservative_bound--1]" time="0.226" /><testcase classname="tests.projects.test_publication_guards" name="test_invalid_resource_values_cannot_restore_revoked_permissions[approval-missing-profile]" time="0.222" /><testcase classname="tests.projects.test_publication_guards" name="test_invalid_unicode_is_not_storable_and_preview_remains_json_exportable[id-configuration]" time="0.219" /><testcase classname="tests.projects.test_publication_guards" name="test_invalid_unicode_is_not_storable_and_preview_remains_json_exportable[id-rulebook]" time="0.219" /><testcase classname="tests.projects.test_publication_guards" name="test_invalid_unicode_is_not_storable_and_preview_remains_json_exportable[description-configuration]" time="0.206" /><testcase classname="tests.projects.test_publication_guards" name="test_invalid_unicode_is_not_storable_and_preview_remains_json_exportable[description-rulebook]" time="0.228" /><testcase classname="tests.projects.test_publication_guards" name="test_configuration_preview_does_not_grant_explicit_publication_authority" time="0.212" /><testcase classname="tests.projects.test_publication_migration" name="test_legacy_upgrade_preserves_owner_catalog_and_frozen_binding_without_publication" time="0.235" /><testcase classname="tests.projects.test_publication_migration" name="test_conflicting_legacy_revision_is_reported_and_never_automatically_selected" time="0.221" /><testcase classname="tests.projects.test_publication_migration" name="test_legacy_latest_invalid_draft_keeps_last_applied_valid_revocation" time="0.243" /><testcase classname="tests.projects.test_qualification_store" name="test_public_qualification_persists_real_process_observation_and_revocation" time="0.397" /><testcase classname="tests.projects.test_qualification_store" name="test_expiry_and_frozen_identity_mismatch_fail_closed" time="0.373" /><testcase classname="tests.projects.test_qualification_store" name="test_current_identity_changes_do_not_reuse_old_observation[enabled]" time="0.390" /><testcase classname="tests.projects.test_qualification_store" name="test_current_identity_changes_do_not_reuse_old_observation[account_provider]" time="0.381" /><testcase classname="tests.projects.test_qualification_store" name="test_current_identity_changes_do_not_reuse_old_observation[channel_approval]" time="0.404" /><testcase classname="tests.projects.test_qualification_store" name="test_current_identity_changes_do_not_reuse_old_observation[family]" time="0.417" /><testcase classname="tests.projects.test_qualification_store" name="test_current_identity_changes_do_not_reuse_old_observation[permissions]" time="0.387" /><testcase classname="tests.projects.test_qualification_store" name="test_current_identity_changes_do_not_reuse_old_observation[model]" time="0.382" /><testcase classname="tests.projects.test_qualification_store" name="test_current_identity_changes_do_not_reuse_old_observation[runtime]" time="0.379" /><testcase classname="tests.projects.test_qualification_store" name="test_current_identity_changes_do_not_reuse_old_observation[auth_ref]" time="0.397" /><testcase classname="tests.projects.test_qualification_store" name="test_current_identity_changes_do_not_reuse_old_observation[billing]" time="0.381" /><testcase classname="tests.projects.test_qualification_store" name="test_missing_observation_and_runtime_tools_are_never_promoted" time="0.399" /><testcase classname="tests.projects.test_qualification_store" name="test_unknown_source_is_rejected_before_any_process_or_start" time="0.228" /><testcase classname="tests.projects.test_qualification_store" name="test_owner_and_idempotency_are_enforced" time="0.386" /><testcase classname="tests.projects.test_qualification_store" name="test_later_failed_observation_blocks_previous_pass" time="0.477" /><testcase classname="tests.projects.test_qualification_store" name="test_clock_rollback_and_execution_path_changes_reject" time="0.387" /><testcase classname="tests.projects.test_qualification_store" name="test_guard_returns_current_catalog_and_stable_profile_reasons" time="0.380" /><testcase classname="tests.projects.test_qualification_store" name="test_guard_blocks_concurrent_revocation_until_admission_section_exits" time="0.530" /><testcase classname="tests.projects.test_qualification_store" name="test_same_command_in_progress_never_runs_second_process_set" time="0.385" /><testcase classname="tests.projects.test_registry" name="test_registered_project_has_a_fixed_base_and_survives_service_restart" time="0.200" /><testcase classname="tests.projects.test_registry" name="test_invalid_project_identity_never_creates_a_project[outside-REPOSITORY_OUTSIDE_ROOTS]" time="0.122" /><testcase classname="tests.projects.test_registry" name="test_invalid_project_identity_never_creates_a_project[unknown-base-BASE_UNRESOLVED]" time="0.210" /><testcase classname="tests.projects.test_registry" name="test_invalid_project_identity_never_creates_a_project[branch-TARGET_BRANCH_NOT_ALLOWED]" time="0.162" /><testcase classname="tests.projects.test_registry" name="test_invalid_project_identity_never_creates_a_project[not-git-REPOSITORY_INVALID]" time="0.166" /><testcase classname="tests.projects.test_registry" name="test_create_command_is_durable_and_concurrent_replay_returns_one_saved_result" time="0.284" /><testcase classname="tests.projects.test_registry" name="test_project_envelope_rejects_unknown_or_missing_fields_without_exposing_input[change0]" time="0.126" /><testcase classname="tests.projects.test_registry" name="test_project_envelope_rejects_unknown_or_missing_fields_without_exposing_input[change1]" time="0.131" /><testcase classname="tests.projects.test_registry" name="test_project_envelope_rejects_unknown_or_missing_fields_without_exposing_input[change2]" time="0.124" /><testcase classname="tests.projects.test_registry" name="test_project_envelope_rejects_unknown_or_missing_fields_without_exposing_input[change3]" time="0.130" /><testcase classname="tests.projects.test_registry" name="test_update_requires_current_revision_but_identical_command_retry_returns_original_result" time="0.378" /><testcase classname="tests.projects.test_registry" name="test_incomplete_configuration_can_be_previewed_as_a_draft_without_changing_project" time="0.201" /><testcase classname="tests.projects.test_registry" name="test_apply_binds_saved_preview_and_revision_and_replays_the_exact_original_result" time="0.294" /><testcase classname="tests.projects.test_registry" name="test_required_platform_budget_is_not_replaced_by_service_quota[planning_budget_ref]" time="0.209" /><testcase classname="tests.projects.test_registry" name="test_required_platform_budget_is_not_replaced_by_service_quota[run_budget_ref]" time="0.213" /><testcase classname="tests.projects.test_registry" name="test_platform_budgets_require_native_currencies_and_finite_explicit_limits[change0]" time="0.231" /><testcase classname="tests.projects.test_registry" name="test_platform_budgets_require_native_currencies_and_finite_explicit_limits[change1]" time="0.211" /><testcase classname="tests.projects.test_registry" name="test_platform_budgets_require_native_currencies_and_finite_explicit_limits[change2]" time="0.200" /><testcase classname="tests.projects.test_registry" name="test_platform_budgets_require_native_currencies_and_finite_explicit_limits[change3]" time="0.215" /><testcase classname="tests.projects.test_registry" name="test_platform_budgets_require_native_currencies_and_finite_explicit_limits[change4]" time="0.198" /><testcase classname="tests.projects.test_registry" name="test_unknown_subscription_observation_requires_every_finite_conservative_setting[enabled]" time="0.211" /><testcase classname="tests.projects.test_registry" name="test_unknown_subscription_observation_requires_every_finite_conservative_setting[max_local_active_attempts]" time="0.206" /><testcase classname="tests.projects.test_registry" name="test_unknown_subscription_observation_requires_every_finite_conservative_setting[max_attempt_duration_seconds]" time="0.197" /><testcase classname="tests.projects.test_registry" name="test_unknown_subscription_observation_requires_every_finite_conservative_setting[observation_max_age_seconds]" time="0.212" /><testcase classname="tests.projects.test_registry" name="test_unknown_subscription_observation_requires_every_finite_conservative_setting[cooldown_seconds]" time="0.206" /><testcase classname="tests.projects.test_registry" name="test_preview_command_is_idempotent_and_rejects_changed_content" time="0.225" /><testcase classname="tests.projects.test_registry" name="test_raw_credentials_in_configuration_are_reported_without_persisting_or_exporting_them" time="0.211" /><testcase classname="tests.projects.test_registry" name="test_unknown_configuration_shapes_produce_a_bounded_draft_issue[change0]" time="0.201" /><testcase classname="tests.projects.test_registry" name="test_unknown_configuration_shapes_produce_a_bounded_draft_issue[change1]" time="0.206" /><testcase classname="tests.projects.test_registry" name="test_unknown_configuration_shapes_produce_a_bounded_draft_issue[change2]" time="0.221" /><testcase classname="tests.projects.test_registry" name="test_fixed_rulebook_hard_conditions_cannot_be_overridden_in_configuration[fallback]" time="0.211" /><testcase classname="tests.projects.test_registry" name="test_fixed_rulebook_hard_conditions_cannot_be_overridden_in_configuration[t0-worker]" time="0.219" /><testcase classname="tests.projects.test_registry" name="test_fixed_rulebook_hard_conditions_cannot_be_overridden_in_configuration[critical-downgrade]" time="0.223" /><testcase classname="tests.projects.test_registry" name="test_resource_identity_and_shared_account_relationships_must_resolve[channel-account]" time="0.228" /><testcase classname="tests.projects.test_registry" name="test_resource_identity_and_shared_account_relationships_must_resolve[pool-account]" time="0.221" /><testcase classname="tests.projects.test_registry" name="test_resource_identity_and_shared_account_relationships_must_resolve[profile-channel]" time="0.209" /><testcase classname="tests.projects.test_registry" name="test_resource_identity_and_shared_account_relationships_must_resolve[duplicate-pool]" time="0.204" /><testcase classname="tests.projects.test_registry" name="test_resource_identity_and_shared_account_relationships_must_resolve[missing-policy]" time="0.213" /><testcase classname="tests.projects.test_registry" name="test_candidate_requires_current_evidence_approved_membership_and_task_class[not-run]" time="0.198" /><testcase classname="tests.projects.test_registry" name="test_candidate_requires_current_evidence_approved_membership_and_task_class[digest]" time="0.205" /><testcase classname="tests.projects.test_registry" name="test_candidate_requires_current_evidence_approved_membership_and_task_class[runtime]" time="0.201" /><testcase classname="tests.projects.test_registry" name="test_candidate_requires_current_evidence_approved_membership_and_task_class[missing-reference]" time="0.197" /><testcase classname="tests.projects.test_registry" name="test_candidate_requires_current_evidence_approved_membership_and_task_class[unapproved]" time="0.216" /><testcase classname="tests.projects.test_registry" name="test_candidate_requires_current_evidence_approved_membership_and_task_class[weaker-class]" time="0.218" /><testcase classname="tests.projects.test_registry" name="test_profile_permission_requirements_need_explicit_correlated_registration[destination]" time="0.202" /><testcase classname="tests.projects.test_registry" name="test_profile_permission_requirements_need_explicit_correlated_registration[isolation]" time="0.199" /><testcase classname="tests.projects.test_registry" name="test_profile_permission_requirements_need_explicit_correlated_registration[authentication]" time="0.195" /><testcase classname="tests.projects.test_registry" name="test_repository_containing_control_storage_cannot_be_registered" time="0.121" /><testcase classname="tests.projects.test_registry" name="test_task_preview_uses_trusted_risk_floor_and_never_dispatches_t0[T0-standard-T1-TASK_NOT_READY]" time="0.214" /><testcase classname="tests.projects.test_registry" name="test_task_preview_uses_trusted_risk_floor_and_never_dispatches_t0[ready-critical-T3-None]" time="0.293" /><testcase classname="tests.projects.test_registry" name="test_task_specific_hard_requirements_exclude_candidates_without_a_fallback[unapproved]" time="0.215" /><testcase classname="tests.projects.test_registry" name="test_task_specific_hard_requirements_exclude_candidates_without_a_fallback[extra-capability]" time="0.225" /><testcase classname="tests.projects.test_registry" name="test_task_specific_hard_requirements_exclude_candidates_without_a_fallback[extra-stale-capability]" time="0.208" /><testcase classname="tests.projects.test_registry" name="test_task_specific_hard_requirements_exclude_candidates_without_a_fallback[author-attempt]" time="0.222" /><testcase classname="tests.projects.test_registry" name="test_task_specific_hard_requirements_exclude_candidates_without_a_fallback[author-family]" time="0.216" /><testcase classname="tests.projects.test_registry" name="test_a_malformed_budget_reference_is_a_draft_issue_not_an_exception" time="0.209" /><testcase classname="tests.projects.test_registry" name="test_mutation_identity_is_explicit_and_strict[-owner]" time="0.337" /><testcase classname="tests.projects.test_registry" name="test_mutation_identity_is_explicit_and_strict[x-]" time="0.115" /><testcase classname="tests.projects.test_registry" name="test_mutation_identity_is_explicit_and_strict[True-owner]" time="0.117" /><testcase classname="tests.projects.test_registry" name="test_preview_records_policy_revision_as_offline_evidence" time="0.209" /><testcase classname="tests.projects.test_registry" name="test_non_json_configuration_fails_with_a_stable_error" time="0.204" /><testcase classname="tests.projects.test_registry" name="test_discarded_configuration_cannot_be_applied_as_if_it_were_saved[document0]" time="0.209" /><testcase classname="tests.projects.test_registry" name="test_discarded_configuration_cannot_be_applied_as_if_it_were_saved[document1]" time="0.200" /><testcase classname="tests.projects.test_registry" name="test_current_configuration_export_returns_only_the_applied_storable_content" time="0.226" /><testcase classname="tests.projects.test_registry" name="test_standard_review_may_reuse_a_profile_but_requires_a_fresh_non_author_attempt" time="0.214" /><testcase classname="tests.projects.test_registry" name="test_native_authentication_payload_cannot_enter_persistent_configuration[settings0]" time="0.198" /><testcase classname="tests.projects.test_registry" name="test_native_authentication_payload_cannot_enter_persistent_configuration[settings1]" time="0.201" /><testcase classname="tests.projects.test_registry" name="test_native_authentication_payload_cannot_enter_persistent_configuration[settings2]" time="0.200" /><testcase classname="tests.projects.test_registry" name="test_public_object_identifiers_reject_unpaired_unicode_before_storage[get]" time="0.198" /><testcase classname="tests.projects.test_registry" name="test_public_object_identifiers_reject_unpaired_unicode_before_storage[get_configuration]" time="0.203" /><testcase classname="tests.projects.test_registry" name="test_public_object_identifiers_reject_unpaired_unicode_before_storage[update]" time="0.203" /><testcase classname="tests.projects.test_registry" name="test_public_object_identifiers_reject_unpaired_unicode_before_storage[preview]" time="0.203" /><testcase classname="tests.projects.test_registry" name="test_public_object_identifiers_reject_unpaired_unicode_before_storage[apply]" time="0.211" /><testcase classname="tests.routing.test_authorization" name="test_quality_selects_only_current_preapproved_stage_without_normal_group_intersection" time="0.006" /><testcase classname="tests.routing.test_authorization" name="test_new_group_member_cannot_expand_old_approval_and_quality_needs_failure_and_rounds" time="0.004" /><testcase classname="tests.routing.test_authorization" name="test_hard_constraints_remain_strict[maxclass-PROFILE_CLASS_INSUFFICIENT]" time="0.002" /><testcase classname="tests.routing.test_authorization" name="test_hard_constraints_remain_strict[role-ROLE_NOT_SUPPORTED]" time="0.002" /><testcase classname="tests.routing.test_authorization" name="test_hard_constraints_remain_strict[context-CONTEXT_CAPACITY_INSUFFICIENT]" time="0.002" /><testcase classname="tests.routing.test_authorization" name="test_hard_constraints_remain_strict[isolation-ISOLATION_INSUFFICIENT]" time="0.002" /><testcase classname="tests.routing.test_authorization" name="test_hard_constraints_remain_strict[tools-TOOL_NOT_AUTHORIZED]" time="0.002" /><testcase classname="tests.routing.test_authorization" name="test_hard_constraints_remain_strict[destination-DATA_DESTINATION_NOT_AUTHORIZED]" time="0.002" /><testcase classname="tests.routing.test_authorization" name="test_hard_constraints_remain_strict[ceiling-RUN_CEILING_PROFILE_DENIED]" time="0.002" /><testcase classname="tests.routing.test_authorization" name="test_hard_constraints_remain_strict[capability-CAPABILITY_UNQUALIFIED:rule_specific]" time="0.002" /><testcase classname="tests.routing.test_authorization" name="test_review_fresh_context_and_highest_author_scope_require_independent_family" time="0.006" /><testcase classname="tests.routing.test_budget_input" name="test_invalid_catalog_budget_has_a_stable_safe_routing_error[NaN]" time="0.001" /><testcase classname="tests.routing.test_budget_input" name="test_invalid_catalog_budget_has_a_stable_safe_routing_error[-1]" time="0.001" /><testcase classname="tests.routing.test_budget_input" name="test_invalid_catalog_budget_has_a_stable_safe_routing_error[1.0000001]" time="0.001" /><testcase classname="tests.routing.test_budget_input" name="test_invalid_catalog_budget_has_a_stable_safe_routing_error[not-a-number]" time="0.001" /><testcase classname="tests.routing.test_budget_input" name="test_unknown_catalog_budget_still_uses_missing_budget_decision" time="0.002" /><testcase classname="tests.routing.test_cash_and_sort" name="test_cash_needs_all_call_evidence_and_every_original_currency_ceiling[estimated_stop-BOUNDED_CALLS_REQUIRED]" time="0.003" /><testcase classname="tests.routing.test_cash_and_sort" name="test_cash_needs_all_call_evidence_and_every_original_currency_ceiling[unobserved-BOUNDED_CALLS_UNQUALIFIED]" time="0.003" /><testcase classname="tests.routing.test_cash_and_sort" name="test_cash_needs_all_call_evidence_and_every_original_currency_ceiling[partial-CASH_UPPER_BOUND_UNVERIFIED]" time="0.003" /><testcase classname="tests.routing.test_cash_and_sort" name="test_cash_needs_all_call_evidence_and_every_original_currency_ceiling[unknown-CASH_UPPER_BOUND_UNVERIFIED]" time="0.003" /><testcase classname="tests.routing.test_cash_and_sort" name="test_cash_needs_all_call_evidence_and_every_original_currency_ceiling[expired-PRICE_STALE_OR_MISMATCHED]" time="0.003" /><testcase classname="tests.routing.test_cash_and_sort" name="test_cash_needs_all_call_evidence_and_every_original_currency_ceiling[run-CASH_BUDGET_INSUFFICIENT]" time="0.003" /><testcase classname="tests.routing.test_cash_and_sort" name="test_cash_needs_all_call_evidence_and_every_original_currency_ceiling[account-CASH_BUDGET_INSUFFICIENT]" time="0.003" /><testcase classname="tests.routing.test_cash_and_sort" name="test_cash_needs_all_call_evidence_and_every_original_currency_ceiling[currency-CASH_BUDGET_MISSING]" time="0.004" /><testcase classname="tests.routing.test_cash_and_sort" name="test_unknown_latency_loses_to_known_and_hard_constraints_override_preference" time="0.004" /><testcase classname="tests.routing.test_cash_and_sort" name="test_missing_fx_skips_cash_for_entire_set_and_never_converts_budget" time="0.005" /><testcase classname="tests.routing.test_cli" name="test_evaluation_is_pure_even_with_process_network_and_database_access_forbidden" time="0.003" /><testcase classname="tests.routing.test_cli" name="test_cli_replays_complete_input_and_binds_source_hashes" time="0.468" /><testcase classname="tests.routing.test_cli" name="test_cli_rejects_ambiguous_or_invalid_json_without_creating_report[{&quot;task&quot;: {}, &quot;task&quot;: {}}]" time="0.213" /><testcase classname="tests.routing.test_cli" name="test_cli_rejects_ambiguous_or_invalid_json_without_creating_report[{&quot;task&quot;: NaN}]" time="0.216" /><testcase classname="tests.routing.test_cli" name="test_cli_rejects_ambiguous_or_invalid_json_without_creating_report[{&quot;task&quot;: &quot;\\ud800&quot;}]" time="0.216" /><testcase classname="tests.routing.test_compiler" name="test_compile_separates_display_version_and_execution_fields_without_mutation" time="0.006" /><testcase classname="tests.routing.test_compiler" name="test_empty_routing_requirements_cannot_be_published[eligible_groups]" time="0.001" /><testcase classname="tests.routing.test_compiler" name="test_empty_routing_requirements_cannot_be_published[capabilities_all]" time="0.001" /><testcase classname="tests.routing.test_compiler" name="test_domain_conjunctions_can_overlap_even_when_names_differ" time="0.001" /><testcase classname="tests.routing.test_compiler" name="test_structural_contract_gaps_are_rejected[duplicate-stage]" time="0.001" /><testcase classname="tests.routing.test_compiler" name="test_structural_contract_gaps_are_rejected[empty-rules]" time="0.001" /><testcase classname="tests.routing.test_compiler" name="test_structural_contract_gaps_are_rejected[empty-queue]" time="0.001" /><testcase classname="tests.routing.test_compiler" name="test_structural_contract_gaps_are_rejected[numeric-permission]" time="0.001" /><testcase classname="tests.routing.test_compiler" name="test_structural_contract_gaps_are_rejected[incompatible-purpose]" time="0.001" /><testcase classname="tests.routing.test_compiler" name="test_same_priority_overlap_is_not_ambiguous_when_a_higher_rule_always_wins" time="0.001" /><testcase classname="tests.routing.test_compiler" name="test_bad_unicode_and_unknown_fields_produce_safe_structured_errors" time="0.001" /><testcase classname="tests.routing.test_compiler" name="test_profile_fingerprint_matches_existing_catalog_for_non_ascii_bindings" time="0.001" /><testcase classname="tests.routing.test_compiler" name="test_preparsed_documents_do_not_convert_numbers_into_permission_booleans[rulebook]" time="0.001" /><testcase classname="tests.routing.test_compiler" name="test_preparsed_documents_do_not_convert_numbers_into_permission_booleans[policy]" time="0.001" /><testcase classname="tests.routing.test_compiler" name="test_preparsed_documents_do_not_convert_numbers_into_permission_booleans[false-permission]" time="0.001" /><testcase classname="tests.routing.test_invalid_inputs" name="test_non_finite_negative_excess_precision_and_numeric_quota_are_rejected[NaN]" time="0.001" /><testcase classname="tests.routing.test_invalid_inputs" name="test_non_finite_negative_excess_precision_and_numeric_quota_are_rejected[Infinity]" time="0.001" /><testcase classname="tests.routing.test_invalid_inputs" name="test_non_finite_negative_excess_precision_and_numeric_quota_are_rejected[-1]" time="0.001" /><testcase classname="tests.routing.test_invalid_inputs" name="test_non_finite_negative_excess_precision_and_numeric_quota_are_rejected[1.0000001]" time="0.001" /><testcase classname="tests.routing.test_invalid_inputs" name="test_non_finite_negative_excess_precision_and_numeric_quota_are_rejected[99999999999999999999]" time="0.001" /><testcase classname="tests.routing.test_invalid_inputs" name="test_non_finite_negative_excess_precision_and_numeric_quota_are_rejected[1.0]" time="0.001" /><testcase classname="tests.routing.test_invalid_inputs" name="test_duplicate_fact_identity_is_rejected[account]" time="0.002" /><testcase classname="tests.routing.test_invalid_inputs" name="test_duplicate_fact_identity_is_rejected[pool]" time="0.002" /><testcase classname="tests.routing.test_invalid_inputs" name="test_duplicate_fact_identity_is_rejected[estimate]" time="0.002" /><testcase classname="tests.routing.test_invalid_inputs" name="test_duplicate_fact_identity_is_rejected[profile]" time="0.002" /><testcase classname="tests.routing.test_invalid_inputs" name="test_duplicate_fact_identity_is_rejected[capability]" time="0.001" /><testcase classname="tests.routing.test_invalid_inputs" name="test_missing_risk_mapping_and_path_aliases_cannot_downgrade_a_task" time="0.003" /><testcase classname="tests.routing.test_invalid_inputs" name="test_fixture_builder_cannot_synthesize_live_profile_qualification" time="0.001" /><testcase classname="tests.routing.test_invalid_inputs" name="test_native_credential_fields_are_rejected_before_snapshots_or_fixture_export" time="0.002" /><testcase classname="tests.routing.test_resources" name="test_short_window_cannot_hide_exhausted_long_window_and_pressure_keeps_components" time="0.003" /><testcase classname="tests.routing.test_resources" name="test_capacity_hard_filters[policy-CAPACITY_POLICY_NOT_CURRENT]" time="0.002" /><testcase classname="tests.routing.test_resources" name="test_capacity_hard_filters[window-DEMAND_WINDOW_MISMATCH:service-fixture]" time="0.002" /><testcase classname="tests.routing.test_resources" name="test_capacity_hard_filters[pool-POOL_SNAPSHOT_MISSING:service-fixture]" time="0.002" /><testcase classname="tests.routing.test_resources" name="test_capacity_hard_filters[demand-DEMAND_VECTOR_INCOMPLETE]" time="0.002" /><testcase classname="tests.routing.test_resources" name="test_capacity_hard_filters[slots-CONCURRENCY_UNAVAILABLE]" time="0.002" /><testcase classname="tests.routing.test_resources" name="test_capacity_hard_filters[duration-DURATION_LIMIT_EXCEEDED]" time="0.002" /><testcase classname="tests.routing.test_resources" name="test_capacity_hard_filters[stale-OBSERVATION_STALE:service-fixture]" time="0.002" /><testcase classname="tests.routing.test_resources" name="test_capacity_hard_filters[exhaustion-EXHAUSTION_REQUIRES_NEW_OBSERVATION]" time="0.002" /><testcase classname="tests.routing.test_resources" name="test_unknown_quota_needs_finite_conservative_policy_and_never_becomes_zero" time="0.003" /><testcase classname="tests.routing.test_resources" name="test_unknown_demand_confidence_does_not_bypass_conservative_authorization" time="0.002" /><testcase classname="tests.routing.test_resources" name="test_conservative_mode_preserves_commander_slot_inside_its_smaller_ceiling" time="0.003" /><testcase classname="tests.routing.test_resources" name="test_lead_rule_can_deny_access_to_commander_protection" time="0.003" /><testcase classname="tests.routing.test_resources" name="test_mixed_known_and_unknown_pools_keep_known_pressure_and_unknown_uncertainty" time="0.002" /><testcase classname="tests.routing.test_routing" name="test_default_rulebook_compiles_and_fixed_snapshot_repeats_without_mutation" time="0.003" /><testcase classname="tests.routing.test_routing" name="test_rule_priority_selects_highest_unique_match_and_equal_priority_is_ambiguous" time="0.003" /><testcase classname="tests.routing.test_routing" name="test_risk_comes_from_trusted_mapping_and_paths_while_t0_never_becomes_complexity" time="0.003" /><testcase classname="tests.routing.test_routing" name="test_compiler_refuses_unknown_expressions_and_unresolved_groups" time="0.001" /><testcase classname="tests.contract.test_probe_cli.ProbeCliTests" name="test_accepted_feedback_cannot_silently_change_billing" time="0.169" /><testcase classname="tests.contract.test_probe_cli.ProbeCliTests" name="test_an_empty_capability_requirement_is_invalid" time="0.169" /><testcase classname="tests.contract.test_probe_cli.ProbeCliTests" name="test_attempt_must_reference_the_supplied_profile_revision" time="0.166" /><testcase classname="tests.contract.test_probe_cli.ProbeCliTests" name="test_attempt_without_a_required_permission_is_rejected" time="0.164" /><testcase classname="tests.contract.test_probe_cli.ProbeCliTests" name="test_cli_has_zero_process_and_network_effects_on_valid_and_invalid_input" time="0.324" /><testcase classname="tests.contract.test_probe_cli.ProbeCliTests" name="test_conflicting_duplicate_event_ids_are_rejected" time="0.162" /><testcase classname="tests.contract.test_probe_cli.ProbeCliTests" name="test_each_capability_preserves_its_evidence_and_limitations" time="0.164" /><testcase classname="tests.contract.test_probe_cli.ProbeCliTests" name="test_empty_provider_report_is_explicitly_unknown" time="0.163" /><testcase classname="tests.contract.test_probe_cli.ProbeCliTests" name="test_events_from_a_different_attempt_fence_are_rejected" time="0.163" /><testcase classname="tests.contract.test_probe_cli.ProbeCliTests" name="test_failed_report_summary_does_not_claim_a_pass" time="0.161" /><testcase classname="tests.contract.test_probe_cli.ProbeCliTests" name="test_identical_duplicate_events_are_coalesced_and_counted" time="0.164" /><testcase classname="tests.contract.test_probe_cli.ProbeCliTests" name="test_missing_accepted_feedback_remains_unknown" time="0.169" /><testcase classname="tests.contract.test_probe_cli.ProbeCliTests" name="test_multiple_results_cannot_disagree_about_one_capability" time="0.159" /><testcase classname="tests.contract.test_probe_cli.ProbeCliTests" name="test_native_settings_must_match_json_types_not_python_coercions" time="0.163" /><testcase classname="tests.contract.test_probe_cli.ProbeCliTests" name="test_nonrequired_observed_capability_nonpass_keeps_the_report_nonpassed" time="0.166" /><testcase classname="tests.contract.test_probe_cli.ProbeCliTests" name="test_partial_provider_settings_only_compare_parameters_actually_reported" time="0.168" /><testcase classname="tests.contract.test_probe_cli.ProbeCliTests" name="test_passed_capability_requires_an_evidence_reference_in_provenance" time="0.329" /><testcase classname="tests.contract.test_probe_cli.ProbeCliTests" name="test_provenance_must_match_the_bound_runtime_version" time="0.157" /><testcase classname="tests.contract.test_probe_cli.ProbeCliTests" name="test_provider_observations_include_verifiable_sanitized_values" time="0.163" /><testcase classname="tests.contract.test_probe_cli.ProbeCliTests" name="test_provider_report_is_partial_and_cannot_replace_acceptance" time="0.163" /><testcase classname="tests.contract.test_probe_cli.ProbeCliTests" name="test_provider_reported_model_mismatch_is_rejected" time="0.167" /><testcase classname="tests.contract.test_probe_cli.ProbeCliTests" name="test_report_carries_reproducible_metadata_without_inventing_call_coverage" time="0.166" /><testcase classname="tests.contract.test_probe_cli.ProbeCliTests" name="test_requested_native_settings_cannot_change_the_profile_binding" time="0.163" /><testcase classname="tests.contract.test_probe_cli.ProbeCliTests" name="test_required_capabilities_never_promote_nonpasses_to_passed" time="0.476" /><testcase classname="tests.contract.test_probe_cli.ProbeCliTests" name="test_required_capability_without_an_observation_is_not_run" time="0.163" /><testcase classname="tests.contract.test_probe_cli.ProbeCliTests" name="test_required_references_and_strict_identity_types_cannot_be_omitted" time="0.644" /><testcase classname="tests.contract.test_probe_cli.ProbeCliTests" name="test_unconfigured_model_is_rejected_without_echoing_input_secrets" time="0.158" /><testcase classname="tests.contract.test_probe_cli.ProbeCliTests" name="test_unreadable_and_malformed_inputs_return_safe_json_errors" time="0.480" /><testcase classname="tests.contract.test_probe_cli.ProbeCliTests" name="test_valid_fixture_reports_contract_pass_without_live_qualification" time="0.168" /></testsuite></testsuites>