<?xml version="1.0" encoding="utf-8"?><testsuites name="pytest tests"><testsuite name="pytest" errors="0" failures="0" skipped="0" tests="19" time="24.242" timestamp="2026-09-06T13:02:32.643446+08:00" hostname="ProArt-Zhou"><testcase classname="tests.projects.test_qualification_store" name="test_public_qualification_persists_real_process_observation_and_revocation" time="1.592" /><testcase classname="tests.projects.test_qualification_store" name="test_expiry_and_frozen_identity_mismatch_fail_closed" time="1.148" /><testcase classname="tests.projects.test_qualification_store" name="test_current_identity_changes_do_not_reuse_old_observation[enabled]" time="1.310" /><testcase classname="tests.projects.test_qualification_store" name="test_current_identity_changes_do_not_reuse_old_observation[account_provider]" time="1.282" /><testcase classname="tests.projects.test_qualification_store" name="test_current_identity_changes_do_not_reuse_old_observation[channel_approval]" time="1.273" /><testcase classname="tests.projects.test_qualification_store" name="test_current_identity_changes_do_not_reuse_old_observation[family]" time="1.294" /><testcase classname="tests.projects.test_qualification_store" name="test_current_identity_changes_do_not_reuse_old_observation[permissions]" time="1.280" /><testcase classname="tests.projects.test_qualification_store" name="test_current_identity_changes_do_not_reuse_old_observation[model]" time="1.296" /><testcase classname="tests.projects.test_qualification_store" name="test_current_identity_changes_do_not_reuse_old_observation[runtime]" time="1.310" /><testcase classname="tests.projects.test_qualification_store" name="test_current_identity_changes_do_not_reuse_old_observation[auth_ref]" time="1.283" /><testcase classname="tests.projects.test_qualification_store" name="test_current_identity_changes_do_not_reuse_old_observation[billing]" time="1.259" /><testcase classname="tests.projects.test_qualification_store" name="test_missing_observation_and_runtime_tools_are_never_promoted" time="1.162" /><testcase classname="tests.projects.test_qualification_store" name="test_unknown_source_is_rejected_before_any_process_or_start" time="1.010" /><testcase classname="tests.projects.test_qualification_store" name="test_owner_and_idempotency_are_enforced" time="1.200" /><testcase classname="tests.projects.test_qualification_store" name="test_later_failed_observation_blocks_previous_pass" time="1.328" /><testcase classname="tests.projects.test_qualification_store" name="test_clock_rollback_and_execution_path_changes_reject" time="1.137" /><testcase classname="tests.projects.test_qualification_store" name="test_guard_returns_current_catalog_and_stable_profile_reasons" time="1.129" /><testcase classname="tests.projects.test_qualification_store" name="test_guard_blocks_concurrent_revocation_until_admission_section_exits" time="1.244" /><testcase classname="tests.projects.test_qualification_store" name="test_same_command_in_progress_never_runs_second_process_set" time="1.148" /></testsuite></testsuites>