<?xml version="1.0" encoding="utf-8"?><testsuites name="pytest tests"><testsuite name="pytest" errors="0" failures="0" skipped="0" tests="5" time="189.057" timestamp="2026-09-06T16:19:37.183864+08:00" hostname="ProArt-Zhou"><testcase classname=".cache.go-profile-qualification-spec.test_public_persistence" name="test_fixed_facts_replay_scope_source_expiry_and_revocation" time="38.280" /><testcase classname=".cache.go-profile-qualification-spec.test_public_persistence" name="test_lost_completion_is_latest_unknown_and_reopen_never_resends" time="59.611" /><testcase classname=".cache.go-profile-qualification-spec.test_public_persistence" name="test_source_change_during_actual_tools_preserves_failed_history[profile]" time="29.803" /><testcase classname=".cache.go-profile-qualification-spec.test_public_persistence" name="test_source_change_during_actual_tools_preserves_failed_history[credential_revoke]" time="30.279" /><testcase classname=".cache.go-profile-qualification-spec.test_public_persistence" name="test_source_change_during_actual_tools_preserves_failed_history[credential_rotation]" time="30.244" /></testsuite></testsuites>