<?xml version="1.0" encoding="utf-8"?><testsuites name="pytest tests"><testsuite name="pytest" errors="0" failures="0" skipped="0" tests="5" time="7.663" timestamp="2026-09-06T21:34:36.970985+08:00" hostname="ProArt-Zhou"><testcase classname="tests.runs.test_go_task_collector" name="test_lost_candidate_reply_recovers_exact_history_after_cancel_without_live_source" time="1.597" /><testcase classname="tests.runs.test_go_task_collector" name="test_current_collection_gate_failure_preserves_capture_but_never_freezes[source_first]" time="1.251" /><testcase classname="tests.runs.test_go_task_collector" name="test_current_collection_gate_failure_preserves_capture_but_never_freezes[source_final]" time="1.257" /><testcase classname="tests.runs.test_go_task_collector" name="test_current_collection_gate_failure_preserves_capture_but_never_freezes[approval]" time="1.263" /><testcase classname="tests.runs.test_go_task_collector" name="test_current_collection_gate_failure_preserves_capture_but_never_freezes[host_profile]" time="1.292" /></testsuite></testsuites>