<?xml version="1.0" encoding="utf-8"?><testsuites name="pytest tests"><testsuite name="pytest" errors="0" failures="0" skipped="0" tests="24" time="0.919" timestamp="2026-09-06T10:07:08.241794+08:00" hostname="ProArt-Zhou"><testcase classname="tests.capacity.test_routing_facts" name="test_fixed_capture_is_immutable_repeatable_and_leaves_every_table_unchanged" time="0.036" /><testcase classname="tests.capacity.test_routing_facts" name="test_raw_remaining_uncovered_and_future_are_separate_and_explicit_coverage_is_not_double_used" time="0.053" /><testcase classname="tests.capacity.test_routing_facts" name="test_all_account_pools_and_runs_share_one_held_count" time="0.049" /><testcase classname="tests.capacity.test_routing_facts" name="test_expired_unsent_is_excluded_without_write_while_active_and_unknown_still_hold" time="0.053" /><testcase classname="tests.capacity.test_routing_facts" name="test_ended_usage_survives_and_only_proved_fixed_window_reset_excludes_attributed_usage" time="0.050" /><testcase classname="tests.capacity.test_routing_facts" name="test_nonfixed_windows_never_infer_coverage_from_elapsed_time[rolling]" time="0.025" /><testcase classname="tests.capacity.test_routing_facts" name="test_nonfixed_windows_never_infer_coverage_from_elapsed_time[unknown]" time="0.024" /><testcase classname="tests.capacity.test_routing_facts" name="test_nonfixed_windows_never_infer_coverage_from_elapsed_time[balance]" time="0.034" /><testcase classname="tests.capacity.test_routing_facts" name="test_unknown_keeps_latest_numeric_and_late_unapplied_report_cannot_replace_source" time="0.041" /><testcase classname="tests.capacity.test_routing_facts" name="test_missing_report_policy_stale_and_exhaustion_after_cooldown_remain_distinct" time="0.036" /><testcase classname="tests.capacity.test_routing_facts" name="test_negative_remaining_and_oversized_aggregate_are_preserved_with_conversion_gap" time="0.043" /><testcase classname="tests.capacity.test_routing_facts" name="test_capture_sees_one_sqlite_snapshot_during_real_policy_and_usage_updates" time="0.055" /><testcase classname="tests.capacity.test_routing_facts" name="test_invalid_selection_fails_without_mutation[selection0]" time="0.026" /><testcase classname="tests.capacity.test_routing_facts" name="test_invalid_selection_fails_without_mutation[selection1]" time="0.028" /><testcase classname="tests.capacity.test_routing_facts" name="test_invalid_selection_fails_without_mutation[selection2]" time="0.025" /><testcase classname="tests.capacity.test_routing_facts" name="test_invalid_selection_fails_without_mutation[selection3]" time="0.026" /><testcase classname="tests.capacity.test_routing_facts" name="test_invalid_selection_fails_without_mutation[selection4]" time="0.026" /><testcase classname="tests.capacity.test_routing_facts" name="test_unknown_account_and_empty_selection_are_explicit" time="0.025" /><testcase classname="tests.capacity.test_routing_facts" name="test_invalid_trusted_clock_fails_without_mutation[True]" time="0.025" /><testcase classname="tests.capacity.test_routing_facts" name="test_invalid_trusted_clock_fails_without_mutation[inf]" time="0.025" /><testcase classname="tests.capacity.test_routing_facts" name="test_invalid_trusted_clock_fails_without_mutation[nan]" time="0.027" /><testcase classname="tests.capacity.test_routing_facts" name="test_invalid_trusted_clock_fails_without_mutation[1000]" time="0.025" /><testcase classname="tests.capacity.test_routing_facts" name="test_invalid_trusted_clock_fails_without_mutation[100000000000000000000000000000000000000000000000000000000000000000000000000000000000000000000000000000000000000000000000000000000000000000000000000000000000000000000000000000000000000000000000000000000000000000000000000000000000000000000000000000000000000000000000000000000000000000000000000000000000000000000000000000000000000000000000000000000000000000000000000000000000000000000000000000000000000000000000000000000000000000000000000000000000000000000000000000000000000000000000000000000000000000000]" time="0.024" /><testcase classname="tests.capacity.test_routing_facts" name="test_capture_reads_once_and_never_recreates_a_missing_database" time="0.005" /></testsuite></testsuites>