<?xml version="1.0" encoding="utf-8"?><testsuites name="pytest tests"><testsuite name="pytest" errors="0" failures="0" skipped="0" tests="37" time="1.041" timestamp="2026-09-06T11:13:50.909057+08:00" hostname="ProArt-Zhou"><testcase classname="examples.opencode-go-live.spec.test_public_probe" name="test_synthetic_scenarios_have_independent_success_criteria[edit]" time="0.021" /><testcase classname="examples.opencode-go-live.spec.test_public_probe" name="test_synthetic_scenarios_have_independent_success_criteria[denied_read]" time="0.016" /><testcase classname="examples.opencode-go-live.spec.test_public_probe" name="test_public_probe_cannot_pass_incomplete_or_contradictory_evidence[edit-no_tools-EDIT_TOOL_EVIDENCE_MISSING]" time="0.016" /><testcase classname="examples.opencode-go-live.spec.test_public_probe" name="test_public_probe_cannot_pass_incomplete_or_contradictory_evidence[edit-unchanged_edit-FIXTURE_BEHAVIOR_FAILED]" time="0.016" /><testcase classname="examples.opencode-go-live.spec.test_public_probe" name="test_public_probe_cannot_pass_incomplete_or_contradictory_evidence[edit-wrong_path-UNEXPECTED_TOOL_RESULT]" time="0.015" /><testcase classname="examples.opencode-go-live.spec.test_public_probe" name="test_public_probe_cannot_pass_incomplete_or_contradictory_evidence[edit-extra_file-WORKSPACE_CHANGED]" time="0.016" /><testcase classname="examples.opencode-go-live.spec.test_public_probe" name="test_public_probe_cannot_pass_incomplete_or_contradictory_evidence[edit-model_drift-NATIVE_EXECUTION_INCOMPLETE]" time="0.016" /><testcase classname="examples.opencode-go-live.spec.test_public_probe" name="test_public_probe_cannot_pass_incomplete_or_contradictory_evidence[edit-last_incomplete-NATIVE_EXECUTION_INCOMPLETE]" time="0.015" /><testcase classname="examples.opencode-go-live.spec.test_public_probe" name="test_public_probe_cannot_pass_incomplete_or_contradictory_evidence[edit-session_error-NATIVE_EXECUTION_INCOMPLETE]" time="0.015" /><testcase classname="examples.opencode-go-live.spec.test_public_probe" name="test_public_probe_cannot_pass_incomplete_or_contradictory_evidence[edit-provider_error-PROVIDER_PROTOCOL_INCOMPLETE]" time="0.014" /><testcase classname="examples.opencode-go-live.spec.test_public_probe" name="test_public_probe_cannot_pass_incomplete_or_contradictory_evidence[edit-empty_receipts-PROVIDER_PROTOCOL_INCOMPLETE]" time="0.015" /><testcase classname="examples.opencode-go-live.spec.test_public_probe" name="test_public_probe_cannot_pass_incomplete_or_contradictory_evidence[edit-relay_cleanup-CLEANUP_INCOMPLETE]" time="0.017" /><testcase classname="examples.opencode-go-live.spec.test_public_probe" name="test_public_probe_cannot_pass_incomplete_or_contradictory_evidence[edit-server_cleanup_raise-CLEANUP_INCOMPLETE]" time="0.016" /><testcase classname="examples.opencode-go-live.spec.test_public_probe" name="test_public_probe_cannot_pass_incomplete_or_contradictory_evidence[edit-credential_leak-CREDENTIAL_SCAN_FAILED]" time="0.016" /><testcase classname="examples.opencode-go-live.spec.test_public_probe" name="test_public_probe_cannot_pass_incomplete_or_contradictory_evidence[edit-credential_split-CREDENTIAL_SCAN_FAILED]" time="0.019" /><testcase classname="examples.opencode-go-live.spec.test_public_probe" name="test_public_probe_cannot_pass_incomplete_or_contradictory_evidence[denied_read-generic_denial-PERMISSION_DENIAL_NOT_OBSERVED]" time="0.016" /><testcase classname="examples.opencode-go-live.spec.test_public_probe" name="test_public_probe_cannot_pass_incomplete_or_contradictory_evidence[denied_read-denied_modified-WORKSPACE_CHANGED]" time="0.015" /><testcase classname="examples.opencode-go-live.spec.test_public_probe" name="test_public_probe_cannot_pass_incomplete_or_contradictory_evidence[denied_read-canary_upstream-PROVIDER_PROTOCOL_INCOMPLETE]" time="0.014" /><testcase classname="examples.opencode-go-live.spec.test_public_probe" name="test_preflight_mismatch_sends_no_prompt[runtime_version]" time="0.015" /><testcase classname="examples.opencode-go-live.spec.test_public_probe" name="test_preflight_mismatch_sends_no_prompt[configuration]" time="0.015" /><testcase classname="examples.opencode-go-live.spec.test_public_probe" name="test_preflight_mismatch_sends_no_prompt[workspace]" time="0.015" /><testcase classname="examples.opencode-go-live.spec.test_public_probe" name="test_timeout_or_abort_error_still_cleans_both_boundaries[timeout]" time="0.015" /><testcase classname="examples.opencode-go-live.spec.test_public_probe" name="test_timeout_or_abort_error_still_cleans_both_boundaries[abort_error]" time="0.014" /><testcase classname="examples.opencode-go-live.spec.test_public_probe" name="test_cli_without_live_stops_before_any_boundary_or_file_read" time="0.002" /><testcase classname="examples.opencode-go-live.spec.test_public_probe" name="test_missing_credential_never_constructs_relay_or_starts_runtime" time="0.002" /><testcase classname="examples.opencode-go-live.spec.test_public_probe" name="test_unreadable_artifact_keeps_scan_incomplete_and_result_failed" time="0.016" /><testcase classname="examples.opencode-go-live.spec.test_public_probe" name="test_existing_output_rejects_before_credential_read_and_preserves_artifacts" time="0.004" /><testcase classname="examples.opencode-go-live.spec.test_public_probe" name="test_unapproved_type_parameter_expression_is_not_a_safe_fixture" time="0.016" /><testcase classname="examples.opencode-go-live.spec.test_public_probe" name="test_relay_failure_aborts_on_first_poll_without_waiting_for_native_completion" time="0.015" /><testcase classname="examples.opencode-go-live.standards.independent_cases" name="test_upstream_credential_echo_never_reaches_native_runtime[literal]" time="0.103" /><testcase classname="examples.opencode-go-live.standards.independent_cases" name="test_upstream_credential_echo_never_reaches_native_runtime[json-unicode-escaped]" time="0.062" /><testcase classname="examples.opencode-go-live.standards.independent_cases" name="test_clean_upstream_stream_still_passes_without_content_in_receipts" time="0.061" /><testcase classname="examples.opencode-go-live.standards.independent_cases" name="test_fragmented_upstream_credential_echo_is_not_forwarded[content]" time="0.060" /><testcase classname="examples.opencode-go-live.standards.independent_cases" name="test_fragmented_upstream_credential_echo_is_not_forwarded[reasoning_content]" time="0.061" /><testcase classname="examples.opencode-go-live.standards.independent_cases" name="test_fragmented_upstream_credential_echo_is_not_forwarded[arguments]" time="0.061" /><testcase classname="examples.opencode-go-live.standards.independent_cases" name="test_incomplete_upstream_stream_cannot_be_forwarded_as_success" time="0.062" /><testcase classname="examples.opencode-go-live.standards.independent_cases" name="test_credential_scan_detects_cross_chunk_boundary" time="0.007" /></testsuite></testsuites>