<?xml version="1.0" encoding="utf-8"?><testsuites name="pytest tests"><testsuite name="pytest" errors="0" failures="0" skipped="0" tests="82" time="9.818" timestamp="2026-09-06T11:07:36.713973+08:00" hostname="ProArt-Zhou"><testcase classname="tests.adapters.opencode.test_go_relay" name="test_complete_stream_keeps_real_credential_only_at_upstream" time="0.140" /><testcase classname="tests.adapters.opencode.test_go_relay" name="test_invalid_request_cannot_send_upstream[patch0]" time="0.067" /><testcase classname="tests.adapters.opencode.test_go_relay" name="test_invalid_request_cannot_send_upstream[patch1]" time="0.071" /><testcase classname="tests.adapters.opencode.test_go_relay" name="test_invalid_request_cannot_send_upstream[patch2]" time="0.068" /><testcase classname="tests.adapters.opencode.test_go_relay" name="test_invalid_request_cannot_send_upstream[patch3]" time="0.067" /><testcase classname="tests.adapters.opencode.test_go_relay" name="test_invalid_request_cannot_send_upstream[patch4]" time="0.068" /><testcase classname="tests.adapters.opencode.test_go_relay" name="test_invalid_request_cannot_send_upstream[patch5]" time="0.065" /><testcase classname="tests.adapters.opencode.test_go_relay" name="test_invalid_request_cannot_send_upstream[patch6]" time="0.082" /><testcase classname="tests.adapters.opencode.test_go_relay" name="test_invalid_request_cannot_send_upstream[patch7]" time="0.065" /><testcase classname="tests.adapters.opencode.test_go_relay" name="test_invalid_request_cannot_send_upstream[patch8]" time="0.067" /><testcase classname="tests.adapters.opencode.test_go_relay" name="test_invalid_request_cannot_send_upstream[patch9]" time="0.067" /><testcase classname="tests.adapters.opencode.test_go_relay" name="test_json_root_must_be_an_object[body0]" time="0.067" /><testcase classname="tests.adapters.opencode.test_go_relay" name="test_json_root_must_be_an_object[42]" time="0.067" /><testcase classname="tests.adapters.opencode.test_go_relay" name="test_json_root_must_be_an_object[True]" time="0.067" /><testcase classname="tests.adapters.opencode.test_go_relay" name="test_json_root_must_be_an_object[secret]" time="0.067" /><testcase classname="tests.adapters.opencode.test_go_relay" name="test_local_path_is_exact[/chat/completions?x=1]" time="0.071" /><testcase classname="tests.adapters.opencode.test_go_relay" name="test_local_path_is_exact[/chat/completions/]" time="0.068" /><testcase classname="tests.adapters.opencode.test_go_relay" name="test_local_path_is_exact[/models]" time="0.068" /><testcase classname="tests.adapters.opencode.test_go_relay" name="test_capability_and_session_are_required_and_never_forward_arbitrary_headers" time="0.100" /><testcase classname="tests.adapters.opencode.test_go_relay" name="test_invalid_json_is_safely_rejected[{&quot;model&quot;:&quot;glm-5.3-flash&quot;,&quot;model&quot;:&quot;other&quot;}]" time="0.066" /><testcase classname="tests.adapters.opencode.test_go_relay" name="test_invalid_json_is_safely_rejected[{&quot;temperature&quot;:NaN}]" time="0.067" /><testcase classname="tests.adapters.opencode.test_go_relay" name="test_invalid_json_is_safely_rejected[{]" time="0.067" /><testcase classname="tests.adapters.opencode.test_go_relay" name="test_invalid_json_is_safely_rejected[\xff]" time="0.066" /><testcase classname="tests.adapters.opencode.test_go_relay" name="test_request_body_limit_prevents_upstream_send" time="0.057" /><testcase classname="tests.adapters.opencode.test_go_relay" name="test_upstream_errors_never_echo_body_or_follow_redirects[302]" time="0.070" /><testcase classname="tests.adapters.opencode.test_go_relay" name="test_upstream_errors_never_echo_body_or_follow_redirects[401]" time="0.066" /><testcase classname="tests.adapters.opencode.test_go_relay" name="test_upstream_errors_never_echo_body_or_follow_redirects[429]" time="0.064" /><testcase classname="tests.adapters.opencode.test_go_relay" name="test_upstream_errors_never_echo_body_or_follow_redirects[500]" time="0.067" /><testcase classname="tests.adapters.opencode.test_go_relay" name="test_incomplete_or_foreign_stream_is_never_forwarded_as_success[data: {&quot;model&quot;: &quot;foreign-provider-model&quot;, &quot;choices&quot;: [{&quot;index&quot;: 0, &quot;delta&quot;: {&quot;tool_calls&quot;: null}, &quot;finish_reason&quot;: &quot;stop&quot;}]}\n\ndata: [DONE]\n\n-MODEL_MISMATCH]" time="0.069" /><testcase classname="tests.adapters.opencode.test_go_relay" name="test_incomplete_or_foreign_stream_is_never_forwarded_as_success[data: {&quot;choices&quot;: [{&quot;index&quot;: 0, &quot;delta&quot;: {&quot;tool_calls&quot;: null}, &quot;finish_reason&quot;: &quot;stop&quot;}]}\n\ndata: [DONE]\n\n-MISSING_MODEL]" time="0.068" /><testcase classname="tests.adapters.opencode.test_go_relay" name="test_incomplete_or_foreign_stream_is_never_forwarded_as_success[data: {&quot;model&quot;: &quot;glm-5.3-flash&quot;, &quot;choices&quot;: [{&quot;index&quot;: 0, &quot;delta&quot;: {&quot;tool_calls&quot;: null}, &quot;finish_reason&quot;: &quot;stop&quot;}]}\n\n-INCOMPLETE_SSE]" time="0.067" /><testcase classname="tests.adapters.opencode.test_go_relay" name="test_incomplete_or_foreign_stream_is_never_forwarded_as_success[data: {&quot;model&quot;: &quot;glm-5.3-flash&quot;, &quot;choices&quot;: [{&quot;index&quot;: 0, &quot;delta&quot;: {&quot;tool_calls&quot;: null}, &quot;finish_reason&quot;: &quot;stop&quot;}]}\n\ndata: [DONE]\n-INCOMPLETE_SSE]" time="0.067" /><testcase classname="tests.adapters.opencode.test_go_relay" name="test_incomplete_or_foreign_stream_is_never_forwarded_as_success[data: {&quot;model&quot;: &quot;glm-5.3-flash&quot;, &quot;choices&quot;: [{&quot;index&quot;: 0, &quot;delta&quot;: {&quot;tool_calls&quot;: null}, &quot;finish_reason&quot;: &quot;stop&quot;}]}\n\ndata: [DONE]\n\ndata: {&quot;model&quot;: &quot;glm-5.3-flash&quot;, &quot;choices&quot;: [{&quot;index&quot;: 0, &quot;delta&quot;: {&quot;tool_calls&quot;: null}, &quot;finish_reason&quot;: &quot;stop&quot;}]}\n\ndata: [DONE]\n\n-DATA_AFTER_TERMINATOR]" time="0.069" /><testcase classname="tests.adapters.opencode.test_go_relay" name="test_incomplete_or_foreign_stream_is_never_forwarded_as_success[data: {&quot;model&quot;: &quot;glm-5.3-flash&quot;, &quot;choices&quot;: [{&quot;delta&quot;: {}, &quot;finish_reason&quot;: &quot;length&quot;}]}\n\ndata: [DONE]\n\n-UNSUCCESSFUL_FINISH]" time="0.067" /><testcase classname="tests.adapters.opencode.test_go_relay" name="test_incomplete_or_foreign_stream_is_never_forwarded_as_success[data: {&quot;error&quot;: {&quot;message&quot;: &quot;private-provider-error&quot;}}\n\ndata: [DONE]\n\n-UPSTREAM_ERROR_EVENT]" time="0.066" /><testcase classname="tests.adapters.opencode.test_go_relay" name="test_incomplete_or_foreign_stream_is_never_forwarded_as_success[data: {&quot;model&quot;: &quot;glm-5.3-flash&quot;, &quot;choices&quot;: [{&quot;delta&quot;: {}, &quot;finish_reason&quot;: null}]}\n\ndata: [DONE]\n\n-INCOMPLETE_SSE]" time="0.067" /><testcase classname="tests.adapters.opencode.test_go_relay" name="test_incomplete_or_foreign_stream_is_never_forwarded_as_success[data: invalid-json\n\n-INVALID_SSE_JSON]" time="0.069" /><testcase classname="tests.adapters.opencode.test_go_relay" name="test_usage_requires_bounded_integers[True]" time="0.067" /><testcase classname="tests.adapters.opencode.test_go_relay" name="test_usage_requires_bounded_integers[-1]" time="0.067" /><testcase classname="tests.adapters.opencode.test_go_relay" name="test_usage_requires_bounded_integers[1.5]" time="0.067" /><testcase classname="tests.adapters.opencode.test_go_relay" name="test_usage_requires_bounded_integers[private-non-numeric]" time="0.067" /><testcase classname="tests.adapters.opencode.test_go_relay" name="test_usage_requires_bounded_integers[9223372036854775808]" time="0.067" /><testcase classname="tests.adapters.opencode.test_go_relay" name="test_tool_loop_usage_and_detached_receipts_preserve_only_allowlisted_facts" time="0.067" /><testcase classname="tests.adapters.opencode.test_go_relay" name="test_unapproved_tool_name_is_rejected_without_retaining_its_text" time="0.064" /><testcase classname="tests.adapters.opencode.test_go_relay" name="test_credentials_split_over_deltas_never_reach_native[content]" time="0.067" /><testcase classname="tests.adapters.opencode.test_go_relay" name="test_credentials_split_over_deltas_never_reach_native[reasoning_content]" time="0.066" /><testcase classname="tests.adapters.opencode.test_go_relay" name="test_credentials_split_over_deltas_never_reach_native[arguments]" time="0.067" /><testcase classname="tests.adapters.opencode.test_go_relay" name="test_unicode_escaped_credential_inside_tool_argument_json_is_rejected" time="0.068" /><testcase classname="tests.adapters.opencode.test_go_relay" name="test_denied_canary_is_detected_before_upstream_send" time="0.067" /><testcase classname="tests.adapters.opencode.test_go_relay" name="test_response_size_limit_fails_closed_instead_of_forwarding_truncated_evidence" time="0.076" /><testcase classname="tests.adapters.opencode.test_go_relay" name="test_transport_error_is_redacted_and_distinguished_from_an_http_reply" time="0.066" /><testcase classname="tests.adapters.opencode.test_go_relay" name="test_concurrent_requests_reserve_only_six_slots" time="0.133" /><testcase classname="tests.adapters.opencode.test_go_relay" name="test_close_reports_unknown_while_upstream_handler_is_unfinished" time="2.082" /><testcase classname="tests.adapters.opencode.test_go_relay" name="test_close_includes_connections_waiting_for_complete_http_headers" time="2.128" /><testcase classname="tests.adapters.opencode.test_go_relay" name="test_go_cost_trailer_after_done_keeps_native_bytes_and_usage" time="0.066" /><testcase classname="tests.adapters.opencode.test_go_relay" name="test_go_cost_trailer_accepts_bounded_decimal_strings_without_float_conversion[0]" time="0.067" /><testcase classname="tests.adapters.opencode.test_go_relay" name="test_go_cost_trailer_accepts_bounded_decimal_strings_without_float_conversion[1.4382e-5]" time="0.067" /><testcase classname="tests.adapters.opencode.test_go_relay" name="test_go_trailer_does_not_allow_other_post_done_data[trailer0]" time="0.067" /><testcase classname="tests.adapters.opencode.test_go_relay" name="test_go_trailer_does_not_allow_other_post_done_data[trailer1]" time="0.067" /><testcase classname="tests.adapters.opencode.test_go_relay" name="test_go_trailer_does_not_allow_other_post_done_data[trailer2]" time="0.067" /><testcase classname="tests.adapters.opencode.test_go_relay" name="test_go_trailer_does_not_allow_other_post_done_data[trailer3]" time="0.067" /><testcase classname="tests.adapters.opencode.test_go_relay" name="test_go_trailer_does_not_allow_other_post_done_data[trailer4]" time="0.067" /><testcase classname="tests.adapters.opencode.test_go_relay" name="test_go_trailer_does_not_allow_other_post_done_data[trailer5]" time="0.067" /><testcase classname="tests.adapters.opencode.test_go_relay" name="test_go_trailer_does_not_allow_other_post_done_data[trailer6]" time="0.072" /><testcase classname="tests.adapters.opencode.test_go_relay" name="test_go_trailer_does_not_allow_other_post_done_data[trailer7]" time="0.069" /><testcase classname="tests.adapters.opencode.test_go_relay" name="test_go_trailer_does_not_allow_other_post_done_data[trailer8]" time="0.069" /><testcase classname="tests.adapters.opencode.test_go_relay" name="test_go_trailer_is_once_only_and_strictly_after_done[before_done]" time="0.068" /><testcase classname="tests.adapters.opencode.test_go_relay" name="test_go_trailer_is_once_only_and_strictly_after_done[duplicate]" time="0.068" /><testcase classname="tests.adapters.opencode.test_go_relay" name="test_go_trailer_is_once_only_and_strictly_after_done[extra_done]" time="0.068" /><testcase classname="tests.adapters.opencode.test_go_relay" name="test_go_trailer_is_once_only_and_strictly_after_done[new_content]" time="0.069" /><testcase classname="tests.adapters.opencode.test_go_live" name="test_cli_requires_live_before_reading_credential_or_runtime" time="0.013" /><testcase classname="tests.adapters.opencode.test_go_live" name="test_unknown_scenario_cannot_read_missing_files" time="0.002" /><testcase classname="tests.adapters.opencode.test_go_evidence" name="test_edit_requires_actual_tools_and_function_results" time="0.000" /><testcase classname="tests.adapters.opencode.test_go_evidence" name="test_denied_read_requires_permission_semantics_without_requiring_function_fix" time="0.000" /><testcase classname="tests.adapters.opencode.test_go_evidence" name="test_incomplete_observations_cannot_pass[changes0-NATIVE_EXECUTION_INCOMPLETE]" time="0.000" /><testcase classname="tests.adapters.opencode.test_go_evidence" name="test_incomplete_observations_cannot_pass[changes1-NATIVE_EXECUTION_INCOMPLETE]" time="0.000" /><testcase classname="tests.adapters.opencode.test_go_evidence" name="test_incomplete_observations_cannot_pass[changes2-PROVIDER_PROTOCOL_INCOMPLETE]" time="0.000" /><testcase classname="tests.adapters.opencode.test_go_evidence" name="test_incomplete_observations_cannot_pass[changes3-CLEANUP_INCOMPLETE]" time="0.000" /><testcase classname="tests.adapters.opencode.test_go_evidence" name="test_incomplete_observations_cannot_pass[changes4-CREDENTIAL_SCAN_FAILED]" time="0.000" /><testcase classname="tests.adapters.opencode.test_go_evidence" name="test_incomplete_observations_cannot_pass[changes5-CONFIGURATION_MISMATCH]" time="0.000" /><testcase classname="tests.adapters.opencode.test_go_evidence" name="test_incomplete_observations_cannot_pass[changes6-WORKSPACE_CHANGED]" time="0.000" /><testcase classname="tests.adapters.opencode.test_go_evidence" name="test_fixture_is_interpreted_without_executing_model_code" time="0.003" /></testsuite></testsuites>