<?xml version="1.0" encoding="utf-8"?><testsuites name="pytest tests"><testsuite name="pytest" errors="0" failures="0" skipped="4" tests="4" time="0.772" timestamp="2026-09-06T14:50:51.061855+08:00" hostname="ProArt-Zhou"><testcase classname=".cache.go-observer-review.test_observer" name="test_actual_composition_reports_only_observed_scoped_facts[edit]" time="0.027"><skipped type="pytest.skip" message="Prepared fixed Linux OpenCode artifact is unavailable">/mnt/c/Users/Chooo/Playground/Karajan/.cache/go-isolated-runtime/tests/isolation/test_opencode_go_composition.py:35: Prepared fixed Linux OpenCode artifact is unavailable</skipped></testcase><testcase classname=".cache.go-observer-review.test_observer" name="test_actual_composition_reports_only_observed_scoped_facts[denied_read]" time="0.016"><skipped type="pytest.skip" message="Prepared fixed Linux OpenCode artifact is unavailable">/mnt/c/Users/Chooo/Playground/Karajan/.cache/go-isolated-runtime/tests/isolation/test_opencode_go_composition.py:35: Prepared fixed Linux OpenCode artifact is unavailable</skipped></testcase><testcase classname=".cache.go-observer-review.test_observer" name="test_transport_loss_is_unknown_and_stops_without_resetting_grant" time="0.016"><skipped type="pytest.skip" message="Prepared fixed Linux OpenCode artifact is unavailable">/mnt/c/Users/Chooo/Playground/Karajan/.cache/go-isolated-runtime/tests/isolation/test_opencode_go_composition.py:35: Prepared fixed Linux OpenCode artifact is unavailable</skipped></testcase><testcase classname=".cache.go-observer-review.test_observer" name="test_actual_artifact_cannot_pass_under_a_grant_for_a_different_runtime" time="0.016"><skipped type="pytest.skip" message="Prepared fixed Linux OpenCode artifact is unavailable">/mnt/c/Users/Chooo/Playground/Karajan/.cache/go-isolated-runtime/tests/isolation/test_opencode_go_composition.py:35: Prepared fixed Linux OpenCode artifact is unavailable</skipped></testcase></testsuite></testsuites>