<?xml version="1.0" encoding="utf-8"?><testsuites name="pytest tests"><testsuite name="pytest" errors="0" failures="0" skipped="0" tests="5" time="43.754" timestamp="2026-09-06T14:56:40.033915+08:00" hostname="ProArt-Zhou"><testcase classname=".cache.go-observer-review.test_observer" name="test_actual_composition_reports_only_observed_scoped_facts[edit]" time="10.901" /><testcase classname=".cache.go-observer-review.test_observer" name="test_actual_composition_reports_only_observed_scoped_facts[denied_read]" time="10.501" /><testcase classname=".cache.go-observer-review.test_observer" name="test_transport_loss_is_unknown_and_stops_without_resetting_grant" time="10.352" /><testcase classname=".cache.go-observer-review.test_observer" name="test_actual_artifact_cannot_pass_under_a_grant_for_a_different_runtime" time="1.688" /><testcase classname=".cache.go-observer-review.test_observer" name="test_native_timeout_revokes_the_grant_before_actual_process_cleanup" time="9.565" /></testsuite></testsuites>