<?xml version="1.0" encoding="utf-8"?><testsuites name="pytest tests"><testsuite name="pytest" errors="0" failures="0" skipped="0" tests="29" time="0.574" timestamp="2026-09-06T11:11:38.025142+08:00" hostname="ProArt-Zhou"><testcase classname="examples.opencode-go-live.spec.test_public_probe" name="test_synthetic_scenarios_have_independent_success_criteria[edit]" time="0.022" /><testcase classname="examples.opencode-go-live.spec.test_public_probe" name="test_synthetic_scenarios_have_independent_success_criteria[denied_read]" time="0.016" /><testcase classname="examples.opencode-go-live.spec.test_public_probe" name="test_public_probe_cannot_pass_incomplete_or_contradictory_evidence[edit-no_tools-EDIT_TOOL_EVIDENCE_MISSING]" time="0.015" /><testcase classname="examples.opencode-go-live.spec.test_public_probe" name="test_public_probe_cannot_pass_incomplete_or_contradictory_evidence[edit-unchanged_edit-FIXTURE_BEHAVIOR_FAILED]" time="0.016" /><testcase classname="examples.opencode-go-live.spec.test_public_probe" name="test_public_probe_cannot_pass_incomplete_or_contradictory_evidence[edit-wrong_path-UNEXPECTED_TOOL_RESULT]" time="0.015" /><testcase classname="examples.opencode-go-live.spec.test_public_probe" name="test_public_probe_cannot_pass_incomplete_or_contradictory_evidence[edit-extra_file-WORKSPACE_CHANGED]" time="0.017" /><testcase classname="examples.opencode-go-live.spec.test_public_probe" name="test_public_probe_cannot_pass_incomplete_or_contradictory_evidence[edit-model_drift-NATIVE_EXECUTION_INCOMPLETE]" time="0.016" /><testcase classname="examples.opencode-go-live.spec.test_public_probe" name="test_public_probe_cannot_pass_incomplete_or_contradictory_evidence[edit-last_incomplete-NATIVE_EXECUTION_INCOMPLETE]" time="0.016" /><testcase classname="examples.opencode-go-live.spec.test_public_probe" name="test_public_probe_cannot_pass_incomplete_or_contradictory_evidence[edit-session_error-NATIVE_EXECUTION_INCOMPLETE]" time="0.015" /><testcase classname="examples.opencode-go-live.spec.test_public_probe" name="test_public_probe_cannot_pass_incomplete_or_contradictory_evidence[edit-provider_error-PROVIDER_PROTOCOL_INCOMPLETE]" time="0.016" /><testcase classname="examples.opencode-go-live.spec.test_public_probe" name="test_public_probe_cannot_pass_incomplete_or_contradictory_evidence[edit-empty_receipts-PROVIDER_PROTOCOL_INCOMPLETE]" time="0.015" /><testcase classname="examples.opencode-go-live.spec.test_public_probe" name="test_public_probe_cannot_pass_incomplete_or_contradictory_evidence[edit-relay_cleanup-CLEANUP_INCOMPLETE]" time="0.015" /><testcase classname="examples.opencode-go-live.spec.test_public_probe" name="test_public_probe_cannot_pass_incomplete_or_contradictory_evidence[edit-server_cleanup_raise-CLEANUP_INCOMPLETE]" time="0.015" /><testcase classname="examples.opencode-go-live.spec.test_public_probe" name="test_public_probe_cannot_pass_incomplete_or_contradictory_evidence[edit-credential_leak-CREDENTIAL_SCAN_FAILED]" time="0.016" /><testcase classname="examples.opencode-go-live.spec.test_public_probe" name="test_public_probe_cannot_pass_incomplete_or_contradictory_evidence[edit-credential_split-CREDENTIAL_SCAN_FAILED]" time="0.019" /><testcase classname="examples.opencode-go-live.spec.test_public_probe" name="test_public_probe_cannot_pass_incomplete_or_contradictory_evidence[denied_read-generic_denial-PERMISSION_DENIAL_NOT_OBSERVED]" time="0.015" /><testcase classname="examples.opencode-go-live.spec.test_public_probe" name="test_public_probe_cannot_pass_incomplete_or_contradictory_evidence[denied_read-denied_modified-WORKSPACE_CHANGED]" time="0.015" /><testcase classname="examples.opencode-go-live.spec.test_public_probe" name="test_public_probe_cannot_pass_incomplete_or_contradictory_evidence[denied_read-canary_upstream-PROVIDER_PROTOCOL_INCOMPLETE]" time="0.015" /><testcase classname="examples.opencode-go-live.spec.test_public_probe" name="test_preflight_mismatch_sends_no_prompt[runtime_version]" time="0.014" /><testcase classname="examples.opencode-go-live.spec.test_public_probe" name="test_preflight_mismatch_sends_no_prompt[configuration]" time="0.016" /><testcase classname="examples.opencode-go-live.spec.test_public_probe" name="test_preflight_mismatch_sends_no_prompt[workspace]" time="0.014" /><testcase classname="examples.opencode-go-live.spec.test_public_probe" name="test_timeout_or_abort_error_still_cleans_both_boundaries[timeout]" time="0.015" /><testcase classname="examples.opencode-go-live.spec.test_public_probe" name="test_timeout_or_abort_error_still_cleans_both_boundaries[abort_error]" time="0.015" /><testcase classname="examples.opencode-go-live.spec.test_public_probe" name="test_cli_without_live_stops_before_any_boundary_or_file_read" time="0.003" /><testcase classname="examples.opencode-go-live.spec.test_public_probe" name="test_missing_credential_never_constructs_relay_or_starts_runtime" time="0.002" /><testcase classname="examples.opencode-go-live.spec.test_public_probe" name="test_unreadable_artifact_keeps_scan_incomplete_and_result_failed" time="0.016" /><testcase classname="examples.opencode-go-live.spec.test_public_probe" name="test_existing_output_rejects_before_credential_read_and_preserves_artifacts" time="0.003" /><testcase classname="examples.opencode-go-live.spec.test_public_probe" name="test_unapproved_type_parameter_expression_is_not_a_safe_fixture" time="0.016" /><testcase classname="examples.opencode-go-live.spec.test_public_probe" name="test_relay_failure_aborts_on_first_poll_without_waiting_for_native_completion" time="0.015" /></testsuite></testsuites>