<?xml version="1.0" encoding="utf-8"?><testsuites name="pytest tests"><testsuite name="pytest" errors="0" failures="0" skipped="0" tests="3" time="25.986" timestamp="2026-09-07T12:36:15.839602+08:00" hostname="ProArt-Zhou"><testcase classname="tests.runs.test_candidate_subjects_native" name="test_active_old_namespace_blocks_ready_subject_and_concurrent_cancel" time="20.546" /><testcase classname="tests.runs.test_candidate_checks" name="test_public_cancel_retains_host_until_native_receipt_arrives" time="0.941" /><testcase classname="tests.runs.test_candidate_checks" name="test_public_history_cancel_stops_host_from_persisted_observation" time="0.847" /></testsuite></testsuites>