<?xml version="1.0" encoding="utf-8"?><testsuites name="pytest tests"><testsuite name="pytest" errors="0" failures="0" skipped="0" tests="6" time="5.657" timestamp="2026-09-06T16:25:01.902412+08:00" hostname="ProArt-Zhou"><testcase classname=".cache.go-profile-cli-spec.test_live_entry" name="test_no_arguments_has_no_live_effect" time="0.116" /><testcase classname=".cache.go-profile-cli-spec.test_live_entry" name="test_no_live_never_reads_or_creates_supplied_paths" time="0.122" /><testcase classname=".cache.go-profile-cli-spec.test_live_entry" name="test_live_requires_all_named_paths_before_any_effect" time="0.117" /><testcase classname=".cache.go-profile-cli-spec.test_live_entry" name="test_existing_directory_is_never_reentered_or_used_for_key_resolution" time="1.702" /><testcase classname=".cache.go-profile-cli-spec.test_live_entry" name="test_literal_credential_in_output_path_is_rejected_before_creation" time="1.713" /><testcase classname=".cache.go-profile-cli-spec.test_live_entry" name="test_resolved_parent_never_persists_credential_text_as_public_metadata" time="1.712" /></testsuite></testsuites>