<?xml version="1.0" encoding="utf-8"?><testsuites name="pytest tests"><testsuite name="pytest" errors="0" failures="1" skipped="0" tests="6" time="6.785" timestamp="2026-09-06T16:22:19.652673+08:00" hostname="ProArt-Zhou"><testcase classname=".cache.go-profile-cli-spec.test_live_entry" name="test_no_arguments_has_no_live_effect" time="0.157" /><testcase classname=".cache.go-profile-cli-spec.test_live_entry" name="test_no_live_never_reads_or_creates_supplied_paths" time="0.162" /><testcase classname=".cache.go-profile-cli-spec.test_live_entry" name="test_live_requires_all_named_paths_before_any_effect" time="0.152" /><testcase classname=".cache.go-profile-cli-spec.test_live_entry" name="test_existing_directory_is_never_reentered_or_used_for_key_resolution" time="1.917" /><testcase classname=".cache.go-profile-cli-spec.test_live_entry" name="test_literal_credential_in_output_path_is_rejected_before_creation" time="1.902" /><testcase classname=".cache.go-profile-cli-spec.test_live_entry" name="test_resolved_parent_never_persists_credential_text_as_public_metadata" time="2.221"><failure message="AssertionError: Resolved source path leaked the credential into public project metadata&#10;assert 'synthetic-c...-path-marker' not in 'BEGIN TRANS...));\nCOMMIT;'&#10;  &#10;  'synthetic-credential-path-marker' is contained here:&#10;    ever_per0/synthetic-credential-path-marker/new-diagnostic/repository&quot;},&quot;revision&quot;:1,&quot;schema_version&quot;:&quot;karajan.project.v1&quot;,&quot;target_branch&quot;:&quot;main&quot;}');&#10;  ?           ++++++++++++++++++++++++++++++++&#10;    INSERT INTO &quot;commands&quot; VALUES('owner','preview','8aed48b7001b084424bdc04f303affe6c1bd30bd980e133fedc7dcd212b6046b','{&quot;can_apply&quot;:true,&quot;can_publish&quot;:true,&quot;can_save_draft&quot;:true,&quot;catalog_binding&quot;:{&quot;digest&quot;:null,&quot;revision&quot;:0},&quot;compiler_identity&quot;:&quot;81880051eadeb4429e61d04af9adead9e896722fba865e373d9a5c9cf677099f&quot;,&quot;configuration_dig...&#10;  &#10;  ...Full output truncated (17 lines hidden), use '-vv' to show">.cache/go-profile-cli-spec/test_live_entry.py:137: in test_resolved_parent_never_persists_credential_text_as_public_metadata
    assert SECRET not in public_rows, (
E   AssertionError: Resolved source path leaked the credential into public project metadata
E   assert 'synthetic-c...-path-marker' not in 'BEGIN TRANS...));\nCOMMIT;'
E     
E     'synthetic-credential-path-marker' is contained here:
E       ever_per0/synthetic-credential-path-marker/new-diagnostic/repository"},"revision":1,"schema_version":"karajan.project.v1","target_branch":"main"}');
E     ?           ++++++++++++++++++++++++++++++++
E       INSERT INTO "commands" VALUES('owner','preview','8aed48b7001b084424bdc04f303affe6c1bd30bd980e133fedc7dcd212b6046b','{"can_apply":true,"can_publish":true,"can_save_draft":true,"catalog_binding":{"digest":null,"revision":0},"compiler_identity":"81880051eadeb4429e61d04af9adead9e896722fba865e373d9a5c9cf677099f","configuration_dig...
E     
E     ...Full output truncated (17 lines hidden), use '-vv' to show</failure></testcase></testsuite></testsuites>