<?xml version="1.0" encoding="utf-8"?><testsuites name="pytest tests"><testsuite name="pytest" errors="0" failures="0" skipped="0" tests="13" time="7.061" timestamp="2026-09-06T02:48:47.441158+08:00" hostname="ProArt-Zhou"><testcase classname="tests.orchestration.test_pinned_rules" name="test_new_rulebook_does_not_replace_old_run_inputs_or_budget" time="0.471" /><testcase classname="tests.orchestration.test_pinned_rules" name="test_current_restrictions_block_a_frozen_run_before_enqueue[disabled]" time="0.286" /><testcase classname="tests.orchestration.test_pinned_rules" name="test_current_restrictions_block_a_frozen_run_before_enqueue[approval]" time="0.286" /><testcase classname="tests.orchestration.test_pinned_rules" name="test_current_restrictions_block_a_frozen_run_before_enqueue[channel]" time="0.313" /><testcase classname="tests.orchestration.test_pinned_rules" name="test_current_restrictions_block_a_frozen_run_before_enqueue[binding]" time="0.290" /><testcase classname="tests.orchestration.test_pinned_rules" name="test_current_restrictions_block_a_frozen_run_before_enqueue[capability]" time="0.286" /><testcase classname="tests.orchestration.test_pinned_rules" name="test_replayed_enqueue_cannot_activate_after_current_profile_is_revoked" time="0.426" /><testcase classname="tests.orchestration.test_pinned_rules" name="test_policy_or_plan_change_cannot_commit_inside_activation_acceptance[revoke]" time="0.869" /><testcase classname="tests.orchestration.test_pinned_rules" name="test_policy_or_plan_change_cannot_commit_inside_activation_acceptance[revise-plan]" time="0.868" /><testcase classname="tests.orchestration.test_pinned_rules" name="test_change_committed_after_cached_reads_is_rechecked_before_materialization[revoke]" time="0.420" /><testcase classname="tests.orchestration.test_pinned_rules" name="test_change_committed_after_cached_reads_is_rechecked_before_materialization[revise-plan]" time="0.437" /><testcase classname="tests.orchestration.test_pinned_rules" name="test_guard_rollback_releases_authority_locks_without_erasing_host_identity[before_spawn]" time="1.480" /><testcase classname="tests.orchestration.test_pinned_rules" name="test_guard_rollback_releases_authority_locks_without_erasing_host_identity[after_spawn]" time="0.597" /></testsuite></testsuites>