<?xml version="1.0" encoding="utf-8"?><testsuites name="pytest tests"><testsuite name="pytest" errors="0" failures="0" skipped="0" tests="9" time="4.088" timestamp="2026-09-06T02:47:05.644585+08:00" hostname="ProArt-Zhou"><testcase classname="tests.orchestration.test_pinned_rules" name="test_new_rulebook_does_not_replace_old_run_inputs_or_budget" time="0.460" /><testcase classname="tests.orchestration.test_pinned_rules" name="test_current_restrictions_block_a_frozen_run_before_enqueue[disabled]" time="0.294" /><testcase classname="tests.orchestration.test_pinned_rules" name="test_current_restrictions_block_a_frozen_run_before_enqueue[approval]" time="0.295" /><testcase classname="tests.orchestration.test_pinned_rules" name="test_current_restrictions_block_a_frozen_run_before_enqueue[channel]" time="0.282" /><testcase classname="tests.orchestration.test_pinned_rules" name="test_current_restrictions_block_a_frozen_run_before_enqueue[binding]" time="0.281" /><testcase classname="tests.orchestration.test_pinned_rules" name="test_current_restrictions_block_a_frozen_run_before_enqueue[capability]" time="0.303" /><testcase classname="tests.orchestration.test_pinned_rules" name="test_replayed_enqueue_cannot_activate_after_current_profile_is_revoked" time="0.422" /><testcase classname="tests.orchestration.test_pinned_rules" name="test_policy_or_plan_change_cannot_commit_inside_activation_acceptance[revoke]" time="0.868" /><testcase classname="tests.orchestration.test_pinned_rules" name="test_policy_or_plan_change_cannot_commit_inside_activation_acceptance[revise-plan]" time="0.850" /></testsuite></testsuites>