<?xml version="1.0" encoding="utf-8"?><testsuites name="pytest tests"><testsuite name="pytest" errors="0" failures="0" skipped="0" tests="15" time="3.422" timestamp="2026-09-06T02:59:07.231757+08:00" hostname="ProArt-Zhou"><testcase classname="tests.projects.test_publication_guards" name="test_invalid_resource_values_cannot_restore_revoked_permissions[amount-NaN]" time="0.245" /><testcase classname="tests.projects.test_publication_guards" name="test_invalid_resource_values_cannot_restore_revoked_permissions[amount--1]" time="0.217" /><testcase classname="tests.projects.test_publication_guards" name="test_invalid_resource_values_cannot_restore_revoked_permissions[amount-1.0000001]" time="0.232" /><testcase classname="tests.projects.test_publication_guards" name="test_invalid_resource_values_cannot_restore_revoked_permissions[amount-None]" time="0.222" /><testcase classname="tests.projects.test_publication_guards" name="test_invalid_resource_values_cannot_restore_revoked_permissions[currency-usd]" time="0.229" /><testcase classname="tests.projects.test_publication_guards" name="test_invalid_resource_values_cannot_restore_revoked_permissions[duration-0]" time="0.221" /><testcase classname="tests.projects.test_publication_guards" name="test_invalid_resource_values_cannot_restore_revoked_permissions[pool_limit-Infinity]" time="0.240" /><testcase classname="tests.projects.test_publication_guards" name="test_invalid_resource_values_cannot_restore_revoked_permissions[pool_limit--1]" time="0.224" /><testcase classname="tests.projects.test_publication_guards" name="test_invalid_resource_values_cannot_restore_revoked_permissions[conservative_bound--1]" time="0.219" /><testcase classname="tests.projects.test_publication_guards" name="test_invalid_resource_values_cannot_restore_revoked_permissions[approval-missing-profile]" time="0.218" /><testcase classname="tests.projects.test_publication_guards" name="test_invalid_unicode_is_not_storable_and_preview_remains_json_exportable[id-configuration]" time="0.227" /><testcase classname="tests.projects.test_publication_guards" name="test_invalid_unicode_is_not_storable_and_preview_remains_json_exportable[id-rulebook]" time="0.205" /><testcase classname="tests.projects.test_publication_guards" name="test_invalid_unicode_is_not_storable_and_preview_remains_json_exportable[description-configuration]" time="0.206" /><testcase classname="tests.projects.test_publication_guards" name="test_invalid_unicode_is_not_storable_and_preview_remains_json_exportable[description-rulebook]" time="0.206" /><testcase classname="tests.projects.test_publication_guards" name="test_configuration_preview_does_not_grant_explicit_publication_authority" time="0.203" /></testsuite></testsuites>