<?xml version="1.0" encoding="utf-8"?><testsuites name="pytest tests"><testsuite name="pytest" errors="1" failures="0" skipped="0" tests="1" time="0.222" timestamp="2026-09-06T13:08:11.955096+08:00" hostname="ProArt-Zhou"><testcase classname="" name="tests.projects.test_demand_store" time="0.000"><error message="collection failure">ImportError while importing test module 'C:\Users\Chooo\Playground\Karajan\.cache\trusted-routing-integration\tests\projects\test_demand_store.py'.
Hint: make sure your test modules/packages have valid Python names.
Traceback:
..\..\..\..\.cache\codex-runtimes\codex-primary-runtime\dependencies\python\Lib\importlib\__init__.py:90: in import_module
    return _bootstrap._gcd_import(name[level:], package, level)
           ^^^^^^^^^^^^^^^^^^^^^^^^^^^^^^^^^^^^^^^^^^^^^^^^^^^^
tests\projects\test_demand_store.py:6: in &lt;module&gt;
    from karajan.projects.demand import AttemptEstimateStore, DemandError
E   ModuleNotFoundError: No module named 'karajan.projects.demand'</error></testcase></testsuite></testsuites>