<?xml version="1.0" encoding="utf-8"?><testsuites name="pytest tests"><testsuite name="pytest" errors="0" failures="0" skipped="0" tests="331" time="69.619" timestamp="2026-09-06T13:16:16.448563+08:00" hostname="ProArt-Zhou"><testcase classname="tests.projects.test_demand_store" name="test_registration_binds_approved_run_and_survives_restart_and_revocation" time="0.301" /><testcase classname="tests.projects.test_demand_store" name="test_locked_consumer_works_inside_run_and_qualification_guards" time="0.286" /><testcase classname="tests.projects.test_demand_store" name="test_missing_and_expired_estimates_are_not_replaced_by_task_limits" time="0.291" /><testcase classname="tests.projects.test_demand_store" name="test_unapproved_identity_cannot_register" time="0.297" /><testcase classname="tests.projects.test_demand_store" name="test_bad_predictions_cannot_be_registered[zero]" time="0.288" /><testcase classname="tests.projects.test_demand_store" name="test_bad_predictions_cannot_be_registered[negative]" time="0.280" /><testcase classname="tests.projects.test_demand_store" name="test_bad_predictions_cannot_be_registered[fractional]" time="0.270" /><testcase classname="tests.projects.test_demand_store" name="test_bad_predictions_cannot_be_registered[float]" time="0.272" /><testcase classname="tests.projects.test_demand_store" name="test_bad_predictions_cannot_be_registered[overflow]" time="0.297" /><testcase classname="tests.projects.test_demand_store" name="test_bad_predictions_cannot_be_registered[nan]" time="0.275" /><testcase classname="tests.projects.test_demand_store" name="test_bad_predictions_cannot_be_registered[too_precise]" time="0.291" /><testcase classname="tests.projects.test_demand_store" name="test_bad_predictions_cannot_be_registered[missing_pool]" time="0.311" /><testcase classname="tests.projects.test_demand_store" name="test_bad_predictions_cannot_be_registered[duplicate_pool]" time="0.305" /><testcase classname="tests.projects.test_demand_store" name="test_bad_predictions_cannot_be_registered[extra_pool]" time="0.296" /><testcase classname="tests.projects.test_demand_store" name="test_bad_predictions_cannot_be_registered[wrong_unit]" time="0.288" /><testcase classname="tests.projects.test_demand_store" name="test_bad_predictions_cannot_be_registered[cash_price]" time="0.316" /><testcase classname="tests.projects.test_demand_store" name="test_bad_predictions_cannot_be_registered[known_confidence]" time="0.326" /><testcase classname="tests.projects.test_demand_store" name="test_bad_predictions_cannot_be_registered[calibrated_source]" time="0.302" /><testcase classname="tests.projects.test_demand_store" name="test_bad_predictions_cannot_be_registered[binding_hash]" time="0.314" /><testcase classname="tests.projects.test_demand_store" name="test_bad_predictions_cannot_be_registered[huge_revision]" time="0.329" /><testcase classname="tests.projects.test_demand_store" name="test_bad_predictions_cannot_be_registered[zero_ttl]" time="0.308" /><testcase classname="tests.projects.test_demand_store" name="test_revision_is_immutable_and_new_revision_supersedes_without_deleting" time="0.300" /><testcase classname="tests.projects.test_demand_store" name="test_actual_revised_approved_plan_invalidates_previous_prediction" time="0.329" /><testcase classname="tests.projects.test_demand_store" name="test_current_profile_change_invalidates_prediction[model]" time="0.308" /><testcase classname="tests.projects.test_demand_store" name="test_current_profile_change_invalidates_prediction[runtime]" time="0.327" /><testcase classname="tests.projects.test_demand_store" name="test_current_profile_change_invalidates_prediction[permissions]" time="0.328" /><testcase classname="tests.projects.test_demand_store" name="test_current_profile_change_invalidates_prediction[pool_unit]" time="0.312" /><testcase classname="tests.projects.test_demand_store" name="test_current_profile_change_invalidates_prediction[enabled]" time="0.321" /><testcase classname="tests.projects.test_demand_store" name="test_window_rebinding_is_explicit_and_mismatched_pool_metadata_rejects" time="0.322" /><testcase classname="tests.projects.test_demand_store" name="test_owner_prediction_and_concurrent_idempotency_remain_explicit" time="0.333" /><testcase classname="tests.projects.test_demand_store" name="test_complete_multi_unit_vector_is_preserved_and_partial_vector_denied[multi]" time="0.298" /><testcase classname="tests.projects.test_demand_store" name="test_guard_keeps_estimate_revocation_stable_until_consumer_exits" time="0.455" /><testcase classname="tests.projects.test_demand_store" name="test_current_catalog_cannot_be_supplied_as_an_old_or_invented_snapshot" time="0.315" /><testcase classname="tests.projects.test_demand_store" name="test_invalid_revocation_revision_does_not_overflow_sqlite[True]" time="0.311" /><testcase classname="tests.projects.test_demand_store" name="test_invalid_revocation_revision_does_not_overflow_sqlite[0]" time="0.339" /><testcase classname="tests.projects.test_demand_store" name="test_invalid_revocation_revision_does_not_overflow_sqlite[-1]" time="0.296" /><testcase classname="tests.projects.test_demand_store" name="test_invalid_revocation_revision_does_not_overflow_sqlite[10000000000000000000000000000000000000000]" time="0.288" /><testcase classname="tests.projects.test_publication" name="test_explicit_publication_is_durable_and_retries_return_the_same_receipt" time="0.263" /><testcase classname="tests.projects.test_publication" name="test_same_revision_different_execution_is_rejected_at_both_write_entries[configuration]" time="0.263" /><testcase classname="tests.projects.test_publication" name="test_same_revision_different_execution_is_rejected_at_both_write_entries[rulebook]" time="0.267" /><testcase classname="tests.projects.test_publication" name="test_draft_storage_and_publication_have_separate_permissions[structure]" time="0.253" /><testcase classname="tests.projects.test_publication" name="test_draft_storage_and_publication_have_separate_permissions[ambiguous]" time="0.256" /><testcase classname="tests.projects.test_publication" name="test_draft_storage_and_publication_have_separate_permissions[empty-group]" time="0.275" /><testcase classname="tests.projects.test_publication" name="test_custom_matrix_is_not_evaluated_by_the_legacy_matcher" time="0.261" /><testcase classname="tests.projects.test_publication_guards" name="test_owner_and_expired_preview_cannot_publish_but_completed_command_replays" time="0.311" /><testcase classname="tests.projects.test_publication_guards" name="test_concurrent_publications_have_one_winner_and_replay_one_receipt" time="0.262" /><testcase classname="tests.projects.test_publication_guards" name="test_persisted_preview_from_a_different_contract_or_catalog_is_not_authority[compiler_identity-PREVIEW_COMPILER_CHANGED]" time="0.273" /><testcase classname="tests.projects.test_publication_guards" name="test_persisted_preview_from_a_different_contract_or_catalog_is_not_authority[catalog_binding-PREVIEW_CATALOG_CHANGED]" time="0.321" /><testcase classname="tests.projects.test_publication_guards" name="test_persisted_preview_from_a_different_contract_or_catalog_is_not_authority[principal-PREVIEW_OWNER_MISMATCH]" time="0.265" /><testcase classname="tests.projects.test_publication_guards" name="test_presentation_edit_keeps_immutable_execution_bytes_and_new_publication_record" time="0.266" /><testcase classname="tests.projects.test_publication_guards" name="test_effective_catalog_preserves_revocation_and_ignores_structurally_invalid_draft" time="0.271" /><testcase classname="tests.projects.test_publication_guards" name="test_confirmation_rejects_changed_persisted_content_even_when_execution_hash_is_unchanged[configuration]" time="0.281" /><testcase classname="tests.projects.test_publication_guards" name="test_confirmation_rejects_changed_persisted_content_even_when_execution_hash_is_unchanged[rulebook]" time="0.259" /><testcase classname="tests.projects.test_publication_guards" name="test_invalid_resource_values_cannot_restore_revoked_permissions[amount-NaN]" time="0.268" /><testcase classname="tests.projects.test_publication_guards" name="test_invalid_resource_values_cannot_restore_revoked_permissions[amount--1]" time="0.282" /><testcase classname="tests.projects.test_publication_guards" name="test_invalid_resource_values_cannot_restore_revoked_permissions[amount-1.0000001]" time="0.284" /><testcase classname="tests.projects.test_publication_guards" name="test_invalid_resource_values_cannot_restore_revoked_permissions[amount-None]" time="0.288" /><testcase classname="tests.projects.test_publication_guards" name="test_invalid_resource_values_cannot_restore_revoked_permissions[currency-usd]" time="0.274" /><testcase classname="tests.projects.test_publication_guards" name="test_invalid_resource_values_cannot_restore_revoked_permissions[duration-0]" time="0.278" /><testcase classname="tests.projects.test_publication_guards" name="test_invalid_resource_values_cannot_restore_revoked_permissions[pool_limit-Infinity]" time="0.281" /><testcase classname="tests.projects.test_publication_guards" name="test_invalid_resource_values_cannot_restore_revoked_permissions[pool_limit--1]" time="0.279" /><testcase classname="tests.projects.test_publication_guards" name="test_invalid_resource_values_cannot_restore_revoked_permissions[conservative_bound--1]" time="0.269" /><testcase classname="tests.projects.test_publication_guards" name="test_invalid_resource_values_cannot_restore_revoked_permissions[approval-missing-profile]" time="0.295" /><testcase classname="tests.projects.test_publication_guards" name="test_invalid_unicode_is_not_storable_and_preview_remains_json_exportable[id-configuration]" time="0.265" /><testcase classname="tests.projects.test_publication_guards" name="test_invalid_unicode_is_not_storable_and_preview_remains_json_exportable[id-rulebook]" time="0.265" /><testcase classname="tests.projects.test_publication_guards" name="test_invalid_unicode_is_not_storable_and_preview_remains_json_exportable[description-configuration]" time="0.262" /><testcase classname="tests.projects.test_publication_guards" name="test_invalid_unicode_is_not_storable_and_preview_remains_json_exportable[description-rulebook]" time="0.246" /><testcase classname="tests.projects.test_publication_guards" name="test_configuration_preview_does_not_grant_explicit_publication_authority" time="0.241" /><testcase classname="tests.projects.test_publication_migration" name="test_legacy_upgrade_preserves_owner_catalog_and_frozen_binding_without_publication" time="0.279" /><testcase classname="tests.projects.test_publication_migration" name="test_conflicting_legacy_revision_is_reported_and_never_automatically_selected" time="0.266" /><testcase classname="tests.projects.test_publication_migration" name="test_legacy_latest_invalid_draft_keeps_last_applied_valid_revocation" time="0.305" /><testcase classname="tests.projects.test_qualification_store" name="test_public_qualification_persists_real_process_observation_and_revocation" time="0.503" /><testcase classname="tests.projects.test_qualification_store" name="test_expiry_and_frozen_identity_mismatch_fail_closed" time="0.431" /><testcase classname="tests.projects.test_qualification_store" name="test_current_identity_changes_do_not_reuse_old_observation[enabled]" time="0.456" /><testcase classname="tests.projects.test_qualification_store" name="test_current_identity_changes_do_not_reuse_old_observation[account_provider]" time="0.463" /><testcase classname="tests.projects.test_qualification_store" name="test_current_identity_changes_do_not_reuse_old_observation[channel_approval]" time="0.447" /><testcase classname="tests.projects.test_qualification_store" name="test_current_identity_changes_do_not_reuse_old_observation[family]" time="0.438" /><testcase classname="tests.projects.test_qualification_store" name="test_current_identity_changes_do_not_reuse_old_observation[permissions]" time="0.431" /><testcase classname="tests.projects.test_qualification_store" name="test_current_identity_changes_do_not_reuse_old_observation[model]" time="0.455" /><testcase classname="tests.projects.test_qualification_store" name="test_current_identity_changes_do_not_reuse_old_observation[runtime]" time="0.465" /><testcase classname="tests.projects.test_qualification_store" name="test_current_identity_changes_do_not_reuse_old_observation[auth_ref]" time="0.453" /><testcase classname="tests.projects.test_qualification_store" name="test_current_identity_changes_do_not_reuse_old_observation[billing]" time="0.437" /><testcase classname="tests.projects.test_qualification_store" name="test_missing_observation_and_runtime_tools_are_never_promoted" time="0.432" /><testcase classname="tests.projects.test_qualification_store" name="test_unknown_source_is_rejected_before_any_process_or_start" time="0.251" /><testcase classname="tests.projects.test_qualification_store" name="test_owner_and_idempotency_are_enforced" time="0.419" /><testcase classname="tests.projects.test_qualification_store" name="test_later_failed_observation_blocks_previous_pass" time="0.572" /><testcase classname="tests.projects.test_qualification_store" name="test_clock_rollback_and_execution_path_changes_reject" time="0.426" /><testcase classname="tests.projects.test_qualification_store" name="test_guard_returns_current_catalog_and_stable_profile_reasons" time="0.422" /><testcase classname="tests.projects.test_qualification_store" name="test_guard_blocks_concurrent_revocation_until_admission_section_exits" time="0.558" /><testcase classname="tests.projects.test_qualification_store" name="test_same_command_in_progress_never_runs_second_process_set" time="0.432" /><testcase classname="tests.projects.test_registry" name="test_registered_project_has_a_fixed_base_and_survives_service_restart" time="0.225" /><testcase classname="tests.projects.test_registry" name="test_invalid_project_identity_never_creates_a_project[outside-REPOSITORY_OUTSIDE_ROOTS]" time="0.145" /><testcase classname="tests.projects.test_registry" name="test_invalid_project_identity_never_creates_a_project[unknown-base-BASE_UNRESOLVED]" time="0.247" /><testcase classname="tests.projects.test_registry" name="test_invalid_project_identity_never_creates_a_project[branch-TARGET_BRANCH_NOT_ALLOWED]" time="0.193" /><testcase classname="tests.projects.test_registry" name="test_invalid_project_identity_never_creates_a_project[not-git-REPOSITORY_INVALID]" time="0.176" /><testcase classname="tests.projects.test_registry" name="test_create_command_is_durable_and_concurrent_replay_returns_one_saved_result" time="0.254" /><testcase classname="tests.projects.test_registry" name="test_project_envelope_rejects_unknown_or_missing_fields_without_exposing_input[change0]" time="0.126" /><testcase classname="tests.projects.test_registry" name="test_project_envelope_rejects_unknown_or_missing_fields_without_exposing_input[change1]" time="0.142" /><testcase classname="tests.projects.test_registry" name="test_project_envelope_rejects_unknown_or_missing_fields_without_exposing_input[change2]" time="0.147" /><testcase classname="tests.projects.test_registry" name="test_project_envelope_rejects_unknown_or_missing_fields_without_exposing_input[change3]" time="0.145" /><testcase classname="tests.projects.test_registry" name="test_update_requires_current_revision_but_identical_command_retry_returns_original_result" time="0.392" /><testcase classname="tests.projects.test_registry" name="test_incomplete_configuration_can_be_previewed_as_a_draft_without_changing_project" time="0.236" /><testcase classname="tests.projects.test_registry" name="test_apply_binds_saved_preview_and_revision_and_replays_the_exact_original_result" time="0.359" /><testcase classname="tests.projects.test_registry" name="test_required_platform_budget_is_not_replaced_by_service_quota[planning_budget_ref]" time="0.238" /><testcase classname="tests.projects.test_registry" name="test_required_platform_budget_is_not_replaced_by_service_quota[run_budget_ref]" time="0.238" /><testcase classname="tests.projects.test_registry" name="test_platform_budgets_require_native_currencies_and_finite_explicit_limits[change0]" time="0.246" /><testcase classname="tests.projects.test_registry" name="test_platform_budgets_require_native_currencies_and_finite_explicit_limits[change1]" time="0.246" /><testcase classname="tests.projects.test_registry" name="test_platform_budgets_require_native_currencies_and_finite_explicit_limits[change2]" time="0.249" /><testcase classname="tests.projects.test_registry" name="test_platform_budgets_require_native_currencies_and_finite_explicit_limits[change3]" time="0.243" /><testcase classname="tests.projects.test_registry" name="test_platform_budgets_require_native_currencies_and_finite_explicit_limits[change4]" time="0.239" /><testcase classname="tests.projects.test_registry" name="test_unknown_subscription_observation_requires_every_finite_conservative_setting[enabled]" time="0.243" /><testcase classname="tests.projects.test_registry" name="test_unknown_subscription_observation_requires_every_finite_conservative_setting[max_local_active_attempts]" time="0.250" /><testcase classname="tests.projects.test_registry" name="test_unknown_subscription_observation_requires_every_finite_conservative_setting[max_attempt_duration_seconds]" time="0.251" /><testcase classname="tests.projects.test_registry" name="test_unknown_subscription_observation_requires_every_finite_conservative_setting[observation_max_age_seconds]" time="0.259" /><testcase classname="tests.projects.test_registry" name="test_unknown_subscription_observation_requires_every_finite_conservative_setting[cooldown_seconds]" time="0.245" /><testcase classname="tests.projects.test_registry" name="test_preview_command_is_idempotent_and_rejects_changed_content" time="0.258" /><testcase classname="tests.projects.test_registry" name="test_raw_credentials_in_configuration_are_reported_without_persisting_or_exporting_them" time="0.260" /><testcase classname="tests.projects.test_registry" name="test_unknown_configuration_shapes_produce_a_bounded_draft_issue[change0]" time="0.247" /><testcase classname="tests.projects.test_registry" name="test_unknown_configuration_shapes_produce_a_bounded_draft_issue[change1]" time="0.244" /><testcase classname="tests.projects.test_registry" name="test_unknown_configuration_shapes_produce_a_bounded_draft_issue[change2]" time="0.227" /><testcase classname="tests.projects.test_registry" name="test_fixed_rulebook_hard_conditions_cannot_be_overridden_in_configuration[fallback]" time="0.249" /><testcase classname="tests.projects.test_registry" name="test_fixed_rulebook_hard_conditions_cannot_be_overridden_in_configuration[t0-worker]" time="0.231" /><testcase classname="tests.projects.test_registry" name="test_fixed_rulebook_hard_conditions_cannot_be_overridden_in_configuration[critical-downgrade]" time="0.264" /><testcase classname="tests.projects.test_registry" name="test_resource_identity_and_shared_account_relationships_must_resolve[channel-account]" time="0.228" /><testcase classname="tests.projects.test_registry" name="test_resource_identity_and_shared_account_relationships_must_resolve[pool-account]" time="0.239" /><testcase classname="tests.projects.test_registry" name="test_resource_identity_and_shared_account_relationships_must_resolve[profile-channel]" time="0.246" /><testcase classname="tests.projects.test_registry" name="test_resource_identity_and_shared_account_relationships_must_resolve[duplicate-pool]" time="0.231" /><testcase classname="tests.projects.test_registry" name="test_resource_identity_and_shared_account_relationships_must_resolve[missing-policy]" time="0.247" /><testcase classname="tests.projects.test_registry" name="test_candidate_requires_current_evidence_approved_membership_and_task_class[not-run]" time="0.230" /><testcase classname="tests.projects.test_registry" name="test_candidate_requires_current_evidence_approved_membership_and_task_class[digest]" time="0.237" /><testcase classname="tests.projects.test_registry" name="test_candidate_requires_current_evidence_approved_membership_and_task_class[runtime]" time="0.243" /><testcase classname="tests.projects.test_registry" name="test_candidate_requires_current_evidence_approved_membership_and_task_class[missing-reference]" time="0.222" /><testcase classname="tests.projects.test_registry" name="test_candidate_requires_current_evidence_approved_membership_and_task_class[unapproved]" time="0.226" /><testcase classname="tests.projects.test_registry" name="test_candidate_requires_current_evidence_approved_membership_and_task_class[weaker-class]" time="0.233" /><testcase classname="tests.projects.test_registry" name="test_profile_permission_requirements_need_explicit_correlated_registration[destination]" time="0.210" /><testcase classname="tests.projects.test_registry" name="test_profile_permission_requirements_need_explicit_correlated_registration[isolation]" time="0.220" /><testcase classname="tests.projects.test_registry" name="test_profile_permission_requirements_need_explicit_correlated_registration[authentication]" time="0.221" /><testcase classname="tests.projects.test_registry" name="test_repository_containing_control_storage_cannot_be_registered" time="0.132" /><testcase classname="tests.projects.test_registry" name="test_task_preview_uses_trusted_risk_floor_and_never_dispatches_t0[T0-standard-T1-TASK_NOT_READY]" time="0.247" /><testcase classname="tests.projects.test_registry" name="test_task_preview_uses_trusted_risk_floor_and_never_dispatches_t0[ready-critical-T3-None]" time="0.238" /><testcase classname="tests.projects.test_registry" name="test_task_specific_hard_requirements_exclude_candidates_without_a_fallback[unapproved]" time="0.222" /><testcase classname="tests.projects.test_registry" name="test_task_specific_hard_requirements_exclude_candidates_without_a_fallback[extra-capability]" time="0.227" /><testcase classname="tests.projects.test_registry" name="test_task_specific_hard_requirements_exclude_candidates_without_a_fallback[extra-stale-capability]" time="0.226" /><testcase classname="tests.projects.test_registry" name="test_task_specific_hard_requirements_exclude_candidates_without_a_fallback[author-attempt]" time="0.221" /><testcase classname="tests.projects.test_registry" name="test_task_specific_hard_requirements_exclude_candidates_without_a_fallback[author-family]" time="0.243" /><testcase classname="tests.projects.test_registry" name="test_a_malformed_budget_reference_is_a_draft_issue_not_an_exception" time="0.232" /><testcase classname="tests.projects.test_registry" name="test_mutation_identity_is_explicit_and_strict[-owner]" time="0.130" /><testcase classname="tests.projects.test_registry" name="test_mutation_identity_is_explicit_and_strict[x-]" time="0.130" /><testcase classname="tests.projects.test_registry" name="test_mutation_identity_is_explicit_and_strict[True-owner]" time="0.137" /><testcase classname="tests.projects.test_registry" name="test_preview_records_policy_revision_as_offline_evidence" time="0.231" /><testcase classname="tests.projects.test_registry" name="test_non_json_configuration_fails_with_a_stable_error" time="0.226" /><testcase classname="tests.projects.test_registry" name="test_discarded_configuration_cannot_be_applied_as_if_it_were_saved[document0]" time="0.222" /><testcase classname="tests.projects.test_registry" name="test_discarded_configuration_cannot_be_applied_as_if_it_were_saved[document1]" time="0.233" /><testcase classname="tests.projects.test_registry" name="test_current_configuration_export_returns_only_the_applied_storable_content" time="0.247" /><testcase classname="tests.projects.test_registry" name="test_standard_review_may_reuse_a_profile_but_requires_a_fresh_non_author_attempt" time="0.239" /><testcase classname="tests.projects.test_registry" name="test_native_authentication_payload_cannot_enter_persistent_configuration[settings0]" time="0.236" /><testcase classname="tests.projects.test_registry" name="test_native_authentication_payload_cannot_enter_persistent_configuration[settings1]" time="0.234" /><testcase classname="tests.projects.test_registry" name="test_native_authentication_payload_cannot_enter_persistent_configuration[settings2]" time="0.252" /><testcase classname="tests.projects.test_registry" name="test_public_object_identifiers_reject_unpaired_unicode_before_storage[get]" time="0.221" /><testcase classname="tests.projects.test_registry" name="test_public_object_identifiers_reject_unpaired_unicode_before_storage[get_configuration]" time="0.227" /><testcase classname="tests.projects.test_registry" name="test_public_object_identifiers_reject_unpaired_unicode_before_storage[update]" time="0.222" /><testcase classname="tests.projects.test_registry" name="test_public_object_identifiers_reject_unpaired_unicode_before_storage[preview]" time="0.224" /><testcase classname="tests.projects.test_registry" name="test_public_object_identifiers_reject_unpaired_unicode_before_storage[apply]" time="0.314" /><testcase classname="tests.runs.test_approved_routing" name="test_approved_requirements_reach_router_and_unknown_qualification_is_preserved" time="0.283" /><testcase classname="tests.runs.test_planning" name="test_create_freezes_the_applied_project_and_survives_restart_without_repository_write" time="0.256" /><testcase classname="tests.runs.test_planning" name="test_repeated_concurrent_create_is_one_command_and_changed_payload_is_rejected" time="0.283" /><testcase classname="tests.runs.test_planning" name="test_planning_intent_needs_a_matching_authority_receipt_and_never_grants_execution" time="0.253" /><testcase classname="tests.runs.test_planning" name="test_only_the_exact_user_approved_plan_becomes_the_active_immutable_revision" time="0.252" /><testcase classname="tests.runs.test_planning" name="test_untrusted_plans_cannot_expand_scope_or_remove_required_checks[cycle-PLAN_GRAPH_INVALID]" time="0.278" /><testcase classname="tests.runs.test_planning" name="test_untrusted_plans_cannot_expand_scope_or_remove_required_checks[missing_dependency-PLAN_GRAPH_INVALID]" time="0.251" /><testcase classname="tests.runs.test_planning" name="test_untrusted_plans_cannot_expand_scope_or_remove_required_checks[duplicate_task-PLAN_GRAPH_INVALID]" time="0.257" /><testcase classname="tests.runs.test_planning" name="test_untrusted_plans_cannot_expand_scope_or_remove_required_checks[path_escape-PLAN_SCOPE_EXCEEDED]" time="0.248" /><testcase classname="tests.runs.test_planning" name="test_untrusted_plans_cannot_expand_scope_or_remove_required_checks[absolute_path-PLAN_PATH_INVALID]" time="0.256" /><testcase classname="tests.runs.test_planning" name="test_untrusted_plans_cannot_expand_scope_or_remove_required_checks[cash_budget-PLAN_SCOPE_EXCEEDED]" time="0.274" /><testcase classname="tests.runs.test_planning" name="test_untrusted_plans_cannot_expand_scope_or_remove_required_checks[profile-PLAN_SCOPE_EXCEEDED]" time="0.249" /><testcase classname="tests.runs.test_planning" name="test_untrusted_plans_cannot_expand_scope_or_remove_required_checks[remove_review-REQUIRED_CHECKS_REMOVED]" time="0.257" /><testcase classname="tests.runs.test_planning" name="test_each_commander_handoff_requires_an_explicit_user_decision_without_pausing_approved_work[none]" time="0.263" /><testcase classname="tests.runs.test_planning" name="test_each_commander_handoff_requires_an_explicit_user_decision_without_pausing_approved_work[reject]" time="0.283" /><testcase classname="tests.runs.test_planning" name="test_each_commander_handoff_requires_an_explicit_user_decision_without_pausing_approved_work[approve]" time="0.282" /><testcase classname="tests.runs.test_planning" name="test_revising_a_task_requires_a_new_task_revision_and_reports_dependent_impact" time="0.265" /><testcase classname="tests.runs.test_planning" name="test_user_run_configuration_cannot_invent_unregistered_profiles_or_weaken_fixed_policy[profile]" time="0.220" /><testcase classname="tests.runs.test_planning" name="test_user_run_configuration_cannot_invent_unregistered_profiles_or_weaken_fixed_policy[candidate]" time="0.246" /><testcase classname="tests.runs.test_planning" name="test_user_run_configuration_cannot_invent_unregistered_profiles_or_weaken_fixed_policy[owner_is_model]" time="0.249" /><testcase classname="tests.runs.test_planning" name="test_user_run_configuration_cannot_invent_unregistered_profiles_or_weaken_fixed_policy[review]" time="0.232" /><testcase classname="tests.runs.test_planning" name="test_user_run_configuration_cannot_invent_unregistered_profiles_or_weaken_fixed_policy[path]" time="0.242" /><testcase classname="tests.runs.test_planning" name="test_user_run_configuration_cannot_invent_unregistered_profiles_or_weaken_fixed_policy[budget]" time="0.238" /><testcase classname="tests.runs.test_planning" name="test_run_listing_filters_owner_and_project_and_audit_survives_rejected_commands" time="0.289" /><testcase classname="tests.runs.test_planning" name="test_a_denied_or_unknown_authority_receipt_cannot_authorize_plan_submission[denied]" time="0.245" /><testcase classname="tests.runs.test_planning" name="test_a_denied_or_unknown_authority_receipt_cannot_authorize_plan_submission[unknown]" time="0.251" /><testcase classname="tests.runs.test_planning" name="test_adviser_can_record_budgeted_advice_but_never_submit_or_approve_a_plan" time="0.250" /><testcase classname="tests.runs.test_planning" name="test_a_plan_approval_with_mismatched_material_is_rejected_without_state_change[plan_digest]" time="0.247" /><testcase classname="tests.runs.test_planning" name="test_a_plan_approval_with_mismatched_material_is_rejected_without_state_change[authorization_digest]" time="0.264" /><testcase classname="tests.runs.test_planning" name="test_a_plan_approval_with_mismatched_material_is_rejected_without_state_change[configuration_digest]" time="0.256" /><testcase classname="tests.runs.test_planning" name="test_late_or_changed_handoff_confirmation_never_activates_a_replacement[expired-HANDOFF_STALE]" time="0.260" /><testcase classname="tests.runs.test_planning" name="test_late_or_changed_handoff_confirmation_never_activates_a_replacement[superseded-HANDOFF_STALE]" time="0.278" /><testcase classname="tests.runs.test_planning" name="test_late_or_changed_handoff_confirmation_never_activates_a_replacement[new_plan-HANDOFF_CHECKPOINT_STALE]" time="0.275" /><testcase classname="tests.runs.test_planning" name="test_late_or_changed_handoff_confirmation_never_activates_a_replacement[wrong_hash-HANDOFF_DIGEST_MISMATCH]" time="0.256" /><testcase classname="tests.runs.test_planning" name="test_concurrent_confirmation_creates_one_new_term_and_only_that_actor_can_submit" time="0.275" /><testcase classname="tests.runs.test_planning" name="test_t0_and_unknown_authority_do_not_become_implementation_permission" time="0.248" /><testcase classname="tests.runs.test_planning" name="test_public_cli_creates_only_a_requirement_and_returns_the_same_owned_run_after_restart" time="0.697" /><testcase classname="tests.runs.test_planning" name="test_run_keeps_its_frozen_configuration_when_the_project_changes_and_replay_is_historical" time="0.363" /><testcase classname="tests.runs.test_planning" name="test_unknown_proposal_fields_or_types_cannot_grant_authority[term_bool]" time="0.243" /><testcase classname="tests.runs.test_planning" name="test_unknown_proposal_fields_or_types_cannot_grant_authority[unknown_role]" time="0.249" /><testcase classname="tests.runs.test_planning" name="test_unknown_proposal_fields_or_types_cannot_grant_authority[enable_flag]" time="0.245" /><testcase classname="tests.runs.test_planning" name="test_unknown_proposal_fields_or_types_cannot_grant_authority[credential]" time="0.265" /><testcase classname="tests.runs.test_planning" name="test_a_receipt_for_another_intent_or_profile_cannot_be_rebound_by_the_caller" time="0.274" /><testcase classname="tests.runs.test_planning" name="test_windows_metadata_and_device_aliases_cannot_enter_the_write_authorization[.GIT/config]" time="0.253" /><testcase classname="tests.runs.test_planning" name="test_windows_metadata_and_device_aliases_cannot_enter_the_write_authorization[.git./config]" time="0.254" /><testcase classname="tests.runs.test_planning" name="test_windows_metadata_and_device_aliases_cannot_enter_the_write_authorization[src./report.py]" time="0.228" /><testcase classname="tests.runs.test_planning" name="test_windows_metadata_and_device_aliases_cannot_enter_the_write_authorization[NUL]" time="0.241" /><testcase classname="tests.runs.test_planning" name="test_windows_metadata_and_device_aliases_cannot_enter_the_write_authorization[src/aux.py]" time="0.232" /><testcase classname="tests.runs.test_planning" name="test_broad_directory_scope_does_not_let_a_plan_write_nested_git_metadata" time="0.250" /><testcase classname="tests.runs.test_planning" name="test_mutating_with_an_invalid_run_identity_has_a_domain_error_and_no_state_change" time="0.243" /><testcase classname="tests.runs.test_routing_authorization" name="test_owner_fixes_policy_and_exact_v2_approval_survives_reopen" time="0.282" /><testcase classname="tests.runs.test_routing_authorization" name="test_policy_identity_is_owned_and_immutable_and_cannot_be_replaced_by_supplied_text" time="0.245" /><testcase classname="tests.runs.test_routing_authorization" name="test_v2_proposal_cannot_expand_or_invent_execution_authority[tools]" time="0.262" /><testcase classname="tests.runs.test_routing_authorization" name="test_v2_proposal_cannot_expand_or_invent_execution_authority[channel_ids]" time="0.269" /><testcase classname="tests.runs.test_routing_authorization" name="test_v2_proposal_cannot_expand_or_invent_execution_authority[data_destinations]" time="0.262" /><testcase classname="tests.runs.test_routing_authorization" name="test_v2_proposal_cannot_expand_or_invent_execution_authority[cash]" time="0.261" /><testcase classname="tests.runs.test_routing_authorization" name="test_v2_proposal_cannot_expand_or_invent_execution_authority[duration]" time="0.258" /><testcase classname="tests.runs.test_routing_authorization" name="test_v2_proposal_cannot_expand_or_invent_execution_authority[quality]" time="0.266" /><testcase classname="tests.runs.test_routing_authorization" name="test_v2_proposal_cannot_expand_or_invent_execution_authority[stage]" time="0.260" /><testcase classname="tests.runs.test_routing_authorization" name="test_v2_proposal_cannot_expand_or_invent_execution_authority[context]" time="0.270" /><testcase classname="tests.runs.test_routing_authorization" name="test_v2_proposal_cannot_expand_or_invent_execution_authority[task_tools]" time="0.270" /><testcase classname="tests.runs.test_routing_authorization" name="test_v2_proposal_cannot_expand_or_invent_execution_authority[missing]" time="0.268" /><testcase classname="tests.runs.test_routing_authorization" name="test_v2_proposal_cannot_expand_or_invent_execution_authority[profile]" time="0.270" /><testcase classname="tests.runs.test_routing_authorization" name="test_v2_proposal_cannot_expand_or_invent_execution_authority[capability]" time="0.272" /><testcase classname="tests.runs.test_routing_authorization" name="test_v2_proposal_cannot_expand_or_invent_execution_authority[task_duration]" time="0.248" /><testcase classname="tests.runs.test_routing_authorization" name="test_v2_proposal_cannot_expand_or_invent_execution_authority[purpose]" time="0.246" /><testcase classname="tests.runs.test_routing_authorization" name="test_v2_proposal_cannot_expand_or_invent_execution_authority[duplicate_stage]" time="0.253" /><testcase classname="tests.runs.test_routing_authorization" name="test_narrowing_stages_and_limits_is_bound_and_stale_approval_does_not_activate" time="0.268" /><testcase classname="tests.runs.test_routing_authorization" name="test_policy_names_without_tool_and_context_definitions_are_not_authority" time="0.254" /><testcase classname="tests.runs.test_routing_authorization" name="test_nested_policy_revision_is_immutable_and_existing_run_keeps_its_registered_body" time="0.249" /><testcase classname="tests.runs.test_routing_authorization" name="test_task_requirements_require_a_new_revision_and_preserve_v1_receipts" time="0.301" /><testcase classname="tests.runs.test_routing_authorization" name="test_legacy_coordinator_cannot_start_a_v2_run_by_ignoring_its_new_authorization" time="0.358" /><testcase classname="tests.runs.test_routing_authorization" name="test_absent_quality_stage_is_a_stable_rejection_not_a_key_error" time="0.256" /><testcase classname="tests.runs.test_routing_authorization" name="test_invalid_command_root_preserves_the_public_input_error[payload0-create]" time="0.231" /><testcase classname="tests.runs.test_routing_authorization" name="test_invalid_command_root_preserves_the_public_input_error[payload0-submit_plan]" time="0.233" /><testcase classname="tests.runs.test_routing_authorization" name="test_invalid_command_root_preserves_the_public_input_error[payload0-approve_plan]" time="0.244" /><testcase classname="tests.runs.test_routing_authorization" name="test_invalid_command_root_preserves_the_public_input_error[None-create]" time="0.240" /><testcase classname="tests.runs.test_routing_authorization" name="test_invalid_command_root_preserves_the_public_input_error[None-submit_plan]" time="0.253" /><testcase classname="tests.runs.test_routing_authorization" name="test_invalid_command_root_preserves_the_public_input_error[None-approve_plan]" time="0.225" /><testcase classname="tests.runs.test_routing_authorization" name="test_invalid_command_root_preserves_the_public_input_error[not-an-object-create]" time="0.246" /><testcase classname="tests.runs.test_routing_authorization" name="test_invalid_command_root_preserves_the_public_input_error[not-an-object-submit_plan]" time="0.245" /><testcase classname="tests.runs.test_routing_authorization" name="test_invalid_command_root_preserves_the_public_input_error[not-an-object-approve_plan]" time="0.242" /><testcase classname="tests.runs.test_routing_authorization" name="test_policy_reference_bounds_match_registered_policy_bounds[1000000001]" time="0.245" /><testcase classname="tests.runs.test_routing_authorization" name="test_policy_reference_bounds_match_registered_policy_bounds[10000000000000000000000000000000000000000]" time="0.240" /><testcase classname="tests.routing.test_authorization" name="test_quality_selects_only_current_preapproved_stage_without_normal_group_intersection" time="0.007" /><testcase classname="tests.routing.test_authorization" name="test_new_group_member_cannot_expand_old_approval_and_quality_needs_failure_and_rounds" time="0.005" /><testcase classname="tests.routing.test_authorization" name="test_hard_constraints_remain_strict[maxclass-PROFILE_CLASS_INSUFFICIENT]" time="0.003" /><testcase classname="tests.routing.test_authorization" name="test_hard_constraints_remain_strict[role-ROLE_NOT_SUPPORTED]" time="0.002" /><testcase classname="tests.routing.test_authorization" name="test_hard_constraints_remain_strict[context-CONTEXT_CAPACITY_INSUFFICIENT]" time="0.002" /><testcase classname="tests.routing.test_authorization" name="test_hard_constraints_remain_strict[isolation-ISOLATION_INSUFFICIENT]" time="0.002" /><testcase classname="tests.routing.test_authorization" name="test_hard_constraints_remain_strict[tools-TOOL_NOT_AUTHORIZED]" time="0.002" /><testcase classname="tests.routing.test_authorization" name="test_hard_constraints_remain_strict[destination-DATA_DESTINATION_NOT_AUTHORIZED]" time="0.002" /><testcase classname="tests.routing.test_authorization" name="test_hard_constraints_remain_strict[ceiling-RUN_CEILING_PROFILE_DENIED]" time="0.002" /><testcase classname="tests.routing.test_authorization" name="test_hard_constraints_remain_strict[capability-CAPABILITY_UNQUALIFIED:rule_specific]" time="0.002" /><testcase classname="tests.routing.test_authorization" name="test_review_fresh_context_and_highest_author_scope_require_independent_family" time="0.006" /><testcase classname="tests.routing.test_budget_input" name="test_invalid_catalog_budget_has_a_stable_safe_routing_error[NaN]" time="0.002" /><testcase classname="tests.routing.test_budget_input" name="test_invalid_catalog_budget_has_a_stable_safe_routing_error[-1]" time="0.001" /><testcase classname="tests.routing.test_budget_input" name="test_invalid_catalog_budget_has_a_stable_safe_routing_error[1.0000001]" time="0.001" /><testcase classname="tests.routing.test_budget_input" name="test_invalid_catalog_budget_has_a_stable_safe_routing_error[not-a-number]" time="0.002" /><testcase classname="tests.routing.test_budget_input" name="test_unknown_catalog_budget_still_uses_missing_budget_decision" time="0.002" /><testcase classname="tests.routing.test_cash_and_sort" name="test_cash_needs_all_call_evidence_and_every_original_currency_ceiling[estimated_stop-BOUNDED_CALLS_REQUIRED]" time="0.004" /><testcase classname="tests.routing.test_cash_and_sort" name="test_cash_needs_all_call_evidence_and_every_original_currency_ceiling[unobserved-BOUNDED_CALLS_UNQUALIFIED]" time="0.004" /><testcase classname="tests.routing.test_cash_and_sort" name="test_cash_needs_all_call_evidence_and_every_original_currency_ceiling[partial-CASH_UPPER_BOUND_UNVERIFIED]" time="0.003" /><testcase classname="tests.routing.test_cash_and_sort" name="test_cash_needs_all_call_evidence_and_every_original_currency_ceiling[unknown-CASH_UPPER_BOUND_UNVERIFIED]" time="0.003" /><testcase classname="tests.routing.test_cash_and_sort" name="test_cash_needs_all_call_evidence_and_every_original_currency_ceiling[expired-PRICE_STALE_OR_MISMATCHED]" time="0.002" /><testcase classname="tests.routing.test_cash_and_sort" name="test_cash_needs_all_call_evidence_and_every_original_currency_ceiling[run-CASH_BUDGET_INSUFFICIENT]" time="0.003" /><testcase classname="tests.routing.test_cash_and_sort" name="test_cash_needs_all_call_evidence_and_every_original_currency_ceiling[account-CASH_BUDGET_INSUFFICIENT]" time="0.003" /><testcase classname="tests.routing.test_cash_and_sort" name="test_cash_needs_all_call_evidence_and_every_original_currency_ceiling[currency-CASH_BUDGET_MISSING]" time="0.004" /><testcase classname="tests.routing.test_cash_and_sort" name="test_unknown_latency_loses_to_known_and_hard_constraints_override_preference" time="0.006" /><testcase classname="tests.routing.test_cash_and_sort" name="test_missing_fx_skips_cash_for_entire_set_and_never_converts_budget" time="0.006" /><testcase classname="tests.routing.test_cli" name="test_evaluation_is_pure_even_with_process_network_and_database_access_forbidden" time="0.002" /><testcase classname="tests.routing.test_cli" name="test_cli_replays_complete_input_and_binds_source_hashes" time="0.461" /><testcase classname="tests.routing.test_cli" name="test_cli_rejects_ambiguous_or_invalid_json_without_creating_report[{&quot;task&quot;: {}, &quot;task&quot;: {}}]" time="0.229" /><testcase classname="tests.routing.test_cli" name="test_cli_rejects_ambiguous_or_invalid_json_without_creating_report[{&quot;task&quot;: NaN}]" time="0.209" /><testcase classname="tests.routing.test_cli" name="test_cli_rejects_ambiguous_or_invalid_json_without_creating_report[{&quot;task&quot;: &quot;\\ud800&quot;}]" time="0.207" /><testcase classname="tests.routing.test_compiler" name="test_compile_separates_display_version_and_execution_fields_without_mutation" time="0.002" /><testcase classname="tests.routing.test_compiler" name="test_empty_routing_requirements_cannot_be_published[eligible_groups]" time="0.001" /><testcase classname="tests.routing.test_compiler" name="test_empty_routing_requirements_cannot_be_published[capabilities_all]" time="0.001" /><testcase classname="tests.routing.test_compiler" name="test_domain_conjunctions_can_overlap_even_when_names_differ" time="0.001" /><testcase classname="tests.routing.test_compiler" name="test_structural_contract_gaps_are_rejected[duplicate-stage]" time="0.001" /><testcase classname="tests.routing.test_compiler" name="test_structural_contract_gaps_are_rejected[empty-rules]" time="0.000" /><testcase classname="tests.routing.test_compiler" name="test_structural_contract_gaps_are_rejected[empty-queue]" time="0.001" /><testcase classname="tests.routing.test_compiler" name="test_structural_contract_gaps_are_rejected[numeric-permission]" time="0.001" /><testcase classname="tests.routing.test_compiler" name="test_structural_contract_gaps_are_rejected[incompatible-purpose]" time="0.001" /><testcase classname="tests.routing.test_compiler" name="test_same_priority_overlap_is_not_ambiguous_when_a_higher_rule_always_wins" time="0.001" /><testcase classname="tests.routing.test_compiler" name="test_bad_unicode_and_unknown_fields_produce_safe_structured_errors" time="0.001" /><testcase classname="tests.routing.test_compiler" name="test_profile_fingerprint_matches_existing_catalog_for_non_ascii_bindings" time="0.000" /><testcase classname="tests.routing.test_compiler" name="test_preparsed_documents_do_not_convert_numbers_into_permission_booleans[rulebook]" time="0.001" /><testcase classname="tests.routing.test_compiler" name="test_preparsed_documents_do_not_convert_numbers_into_permission_booleans[policy]" time="0.002" /><testcase classname="tests.routing.test_compiler" name="test_preparsed_documents_do_not_convert_numbers_into_permission_booleans[false-permission]" time="0.001" /><testcase classname="tests.routing.test_invalid_inputs" name="test_non_finite_negative_excess_precision_and_numeric_quota_are_rejected[NaN]" time="0.001" /><testcase classname="tests.routing.test_invalid_inputs" name="test_non_finite_negative_excess_precision_and_numeric_quota_are_rejected[Infinity]" time="0.001" /><testcase classname="tests.routing.test_invalid_inputs" name="test_non_finite_negative_excess_precision_and_numeric_quota_are_rejected[-1]" time="0.002" /><testcase classname="tests.routing.test_invalid_inputs" name="test_non_finite_negative_excess_precision_and_numeric_quota_are_rejected[1.0000001]" time="0.002" /><testcase classname="tests.routing.test_invalid_inputs" name="test_non_finite_negative_excess_precision_and_numeric_quota_are_rejected[99999999999999999999]" time="0.002" /><testcase classname="tests.routing.test_invalid_inputs" name="test_non_finite_negative_excess_precision_and_numeric_quota_are_rejected[1.0]" time="0.002" /><testcase classname="tests.routing.test_invalid_inputs" name="test_duplicate_fact_identity_is_rejected[account]" time="0.002" /><testcase classname="tests.routing.test_invalid_inputs" name="test_duplicate_fact_identity_is_rejected[pool]" time="0.001" /><testcase classname="tests.routing.test_invalid_inputs" name="test_duplicate_fact_identity_is_rejected[estimate]" time="0.002" /><testcase classname="tests.routing.test_invalid_inputs" name="test_duplicate_fact_identity_is_rejected[profile]" time="0.002" /><testcase classname="tests.routing.test_invalid_inputs" name="test_duplicate_fact_identity_is_rejected[capability]" time="0.001" /><testcase classname="tests.routing.test_invalid_inputs" name="test_missing_risk_mapping_and_path_aliases_cannot_downgrade_a_task" time="0.002" /><testcase classname="tests.routing.test_invalid_inputs" name="test_fixture_builder_cannot_synthesize_live_profile_qualification" time="0.001" /><testcase classname="tests.routing.test_invalid_inputs" name="test_native_credential_fields_are_rejected_before_snapshots_or_fixture_export" time="0.002" /><testcase classname="tests.routing.test_resources" name="test_short_window_cannot_hide_exhausted_long_window_and_pressure_keeps_components" time="0.004" /><testcase classname="tests.routing.test_resources" name="test_capacity_hard_filters[policy-CAPACITY_POLICY_NOT_CURRENT]" time="0.002" /><testcase classname="tests.routing.test_resources" name="test_capacity_hard_filters[window-DEMAND_WINDOW_MISMATCH:service-fixture]" time="0.002" /><testcase classname="tests.routing.test_resources" name="test_capacity_hard_filters[pool-POOL_SNAPSHOT_MISSING:service-fixture]" time="0.002" /><testcase classname="tests.routing.test_resources" name="test_capacity_hard_filters[demand-DEMAND_VECTOR_INCOMPLETE]" time="0.002" /><testcase classname="tests.routing.test_resources" name="test_capacity_hard_filters[slots-CONCURRENCY_UNAVAILABLE]" time="0.002" /><testcase classname="tests.routing.test_resources" name="test_capacity_hard_filters[duration-DURATION_LIMIT_EXCEEDED]" time="0.002" /><testcase classname="tests.routing.test_resources" name="test_capacity_hard_filters[stale-OBSERVATION_STALE:service-fixture]" time="0.002" /><testcase classname="tests.routing.test_resources" name="test_capacity_hard_filters[exhaustion-EXHAUSTION_REQUIRES_NEW_OBSERVATION]" time="0.002" /><testcase classname="tests.routing.test_resources" name="test_unknown_quota_needs_finite_conservative_policy_and_never_becomes_zero" time="0.004" /><testcase classname="tests.routing.test_resources" name="test_unknown_demand_confidence_does_not_bypass_conservative_authorization" time="0.002" /><testcase classname="tests.routing.test_resources" name="test_conservative_mode_preserves_commander_slot_inside_its_smaller_ceiling" time="0.004" /><testcase classname="tests.routing.test_resources" name="test_lead_rule_can_deny_access_to_commander_protection" time="0.003" /><testcase classname="tests.routing.test_resources" name="test_mixed_known_and_unknown_pools_keep_known_pressure_and_unknown_uncertainty" time="0.002" /><testcase classname="tests.routing.test_routing" name="test_default_rulebook_compiles_and_fixed_snapshot_repeats_without_mutation" time="0.003" /><testcase classname="tests.routing.test_routing" name="test_rule_priority_selects_highest_unique_match_and_equal_priority_is_ambiguous" time="0.003" /><testcase classname="tests.routing.test_routing" name="test_risk_comes_from_trusted_mapping_and_paths_while_t0_never_becomes_complexity" time="0.004" /><testcase classname="tests.routing.test_routing" name="test_compiler_refuses_unknown_expressions_and_unresolved_groups" time="0.002" /><testcase classname="tests.routing.test_rule_selection" name="test_rule_can_be_selected_without_capacity_or_stage_authorization" time="0.001" /><testcase classname="tests.routing.test_rule_selection" name="test_reviewer_uses_recorded_author_risk_even_if_review_is_declared_simple" time="0.002" /><testcase classname="tests.routing.test_rule_selection" name="test_priority_tie_and_missing_rule_never_supply_a_rule_to_authorize" time="0.002" /><testcase classname="tests.routing.test_rule_selection" name="test_not_ready_and_unknown_risk_remain_distinct_from_rule_matching" time="0.001" /><testcase classname="tests.routing.test_rule_selection" name="test_selector_rejects_path_aliases_and_permission_fields" time="0.001" /><testcase classname="tests.routing.test_rule_selection" name="test_output_reserve_must_fit_real_profile_context_with_approved_input" time="0.003" /></testsuite></testsuites>