<?xml version="1.0" encoding="utf-8"?><testsuites name="pytest tests"><testsuite name="pytest" errors="0" failures="0" skipped="0" tests="11" time="4.871" timestamp="2026-09-06T13:12:42.644431+08:00" hostname="ProArt-Zhou"><testcase classname=".cache.qualification-spec.test_public_qualification" name="test_actual_three_process_results_and_persistent_scope_are_not_inferred_from_declarations" time="0.470" /><testcase classname=".cache.qualification-spec.test_public_qualification" name="test_old_observation_cannot_qualify_changed_identity_even_with_updated_frozen_registration[model]" time="0.399" /><testcase classname=".cache.qualification-spec.test_public_qualification" name="test_old_observation_cannot_qualify_changed_identity_even_with_updated_frozen_registration[native]" time="0.421" /><testcase classname=".cache.qualification-spec.test_public_qualification" name="test_old_observation_cannot_qualify_changed_identity_even_with_updated_frozen_registration[account]" time="0.426" /><testcase classname=".cache.qualification-spec.test_public_qualification" name="test_old_observation_cannot_qualify_changed_identity_even_with_updated_frozen_registration[declaration]" time="0.398" /><testcase classname=".cache.qualification-spec.test_public_qualification" name="test_revocation_survives_new_service_and_original_observation_remains_immutable" time="0.397" /><testcase classname=".cache.qualification-spec.test_public_qualification" name="test_real_database_guard_holds_concurrent_revocation_until_exit" time="0.585" /><testcase classname=".cache.qualification-spec.test_public_qualification" name="test_unknown_runtime_and_uploaded_style_declarations_never_produce_live_qualification" time="0.428" /><testcase classname=".cache.qualification-spec.test_public_qualification" name="test_later_persisted_start_without_result_blocks_fallback_to_prior_pass" time="0.425" /><testcase classname=".cache.qualification-spec.test_public_qualification" name="test_clock_rollback_and_exact_expiry_do_not_return_facts[5999.0]" time="0.408" /><testcase classname=".cache.qualification-spec.test_public_qualification" name="test_clock_rollback_and_exact_expiry_do_not_return_facts[6090.0]" time="0.401" /></testsuite></testsuites>