<?xml version="1.0" encoding="utf-8"?><testsuites name="pytest tests"><testsuite name="pytest" errors="0" failures="0" skipped="0" tests="10" time="3.317" timestamp="2026-09-06T13:32:44.109522+08:00" hostname="ProArt-Zhou"><testcase classname="examples.approved-routing.routing.spec.test_public_assessment" name="test_only_selected_rule_grants_apply_even_when_another_rule_approves_same_group" time="0.339" /><testcase classname="examples.approved-routing.routing.spec.test_public_assessment" name="test_valid_renamed_commander_group_can_create_approved_run_without_legacy_group_name" time="0.332" /><testcase classname="examples.approved-routing.routing.spec.test_public_assessment" name="test_real_cross_run_usage_and_reservation_are_separate_and_assessment_has_no_admission" time="0.316" /><testcase classname="examples.approved-routing.routing.spec.test_public_assessment" name="test_old_receipt_replay_is_historical_and_new_command_reads_latest_unknown_observation" time="0.311" /><testcase classname="examples.approved-routing.routing.spec.test_public_assessment" name="test_pending_new_plan_does_not_replace_active_approved_requirements" time="0.300" /><testcase classname="examples.approved-routing.routing.spec.test_public_assessment" name="test_unapproved_task_and_unimplemented_lineage_never_get_assessed_as_workers" time="0.287" /><testcase classname="examples.approved-routing.routing.spec.test_public_assessment" name="test_current_identity_restriction_preserves_frozen_plan_but_rejects_profile" time="0.317" /><testcase classname="examples.approved-routing.routing.spec.test_public_assessment" name="test_estimate_absence_revocation_and_expiry_never_fill_a_default_vector[missing]" time="0.300" /><testcase classname="examples.approved-routing.routing.spec.test_public_assessment" name="test_estimate_absence_revocation_and_expiry_never_fill_a_default_vector[revoked]" time="0.320" /><testcase classname="examples.approved-routing.routing.spec.test_public_assessment" name="test_estimate_absence_revocation_and_expiry_never_fill_a_default_vector[expired]" time="0.313" /></testsuite></testsuites>