<?xml version="1.0" encoding="utf-8"?><testsuites name="pytest tests"><testsuite name="pytest" errors="0" failures="0" skipped="0" tests="8" time="0.624" timestamp="2026-09-06T11:12:53.046044+08:00" hostname="ProArt-Zhou"><testcase classname="examples.opencode-go-live.standards.independent_cases" name="test_upstream_credential_echo_never_reaches_native_runtime[literal]" time="0.117" /><testcase classname="examples.opencode-go-live.standards.independent_cases" name="test_upstream_credential_echo_never_reaches_native_runtime[json-unicode-escaped]" time="0.060" /><testcase classname="examples.opencode-go-live.standards.independent_cases" name="test_clean_upstream_stream_still_passes_without_content_in_receipts" time="0.062" /><testcase classname="examples.opencode-go-live.standards.independent_cases" name="test_fragmented_upstream_credential_echo_is_not_forwarded[content]" time="0.062" /><testcase classname="examples.opencode-go-live.standards.independent_cases" name="test_fragmented_upstream_credential_echo_is_not_forwarded[reasoning_content]" time="0.061" /><testcase classname="examples.opencode-go-live.standards.independent_cases" name="test_fragmented_upstream_credential_echo_is_not_forwarded[arguments]" time="0.061" /><testcase classname="examples.opencode-go-live.standards.independent_cases" name="test_incomplete_upstream_stream_cannot_be_forwarded_as_success" time="0.062" /><testcase classname="examples.opencode-go-live.standards.independent_cases" name="test_credential_scan_detects_cross_chunk_boundary" time="0.014" /></testsuite></testsuites>