<?xml version="1.0" encoding="utf-8"?><testsuites name="pytest tests"><testsuite name="pytest" errors="0" failures="3" skipped="0" tests="3" time="0.428" timestamp="2026-09-06T10:52:23.419481+08:00" hostname="ProArt-Zhou"><testcase classname=".cache.go-probe-standards.independent_cases" name="test_fragmented_upstream_credential_echo_is_not_forwarded[content]" time="0.109"><failure message="AssertionError: Native could reconstruct the real credential from ordinary SSE deltas&#10;assert 200 &gt;= 400&#10; +  where 200 = &lt;Response [200 OK]&gt;.status_code">channel = 'content'

    @pytest.mark.parametrize("channel", ["content", "reasoning_content", "arguments"])
    def test_fragmented_upstream_credential_echo_is_not_forwarded(channel):
        pieces = [SECRET[:13], SECRET[13:]]
        if channel == "arguments":
            deltas = [
                {"tool_calls": [{"index": 0, "id": "call-review", "type": "function", "function": {"name": "read", "arguments": '{"filePath":"' + pieces[0]}}]},
                {"tool_calls": [{"index": 0, "function": {"arguments": pieces[1] + '"}'}}]},
            ]
            finish = "tool_calls"
        else:
            deltas = [{channel: value} for value in pieces]
            finish = "stop"
        chunks = [
            {"model": "glm-5.3-flash", "choices": [{"index": 0, "delta": delta, "finish_reason": None}]}
            for delta in deltas
        ]
        chunks.append({"model": "glm-5.3-flash", "choices": [{"index": 0, "delta": {}, "finish_reason": finish}]})
        raw = ("".join("data: " + json.dumps(chunk) + "\n\n" for chunk in chunks) + "data: [DONE]\n\n").encode()
        assert SECRET.encode() not in raw
        response, receipts, sent, cleanup = request_from_mock_upstream(raw)
        assert len(sent) == 1
        assert cleanup == {"status": "closed", "errors": []}
&gt;       assert response.status_code &gt;= 400, "Native could reconstruct the real credential from ordinary SSE deltas"
E       AssertionError: Native could reconstruct the real credential from ordinary SSE deltas
E       assert 200 &gt;= 400
E        +  where 200 = &lt;Response [200 OK]&gt;.status_code

.cache\go-probe-standards\independent_cases.py:111: AssertionError</failure></testcase><testcase classname=".cache.go-probe-standards.independent_cases" name="test_fragmented_upstream_credential_echo_is_not_forwarded[reasoning_content]" time="0.059"><failure message="AssertionError: Native could reconstruct the real credential from ordinary SSE deltas&#10;assert 200 &gt;= 400&#10; +  where 200 = &lt;Response [200 OK]&gt;.status_code">channel = 'reasoning_content'

    @pytest.mark.parametrize("channel", ["content", "reasoning_content", "arguments"])
    def test_fragmented_upstream_credential_echo_is_not_forwarded(channel):
        pieces = [SECRET[:13], SECRET[13:]]
        if channel == "arguments":
            deltas = [
                {"tool_calls": [{"index": 0, "id": "call-review", "type": "function", "function": {"name": "read", "arguments": '{"filePath":"' + pieces[0]}}]},
                {"tool_calls": [{"index": 0, "function": {"arguments": pieces[1] + '"}'}}]},
            ]
            finish = "tool_calls"
        else:
            deltas = [{channel: value} for value in pieces]
            finish = "stop"
        chunks = [
            {"model": "glm-5.3-flash", "choices": [{"index": 0, "delta": delta, "finish_reason": None}]}
            for delta in deltas
        ]
        chunks.append({"model": "glm-5.3-flash", "choices": [{"index": 0, "delta": {}, "finish_reason": finish}]})
        raw = ("".join("data: " + json.dumps(chunk) + "\n\n" for chunk in chunks) + "data: [DONE]\n\n").encode()
        assert SECRET.encode() not in raw
        response, receipts, sent, cleanup = request_from_mock_upstream(raw)
        assert len(sent) == 1
        assert cleanup == {"status": "closed", "errors": []}
&gt;       assert response.status_code &gt;= 400, "Native could reconstruct the real credential from ordinary SSE deltas"
E       AssertionError: Native could reconstruct the real credential from ordinary SSE deltas
E       assert 200 &gt;= 400
E        +  where 200 = &lt;Response [200 OK]&gt;.status_code

.cache\go-probe-standards\independent_cases.py:111: AssertionError</failure></testcase><testcase classname=".cache.go-probe-standards.independent_cases" name="test_fragmented_upstream_credential_echo_is_not_forwarded[arguments]" time="0.073"><failure message="AssertionError: Native could reconstruct the real credential from ordinary SSE deltas&#10;assert 200 &gt;= 400&#10; +  where 200 = &lt;Response [200 OK]&gt;.status_code">channel = 'arguments'

    @pytest.mark.parametrize("channel", ["content", "reasoning_content", "arguments"])
    def test_fragmented_upstream_credential_echo_is_not_forwarded(channel):
        pieces = [SECRET[:13], SECRET[13:]]
        if channel == "arguments":
            deltas = [
                {"tool_calls": [{"index": 0, "id": "call-review", "type": "function", "function": {"name": "read", "arguments": '{"filePath":"' + pieces[0]}}]},
                {"tool_calls": [{"index": 0, "function": {"arguments": pieces[1] + '"}'}}]},
            ]
            finish = "tool_calls"
        else:
            deltas = [{channel: value} for value in pieces]
            finish = "stop"
        chunks = [
            {"model": "glm-5.3-flash", "choices": [{"index": 0, "delta": delta, "finish_reason": None}]}
            for delta in deltas
        ]
        chunks.append({"model": "glm-5.3-flash", "choices": [{"index": 0, "delta": {}, "finish_reason": finish}]})
        raw = ("".join("data: " + json.dumps(chunk) + "\n\n" for chunk in chunks) + "data: [DONE]\n\n").encode()
        assert SECRET.encode() not in raw
        response, receipts, sent, cleanup = request_from_mock_upstream(raw)
        assert len(sent) == 1
        assert cleanup == {"status": "closed", "errors": []}
&gt;       assert response.status_code &gt;= 400, "Native could reconstruct the real credential from ordinary SSE deltas"
E       AssertionError: Native could reconstruct the real credential from ordinary SSE deltas
E       assert 200 &gt;= 400
E        +  where 200 = &lt;Response [200 OK]&gt;.status_code

.cache\go-probe-standards\independent_cases.py:111: AssertionError</failure></testcase></testsuite></testsuites>