<?xml version="1.0" encoding="utf-8"?><testsuites name="pytest tests"><testsuite name="pytest" errors="0" failures="0" skipped="0" tests="249" time="60.673" timestamp="2026-09-06T10:36:27.458439+08:00" hostname="ProArt-Zhou"><properties>
[...]
</properties><testcase classname="tests.runs.test_planning" name="test_create_freezes_the_applied_project_and_survives_restart_without_repository_write" time="0.268" /><testcase classname="tests.runs.test_planning" name="test_repeated_concurrent_create_is_one_command_and_changed_payload_is_rejected" time="0.314" /><testcase classname="tests.runs.test_planning" name="test_planning_intent_needs_a_matching_authority_receipt_and_never_grants_execution" time="0.257" /><testcase classname="tests.runs.test_planning" name="test_only_the_exact_user_approved_plan_becomes_the_active_immutable_revision" time="0.258" /><testcase classname="tests.runs.test_planning" name="test_untrusted_plans_cannot_expand_scope_or_remove_required_checks[cycle-PLAN_GRAPH_INVALID]" time="0.258" /><testcase classname="tests.runs.test_planning" name="test_untrusted_plans_cannot_expand_scope_or_remove_required_checks[missing_dependency-PLAN_GRAPH_INVALID]" time="0.248" /><testcase classname="tests.runs.test_planning" name="test_untrusted_plans_cannot_expand_scope_or_remove_required_checks[duplicate_task-PLAN_GRAPH_INVALID]" time="0.256" /><testcase classname="tests.runs.test_planning" name="test_untrusted_plans_cannot_expand_scope_or_remove_required_checks[path_escape-PLAN_SCOPE_EXCEEDED]" time="0.272" /><testcase classname="tests.runs.test_planning" name="test_untrusted_plans_cannot_expand_scope_or_remove_required_checks[absolute_path-PLAN_PATH_INVALID]" time="0.259" /><testcase classname="tests.runs.test_planning" name="test_untrusted_plans_cannot_expand_scope_or_remove_required_checks[cash_budget-PLAN_SCOPE_EXCEEDED]" time="0.262" /><testcase classname="tests.runs.test_planning" name="test_untrusted_plans_cannot_expand_scope_or_remove_required_checks[profile-PLAN_SCOPE_EXCEEDED]" time="0.262" /><testcase classname="tests.runs.test_planning" name="test_untrusted_plans_cannot_expand_scope_or_remove_required_checks[remove_review-REQUIRED_CHECKS_REMOVED]" time="0.260" /><testcase classname="tests.runs.test_planning" name="test_each_commander_handoff_requires_an_explicit_user_decision_without_pausing_approved_work[none]" time="0.265" /><testcase classname="tests.runs.test_planning" name="test_each_commander_handoff_requires_an_explicit_user_decision_without_pausing_approved_work[reject]" time="0.270" /><testcase classname="tests.runs.test_planning" name="test_each_commander_handoff_requires_an_explicit_user_decision_without_pausing_approved_work[approve]" time="0.275" /><testcase classname="tests.runs.test_planning" name="test_revising_a_task_requires_a_new_task_revision_and_reports_dependent_impact" time="0.286" /><testcase classname="tests.runs.test_planning" name="test_user_run_configuration_cannot_invent_unregistered_profiles_or_weaken_fixed_policy[profile]" time="0.294" /><testcase classname="tests.runs.test_planning" name="test_user_run_configuration_cannot_invent_unregistered_profiles_or_weaken_fixed_policy[candidate]" time="0.250" /><testcase classname="tests.runs.test_planning" name="test_user_run_configuration_cannot_invent_unregistered_profiles_or_weaken_fixed_policy[owner_is_model]" time="0.241" /><testcase classname="tests.runs.test_planning" name="test_user_run_configuration_cannot_invent_unregistered_profiles_or_weaken_fixed_policy[review]" time="0.246" /><testcase classname="tests.runs.test_planning" name="test_user_run_configuration_cannot_invent_unregistered_profiles_or_weaken_fixed_policy[path]" time="0.248" /><testcase classname="tests.runs.test_planning" name="test_user_run_configuration_cannot_invent_unregistered_profiles_or_weaken_fixed_policy[budget]" time="0.264" /><testcase classname="tests.runs.test_planning" name="test_run_listing_filters_owner_and_project_and_audit_survives_rejected_commands" time="0.287" /><testcase classname="tests.runs.test_planning" name="test_a_denied_or_unknown_authority_receipt_cannot_authorize_plan_submission[denied]" time="0.309" /><testcase classname="tests.runs.test_planning" name="test_a_denied_or_unknown_authority_receipt_cannot_authorize_plan_submission[unknown]" time="0.276" /><testcase classname="tests.runs.test_planning" name="test_adviser_can_record_budgeted_advice_but_never_submit_or_approve_a_plan" time="0.265" /><testcase classname="tests.runs.test_planning" name="test_a_plan_approval_with_mismatched_material_is_rejected_without_state_change[plan_digest]" time="0.284" /><testcase classname="tests.runs.test_planning" name="test_a_plan_approval_with_mismatched_material_is_rejected_without_state_change[authorization_digest]" time="0.261" /><testcase classname="tests.runs.test_planning" name="test_a_plan_approval_with_mismatched_material_is_rejected_without_state_change[configuration_digest]" time="0.276" /><testcase classname="tests.runs.test_planning" name="test_late_or_changed_handoff_confirmation_never_activates_a_replacement[expired-HANDOFF_STALE]" time="0.272" /><testcase classname="tests.runs.test_planning" name="test_late_or_changed_handoff_confirmation_never_activates_a_replacement[superseded-HANDOFF_STALE]" time="0.263" /><testcase classname="tests.runs.test_planning" name="test_late_or_changed_handoff_confirmation_never_activates_a_replacement[new_plan-HANDOFF_CHECKPOINT_STALE]" time="0.280" /><testcase classname="tests.runs.test_planning" name="test_late_or_changed_handoff_confirmation_never_activates_a_replacement[wrong_hash-HANDOFF_DIGEST_MISMATCH]" time="0.279" /><testcase classname="tests.runs.test_planning" name="test_concurrent_confirmation_creates_one_new_term_and_only_that_actor_can_submit" time="0.308" /><testcase classname="tests.runs.test_planning" name="test_t0_and_unknown_authority_do_not_become_implementation_permission" time="0.276" /><testcase classname="tests.runs.test_planning" name="test_public_cli_creates_only_a_requirement_and_returns_the_same_owned_run_after_restart" time="0.734" /><testcase classname="tests.runs.test_planning" name="test_run_keeps_its_frozen_configuration_when_the_project_changes_and_replay_is_historical" time="0.348" /><testcase classname="tests.runs.test_planning" name="test_unknown_proposal_fields_or_types_cannot_grant_authority[term_bool]" time="0.254" /><testcase classname="tests.runs.test_planning" name="test_unknown_proposal_fields_or_types_cannot_grant_authority[unknown_role]" time="0.253" /><testcase classname="tests.runs.test_planning" name="test_unknown_proposal_fields_or_types_cannot_grant_authority[enable_flag]" time="0.258" /><testcase classname="tests.runs.test_planning" name="test_unknown_proposal_fields_or_types_cannot_grant_authority[credential]" time="0.270" /><testcase classname="tests.runs.test_planning" name="test_a_receipt_for_another_intent_or_profile_cannot_be_rebound_by_the_caller" time="0.267" /><testcase classname="tests.runs.test_planning" name="test_windows_metadata_and_device_aliases_cannot_enter_the_write_authorization[.GIT/config]" time="0.255" /><testcase classname="tests.runs.test_planning" name="test_windows_metadata_and_device_aliases_cannot_enter_the_write_authorization[.git./config]" time="0.271" /><testcase classname="tests.runs.test_planning" name="test_windows_metadata_and_device_aliases_cannot_enter_the_write_authorization[src./report.py]" time="0.258" /><testcase classname="tests.runs.test_planning" name="test_windows_metadata_and_device_aliases_cannot_enter_the_write_authorization[NUL]" time="0.257" /><testcase classname="tests.runs.test_planning" name="test_windows_metadata_and_device_aliases_cannot_enter_the_write_authorization[src/aux.py]" time="0.242" /><testcase classname="tests.runs.test_planning" name="test_broad_directory_scope_does_not_let_a_plan_write_nested_git_metadata" time="0.262" /><testcase classname="tests.runs.test_planning" name="test_mutating_with_an_invalid_run_identity_has_a_domain_error_and_no_state_change" time="0.258" /><testcase classname="tests.runs.test_routing_authorization" name="test_owner_fixes_policy_and_exact_v2_approval_survives_reopen" time="0.283" /><testcase classname="tests.runs.test_routing_authorization" name="test_policy_identity_is_owned_and_immutable_and_cannot_be_replaced_by_supplied_text" time="0.283" /><testcase classname="tests.runs.test_routing_authorization" name="test_v2_proposal_cannot_expand_or_invent_execution_authority[tools]" time="0.275" /><testcase classname="tests.runs.test_routing_authorization" name="test_v2_proposal_cannot_expand_or_invent_execution_authority[channel_ids]" time="0.269" /><testcase classname="tests.runs.test_routing_authorization" name="test_v2_proposal_cannot_expand_or_invent_execution_authority[data_destinations]" time="0.258" /><testcase classname="tests.runs.test_routing_authorization" name="test_v2_proposal_cannot_expand_or_invent_execution_authority[cash]" time="0.260" /><testcase classname="tests.runs.test_routing_authorization" name="test_v2_proposal_cannot_expand_or_invent_execution_authority[duration]" time="0.280" /><testcase classname="tests.runs.test_routing_authorization" name="test_v2_proposal_cannot_expand_or_invent_execution_authority[quality]" time="0.274" /><testcase classname="tests.runs.test_routing_authorization" name="test_v2_proposal_cannot_expand_or_invent_execution_authority[stage]" time="0.265" /><testcase classname="tests.runs.test_routing_authorization" name="test_v2_proposal_cannot_expand_or_invent_execution_authority[context]" time="0.265" /><testcase classname="tests.runs.test_routing_authorization" name="test_v2_proposal_cannot_expand_or_invent_execution_authority[task_tools]" time="0.261" /><testcase classname="tests.runs.test_routing_authorization" name="test_v2_proposal_cannot_expand_or_invent_execution_authority[missing]" time="0.294" /><testcase classname="tests.runs.test_routing_authorization" name="test_v2_proposal_cannot_expand_or_invent_execution_authority[profile]" time="0.264" /><testcase classname="tests.runs.test_routing_authorization" name="test_v2_proposal_cannot_expand_or_invent_execution_authority[capability]" time="0.270" /><testcase classname="tests.runs.test_routing_authorization" name="test_v2_proposal_cannot_expand_or_invent_execution_authority[task_duration]" time="0.264" /><testcase classname="tests.runs.test_routing_authorization" name="test_v2_proposal_cannot_expand_or_invent_execution_authority[purpose]" time="0.257" /><testcase classname="tests.runs.test_routing_authorization" name="test_v2_proposal_cannot_expand_or_invent_execution_authority[duplicate_stage]" time="0.266" /><testcase classname="tests.runs.test_routing_authorization" name="test_narrowing_stages_and_limits_is_bound_and_stale_approval_does_not_activate" time="0.275" /><testcase classname="tests.runs.test_routing_authorization" name="test_policy_names_without_tool_and_context_definitions_are_not_authority" time="0.241" /><testcase classname="tests.runs.test_routing_authorization" name="test_nested_policy_revision_is_immutable_and_existing_run_keeps_its_registered_body" time="0.279" /><testcase classname="tests.runs.test_routing_authorization" name="test_task_requirements_require_a_new_revision_and_preserve_v1_receipts" time="0.285" /><testcase classname="tests.runs.test_routing_authorization" name="test_legacy_coordinator_cannot_start_a_v2_run_by_ignoring_its_new_authorization" time="0.358" /><testcase classname="tests.runs.test_routing_authorization" name="test_absent_quality_stage_is_a_stable_rejection_not_a_key_error" time="0.263" /><testcase classname="tests.runs.test_routing_authorization" name="test_invalid_command_root_preserves_the_public_input_error[payload0-create]" time="0.294" /><testcase classname="tests.runs.test_routing_authorization" name="test_invalid_command_root_preserves_the_public_input_error[payload0-submit_plan]" time="0.269" /><testcase classname="tests.runs.test_routing_authorization" name="test_invalid_command_root_preserves_the_public_input_error[payload0-approve_plan]" time="0.253" /><testcase classname="tests.runs.test_routing_authorization" name="test_invalid_command_root_preserves_the_public_input_error[None-create]" time="0.266" /><testcase classname="tests.runs.test_routing_authorization" name="test_invalid_command_root_preserves_the_public_input_error[None-submit_plan]" time="0.246" /><testcase classname="tests.runs.test_routing_authorization" name="test_invalid_command_root_preserves_the_public_input_error[None-approve_plan]" time="0.254" /><testcase classname="tests.runs.test_routing_authorization" name="test_invalid_command_root_preserves_the_public_input_error[not-an-object-create]" time="0.248" /><testcase classname="tests.runs.test_routing_authorization" name="test_invalid_command_root_preserves_the_public_input_error[not-an-object-submit_plan]" time="0.245" /><testcase classname="tests.runs.test_routing_authorization" name="test_invalid_command_root_preserves_the_public_input_error[not-an-object-approve_plan]" time="0.240" /><testcase classname="tests.runs.test_routing_authorization" name="test_policy_reference_bounds_match_registered_policy_bounds[1000000001]" time="0.250" /><testcase classname="tests.runs.test_routing_authorization" name="test_policy_reference_bounds_match_registered_policy_bounds[10000000000000000000000000000000000000000]" time="0.260" /><testcase classname="tests.projects.test_publication" name="test_explicit_publication_is_durable_and_retries_return_the_same_receipt" time="0.251" /><testcase classname="tests.projects.test_publication" name="test_same_revision_different_execution_is_rejected_at_both_write_entries[configuration]" time="0.258" /><testcase classname="tests.projects.test_publication" name="test_same_revision_different_execution_is_rejected_at_both_write_entries[rulebook]" time="0.254" /><testcase classname="tests.projects.test_publication" name="test_draft_storage_and_publication_have_separate_permissions[structure]" time="0.268" /><testcase classname="tests.projects.test_publication" name="test_draft_storage_and_publication_have_separate_permissions[ambiguous]" time="0.250" /><testcase classname="tests.projects.test_publication" name="test_draft_storage_and_publication_have_separate_permissions[empty-group]" time="0.247" /><testcase classname="tests.projects.test_publication" name="test_custom_matrix_is_not_evaluated_by_the_legacy_matcher" time="0.269" /><testcase classname="tests.projects.test_publication_guards" name="test_owner_and_expired_preview_cannot_publish_but_completed_command_replays" time="0.313" /><testcase classname="tests.projects.test_publication_guards" name="test_concurrent_publications_have_one_winner_and_replay_one_receipt" time="0.292" /><testcase classname="tests.projects.test_publication_guards" name="test_persisted_preview_from_a_different_contract_or_catalog_is_not_authority[compiler_identity-PREVIEW_COMPILER_CHANGED]" time="0.260" /><testcase classname="tests.projects.test_publication_guards" name="test_persisted_preview_from_a_different_contract_or_catalog_is_not_authority[catalog_binding-PREVIEW_CATALOG_CHANGED]" time="0.258" /><testcase classname="tests.projects.test_publication_guards" name="test_persisted_preview_from_a_different_contract_or_catalog_is_not_authority[principal-PREVIEW_OWNER_MISMATCH]" time="0.292" /><testcase classname="tests.projects.test_publication_guards" name="test_presentation_edit_keeps_immutable_execution_bytes_and_new_publication_record" time="0.261" /><testcase classname="tests.projects.test_publication_guards" name="test_effective_catalog_preserves_revocation_and_ignores_structurally_invalid_draft" time="0.263" /><testcase classname="tests.projects.test_publication_guards" name="test_confirmation_rejects_changed_persisted_content_even_when_execution_hash_is_unchanged[configuration]" time="0.257" /><testcase classname="tests.projects.test_publication_guards" name="test_confirmation_rejects_changed_persisted_content_even_when_execution_hash_is_unchanged[rulebook]" time="0.248" /><testcase classname="tests.projects.test_publication_guards" name="test_invalid_resource_values_cannot_restore_revoked_permissions[amount-NaN]" time="0.273" /><testcase classname="tests.projects.test_publication_guards" name="test_invalid_resource_values_cannot_restore_revoked_permissions[amount--1]" time="0.267" /><testcase classname="tests.projects.test_publication_guards" name="test_invalid_resource_values_cannot_restore_revoked_permissions[amount-1.0000001]" time="0.272" /><testcase classname="tests.projects.test_publication_guards" name="test_invalid_resource_values_cannot_restore_revoked_permissions[amount-None]" time="0.286" /><testcase classname="tests.projects.test_publication_guards" name="test_invalid_resource_values_cannot_restore_revoked_permissions[currency-usd]" time="0.274" /><testcase classname="tests.projects.test_publication_guards" name="test_invalid_resource_values_cannot_restore_revoked_permissions[duration-0]" time="0.293" /><testcase classname="tests.projects.test_publication_guards" name="test_invalid_resource_values_cannot_restore_revoked_permissions[pool_limit-Infinity]" time="0.287" /><testcase classname="tests.projects.test_publication_guards" name="test_invalid_resource_values_cannot_restore_revoked_permissions[pool_limit--1]" time="0.294" /><testcase classname="tests.projects.test_publication_guards" name="test_invalid_resource_values_cannot_restore_revoked_permissions[conservative_bound--1]" time="0.303" /><testcase classname="tests.projects.test_publication_guards" name="test_invalid_resource_values_cannot_restore_revoked_permissions[approval-missing-profile]" time="0.281" /><testcase classname="tests.projects.test_publication_guards" name="test_invalid_unicode_is_not_storable_and_preview_remains_json_exportable[id-configuration]" time="0.259" /><testcase classname="tests.projects.test_publication_guards" name="test_invalid_unicode_is_not_storable_and_preview_remains_json_exportable[id-rulebook]" time="0.266" /><testcase classname="tests.projects.test_publication_guards" name="test_invalid_unicode_is_not_storable_and_preview_remains_json_exportable[description-configuration]" time="0.274" /><testcase classname="tests.projects.test_publication_guards" name="test_invalid_unicode_is_not_storable_and_preview_remains_json_exportable[description-rulebook]" time="0.273" /><testcase classname="tests.projects.test_publication_guards" name="test_configuration_preview_does_not_grant_explicit_publication_authority" time="0.272" /><testcase classname="tests.projects.test_publication_migration" name="test_legacy_upgrade_preserves_owner_catalog_and_frozen_binding_without_publication" time="0.258" /><testcase classname="tests.projects.test_publication_migration" name="test_conflicting_legacy_revision_is_reported_and_never_automatically_selected" time="0.280" /><testcase classname="tests.projects.test_publication_migration" name="test_legacy_latest_invalid_draft_keeps_last_applied_valid_revocation" time="0.270" /><testcase classname="tests.projects.test_registry" name="test_registered_project_has_a_fixed_base_and_survives_service_restart" time="0.238" /><testcase classname="tests.projects.test_registry" name="test_invalid_project_identity_never_creates_a_project[outside-REPOSITORY_OUTSIDE_ROOTS]" time="0.150" /><testcase classname="tests.projects.test_registry" name="test_invalid_project_identity_never_creates_a_project[unknown-base-BASE_UNRESOLVED]" time="0.237" /><testcase classname="tests.projects.test_registry" name="test_invalid_project_identity_never_creates_a_project[branch-TARGET_BRANCH_NOT_ALLOWED]" time="0.183" /><testcase classname="tests.projects.test_registry" name="test_invalid_project_identity_never_creates_a_project[not-git-REPOSITORY_INVALID]" time="0.175" /><testcase classname="tests.projects.test_registry" name="test_create_command_is_durable_and_concurrent_replay_returns_one_saved_result" time="0.288" /><testcase classname="tests.projects.test_registry" name="test_project_envelope_rejects_unknown_or_missing_fields_without_exposing_input[change0]" time="0.153" /><testcase classname="tests.projects.test_registry" name="test_project_envelope_rejects_unknown_or_missing_fields_without_exposing_input[change1]" time="0.156" /><testcase classname="tests.projects.test_registry" name="test_project_envelope_rejects_unknown_or_missing_fields_without_exposing_input[change2]" time="0.159" /><testcase classname="tests.projects.test_registry" name="test_project_envelope_rejects_unknown_or_missing_fields_without_exposing_input[change3]" time="0.152" /><testcase classname="tests.projects.test_registry" name="test_update_requires_current_revision_but_identical_command_retry_returns_original_result" time="0.406" /><testcase classname="tests.projects.test_registry" name="test_incomplete_configuration_can_be_previewed_as_a_draft_without_changing_project" time="0.261" /><testcase classname="tests.projects.test_registry" name="test_apply_binds_saved_preview_and_revision_and_replays_the_exact_original_result" time="0.321" /><testcase classname="tests.projects.test_registry" name="test_required_platform_budget_is_not_replaced_by_service_quota[planning_budget_ref]" time="0.238" /><testcase classname="tests.projects.test_registry" name="test_required_platform_budget_is_not_replaced_by_service_quota[run_budget_ref]" time="0.236" /><testcase classname="tests.projects.test_registry" name="test_platform_budgets_require_native_currencies_and_finite_explicit_limits[change0]" time="0.243" /><testcase classname="tests.projects.test_registry" name="test_platform_budgets_require_native_currencies_and_finite_explicit_limits[change1]" time="0.245" /><testcase classname="tests.projects.test_registry" name="test_platform_budgets_require_native_currencies_and_finite_explicit_limits[change2]" time="0.236" /><testcase classname="tests.projects.test_registry" name="test_platform_budgets_require_native_currencies_and_finite_explicit_limits[change3]" time="0.243" /><testcase classname="tests.projects.test_registry" name="test_platform_budgets_require_native_currencies_and_finite_explicit_limits[change4]" time="0.248" /><testcase classname="tests.projects.test_registry" name="test_unknown_subscription_observation_requires_every_finite_conservative_setting[enabled]" time="0.253" /><testcase classname="tests.projects.test_registry" name="test_unknown_subscription_observation_requires_every_finite_conservative_setting[max_local_active_attempts]" time="0.240" /><testcase classname="tests.projects.test_registry" name="test_unknown_subscription_observation_requires_every_finite_conservative_setting[max_attempt_duration_seconds]" time="0.238" /><testcase classname="tests.projects.test_registry" name="test_unknown_subscription_observation_requires_every_finite_conservative_setting[observation_max_age_seconds]" time="0.241" /><testcase classname="tests.projects.test_registry" name="test_unknown_subscription_observation_requires_every_finite_conservative_setting[cooldown_seconds]" time="0.285" /><testcase classname="tests.projects.test_registry" name="test_preview_command_is_idempotent_and_rejects_changed_content" time="0.259" /><testcase classname="tests.projects.test_registry" name="test_raw_credentials_in_configuration_are_reported_without_persisting_or_exporting_them" time="0.241" /><testcase classname="tests.projects.test_registry" name="test_unknown_configuration_shapes_produce_a_bounded_draft_issue[change0]" time="0.238" /><testcase classname="tests.projects.test_registry" name="test_unknown_configuration_shapes_produce_a_bounded_draft_issue[change1]" time="0.244" /><testcase classname="tests.projects.test_registry" name="test_unknown_configuration_shapes_produce_a_bounded_draft_issue[change2]" time="0.247" /><testcase classname="tests.projects.test_registry" name="test_fixed_rulebook_hard_conditions_cannot_be_overridden_in_configuration[fallback]" time="0.238" /><testcase classname="tests.projects.test_registry" name="test_fixed_rulebook_hard_conditions_cannot_be_overridden_in_configuration[t0-worker]" time="0.233" /><testcase classname="tests.projects.test_registry" name="test_fixed_rulebook_hard_conditions_cannot_be_overridden_in_configuration[critical-downgrade]" time="0.249" /><testcase classname="tests.projects.test_registry" name="test_resource_identity_and_shared_account_relationships_must_resolve[channel-account]" time="0.259" /><testcase classname="tests.projects.test_registry" name="test_resource_identity_and_shared_account_relationships_must_resolve[pool-account]" time="0.247" /><testcase classname="tests.projects.test_registry" name="test_resource_identity_and_shared_account_relationships_must_resolve[profile-channel]" time="0.236" /><testcase classname="tests.projects.test_registry" name="test_resource_identity_and_shared_account_relationships_must_resolve[duplicate-pool]" time="0.247" /><testcase classname="tests.projects.test_registry" name="test_resource_identity_and_shared_account_relationships_must_resolve[missing-policy]" time="0.243" /><testcase classname="tests.projects.test_registry" name="test_candidate_requires_current_evidence_approved_membership_and_task_class[not-run]" time="0.247" /><testcase classname="tests.projects.test_registry" name="test_candidate_requires_current_evidence_approved_membership_and_task_class[digest]" time="0.233" /><testcase classname="tests.projects.test_registry" name="test_candidate_requires_current_evidence_approved_membership_and_task_class[runtime]" time="0.246" /><testcase classname="tests.projects.test_registry" name="test_candidate_requires_current_evidence_approved_membership_and_task_class[missing-reference]" time="0.261" /><testcase classname="tests.projects.test_registry" name="test_candidate_requires_current_evidence_approved_membership_and_task_class[unapproved]" time="0.244" /><testcase classname="tests.projects.test_registry" name="test_candidate_requires_current_evidence_approved_membership_and_task_class[weaker-class]" time="0.240" /><testcase classname="tests.projects.test_registry" name="test_profile_permission_requirements_need_explicit_correlated_registration[destination]" time="0.249" /><testcase classname="tests.projects.test_registry" name="test_profile_permission_requirements_need_explicit_correlated_registration[isolation]" time="0.243" /><testcase classname="tests.projects.test_registry" name="test_profile_permission_requirements_need_explicit_correlated_registration[authentication]" time="0.245" /><testcase classname="tests.projects.test_registry" name="test_repository_containing_control_storage_cannot_be_registered" time="0.156" /><testcase classname="tests.projects.test_registry" name="test_task_preview_uses_trusted_risk_floor_and_never_dispatches_t0[T0-standard-T1-TASK_NOT_READY]" time="0.265" /><testcase classname="tests.projects.test_registry" name="test_task_preview_uses_trusted_risk_floor_and_never_dispatches_t0[ready-critical-T3-None]" time="0.260" /><testcase classname="tests.projects.test_registry" name="test_task_specific_hard_requirements_exclude_candidates_without_a_fallback[unapproved]" time="0.266" /><testcase classname="tests.projects.test_registry" name="test_task_specific_hard_requirements_exclude_candidates_without_a_fallback[extra-capability]" time="0.255" /><testcase classname="tests.projects.test_registry" name="test_task_specific_hard_requirements_exclude_candidates_without_a_fallback[extra-stale-capability]" time="0.245" /><testcase classname="tests.projects.test_registry" name="test_task_specific_hard_requirements_exclude_candidates_without_a_fallback[author-attempt]" time="0.245" /><testcase classname="tests.projects.test_registry" name="test_task_specific_hard_requirements_exclude_candidates_without_a_fallback[author-family]" time="0.243" /><testcase classname="tests.projects.test_registry" name="test_a_malformed_budget_reference_is_a_draft_issue_not_an_exception" time="0.237" /><testcase classname="tests.projects.test_registry" name="test_mutation_identity_is_explicit_and_strict[-owner]" time="0.148" /><testcase classname="tests.projects.test_registry" name="test_mutation_identity_is_explicit_and_strict[x-]" time="0.149" /><testcase classname="tests.projects.test_registry" name="test_mutation_identity_is_explicit_and_strict[True-owner]" time="0.159" /><testcase classname="tests.projects.test_registry" name="test_preview_records_policy_revision_as_offline_evidence" time="0.247" /><testcase classname="tests.projects.test_registry" name="test_non_json_configuration_fails_with_a_stable_error" time="0.236" /><testcase classname="tests.projects.test_registry" name="test_discarded_configuration_cannot_be_applied_as_if_it_were_saved[document0]" time="0.231" /><testcase classname="tests.projects.test_registry" name="test_discarded_configuration_cannot_be_applied_as_if_it_were_saved[document1]" time="0.233" /><testcase classname="tests.projects.test_registry" name="test_current_configuration_export_returns_only_the_applied_storable_content" time="0.249" /><testcase classname="tests.projects.test_registry" name="test_standard_review_may_reuse_a_profile_but_requires_a_fresh_non_author_attempt" time="0.241" /><testcase classname="tests.projects.test_registry" name="test_native_authentication_payload_cannot_enter_persistent_configuration[settings0]" time="0.237" /><testcase classname="tests.projects.test_registry" name="test_native_authentication_payload_cannot_enter_persistent_configuration[settings1]" time="0.240" /><testcase classname="tests.projects.test_registry" name="test_native_authentication_payload_cannot_enter_persistent_configuration[settings2]" time="0.247" /><testcase classname="tests.projects.test_registry" name="test_public_object_identifiers_reject_unpaired_unicode_before_storage[get]" time="0.233" /><testcase classname="tests.projects.test_registry" name="test_public_object_identifiers_reject_unpaired_unicode_before_storage[get_configuration]" time="0.229" /><testcase classname="tests.projects.test_registry" name="test_public_object_identifiers_reject_unpaired_unicode_before_storage[update]" time="0.225" /><testcase classname="tests.projects.test_registry" name="test_public_object_identifiers_reject_unpaired_unicode_before_storage[preview]" time="0.238" /><testcase classname="tests.projects.test_registry" name="test_public_object_identifiers_reject_unpaired_unicode_before_storage[apply]" time="0.253" /><testcase classname="tests.web.test_http" name="test_local_bootstrap_is_one_use_and_authenticated_reads_require_the_session" time="0.055" /><testcase classname="tests.web.test_http" name="test_bootstrap_rejects_untrusted_host_and_cross_site_writes[headers0]" time="0.024" /><testcase classname="tests.web.test_http" name="test_bootstrap_rejects_untrusted_host_and_cross_site_writes[headers1]" time="0.024" /><testcase classname="tests.web.test_http" name="test_bootstrap_rejects_untrusted_host_and_cross_site_writes[headers2]" time="0.023" /><testcase classname="tests.web.test_http" name="test_bootstrap_rejects_untrusted_host_and_cross_site_writes[headers3]" time="0.023" /><testcase classname="tests.web.test_http" name="test_logout_requires_current_csrf_and_invalidates_the_persisted_session" time="0.033" /><testcase classname="tests.web.test_http" name="test_validation_errors_do_not_echo_secrets_and_sensitive_responses_are_not_cached" time="0.028" /><testcase classname="tests.web.test_http" name="test_bootstrap_brute_force_limit_persists_across_app_restarts" time="0.051" /><testcase classname="tests.web.test_http" name="test_request_limit_is_enforced_before_parsing_even_without_content_length[False]" time="0.026" /><testcase classname="tests.web.test_http" name="test_request_limit_is_enforced_before_parsing_even_without_content_length[True]" time="0.023" /><testcase classname="tests.web.test_http" name="test_project_registration_is_authenticated_persistent_and_command_idempotent" time="0.337" /><testcase classname="tests.web.test_http" name="test_compiled_workbench_is_served_but_local_files_are_not_exposed" time="0.062" /><testcase classname="tests.web.test_http" name="test_invalid_unicode_bootstrap_is_a_redacted_client_error" time="0.024" /><testcase classname="tests.web.test_http" name="test_authenticated_json_rejects_non_unicode_strings_and_nonfinite_numbers[apply-{&quot;preview_id&quot;:&quot;\ud800&quot;}]" time="0.032" /><testcase classname="tests.web.test_http" name="test_authenticated_json_rejects_non_unicode_strings_and_nonfinite_numbers[preview-{&quot;nested&quot;:{&quot;\ud800&quot;:&quot;canary&quot;}}]" time="0.034" /><testcase classname="tests.web.test_http" name="test_authenticated_json_rejects_non_unicode_strings_and_nonfinite_numbers[preview-{&quot;number&quot;:NaN}]" time="0.034" /><testcase classname="tests.web.test_resources_http" name="test_owner_resource_snapshot_and_revision_update_survive_restart" time="0.095" /><testcase classname="tests.web.test_resources_http" name="test_invalid_or_unauthorized_policy_writes_leave_current_policy_unchanged[csrf]" time="0.060" /><testcase classname="tests.web.test_resources_http" name="test_invalid_or_unauthorized_policy_writes_leave_current_policy_unchanged[origin]" time="0.054" /><testcase classname="tests.web.test_resources_http" name="test_invalid_or_unauthorized_policy_writes_leave_current_policy_unchanged[revision]" time="0.051" /><testcase classname="tests.web.test_resources_http" name="test_invalid_or_unauthorized_policy_writes_leave_current_policy_unchanged[account]" time="0.050" /><testcase classname="tests.web.test_resources_http" name="test_invalid_or_unauthorized_policy_writes_leave_current_policy_unchanged[extra]" time="0.050" /><testcase classname="tests.web.test_resources_http" name="test_query_identity_preserves_dot_segments_and_policy_edits_are_limited" time="0.060" /><testcase classname="tests.web.test_resources_http" name="test_known_limit_rejects_excess_protection_without_any_policy_write" time="0.057" /><testcase classname="tests.web.test_rulebook_http" name="test_preview_publish_retry_and_history_survive_restart_without_reservations" time="0.275" /><testcase classname="tests.web.test_rulebook_http" name="test_rulebook_commands_require_session_proof_revision_and_command_identity[csrf-preview]" time="0.249" /><testcase classname="tests.web.test_rulebook_http" name="test_rulebook_commands_require_session_proof_revision_and_command_identity[csrf-publish]" time="0.255" /><testcase classname="tests.web.test_rulebook_http" name="test_rulebook_commands_require_session_proof_revision_and_command_identity[origin-preview]" time="0.236" /><testcase classname="tests.web.test_rulebook_http" name="test_rulebook_commands_require_session_proof_revision_and_command_identity[origin-publish]" time="0.244" /><testcase classname="tests.web.test_rulebook_http" name="test_rulebook_commands_require_session_proof_revision_and_command_identity[revision-preview]" time="0.244" /><testcase classname="tests.web.test_rulebook_http" name="test_rulebook_commands_require_session_proof_revision_and_command_identity[revision-publish]" time="0.274" /><testcase classname="tests.web.test_rulebook_http" name="test_rulebook_commands_require_session_proof_revision_and_command_identity[key-preview]" time="0.240" /><testcase classname="tests.web.test_rulebook_http" name="test_rulebook_commands_require_session_proof_revision_and_command_identity[key-publish]" time="0.252" /><testcase classname="tests.web.test_rulebook_http" name="test_secret_and_invalid_unicode_previews_never_create_a_publishable_document" time="0.242" /><testcase classname="tests.web.test_runs_http" name="test_http_creates_and_recovers_a_requirement_without_authorizing_execution" time="0.263" /><testcase classname="tests.web.test_runs_http" name="test_owner_approves_only_the_exact_trusted_plan_and_retries_the_same_command" time="0.278" /><testcase classname="tests.web.test_runs_http" name="test_commander_handoff_waits_for_an_owner_decision_and_rejects_stale_confirmation" time="0.271" /><testcase classname="tests.web.test_server" name="test_server_creates_private_code_and_serves_real_authenticated_http" time="1.129" /><testcase classname="tests.web.test_simulation_http" name="test_fixture_example_and_repeated_simulation_are_deterministic_without_apply_headers" time="0.251" /><testcase classname="tests.web.test_simulation_http" name="test_repeated_json_keys_are_rejected_like_the_public_cli[False]" time="0.237" /><testcase classname="tests.web.test_simulation_http" name="test_repeated_json_keys_are_rejected_like_the_public_cli[True]" time="0.235" /><testcase classname="tests.web.test_simulation_http" name="test_full_snapshot_controls_normal_routing_diagnostics[ambiguous-RULE_AMBIGUOUS]" time="0.254" /><testcase classname="tests.web.test_simulation_http" name="test_full_snapshot_controls_normal_routing_diagnostics[not-ready-TASK_NOT_READY]" time="0.246" /><testcase classname="tests.web.test_simulation_http" name="test_full_snapshot_controls_normal_routing_diagnostics[missing-NO_RULE]" time="0.301" /><testcase classname="tests.web.test_simulation_http" name="test_invalid_input_has_safe_structured_errors[extra-ROUTING_INPUT_INVALID]" time="0.236" /><testcase classname="tests.web.test_simulation_http" name="test_invalid_input_has_safe_structured_errors[missing-ROUTING_INPUT_INVALID]" time="0.231" /><testcase classname="tests.web.test_simulation_http" name="test_invalid_input_has_safe_structured_errors[not-object-ROUTING_INPUT_INVALID]" time="0.245" /><testcase classname="tests.web.test_simulation_http" name="test_invalid_input_has_safe_structured_errors[invalid-task-TASK_SNAPSHOT_INVALID]" time="0.249" /><testcase classname="tests.web.test_simulation_http" name="test_invalid_input_has_safe_structured_errors[invalid-budget-POLICY_SNAPSHOT_INVALID]" time="0.257" /><testcase classname="tests.web.test_simulation_http" name="test_invalid_input_has_safe_structured_errors[secret-CREDENTIAL_VALUE_FORBIDDEN]" time="0.235" /><testcase classname="tests.web.test_simulation_http" name="test_simulation_uses_existing_authenticated_and_bounded_http_boundary[session-401]" time="0.243" /><testcase classname="tests.web.test_simulation_http" name="test_simulation_uses_existing_authenticated_and_bounded_http_boundary[csrf-403]" time="0.273" /><testcase classname="tests.web.test_simulation_http" name="test_simulation_uses_existing_authenticated_and_bounded_http_boundary[origin-403]" time="0.262" /><testcase classname="tests.web.test_simulation_http" name="test_simulation_uses_existing_authenticated_and_bounded_http_boundary[host-403]" time="0.228" /><testcase classname="tests.web.test_simulation_http" name="test_simulation_uses_existing_authenticated_and_bounded_http_boundary[project-404]" time="0.255" /><testcase classname="tests.web.test_simulation_http" name="test_simulation_uses_existing_authenticated_and_bounded_http_boundary[body-limit-413]" time="0.241" /><testcase classname="tests.web.test_simulation_http" name="test_simulation_uses_existing_authenticated_and_bounded_http_boundary[malformed-json-422]" time="0.247" /><testcase classname="tests.web.test_simulation_http" name="test_simulation_uses_existing_authenticated_and_bounded_http_boundary[unicode-422]" time="0.277" /><testcase classname="tests.web.test_simulation_http" name="test_explicit_snapshot_simulation_preserves_actual_control_tables_and_calls_no_model" time="0.288" /></testsuite></testsuites>