<?xml version="1.0" encoding="utf-8"?><testsuites name="pytest tests"><testsuite name="pytest" errors="0" failures="0" skipped="0" tests="5" time="1.606" timestamp="2026-09-06T10:37:36.515183+08:00" hostname="ProArt-Zhou"><testcase classname="examples.run-routing-authorization.standards_boundaries" name="test_http_v2_large_reference_returns_json_rejection_instead_of_server_error" time="0.314" /><testcase classname="examples.run-routing-authorization.standards_boundaries" name="test_out_of_range_policy_reference_is_a_stable_domain_rejection[registry]" time="0.253" /><testcase classname="examples.run-routing-authorization.standards_boundaries" name="test_out_of_range_policy_reference_is_a_stable_domain_rejection[run]" time="0.250" /><testcase classname="examples.run-routing-authorization.standards_boundaries" name="test_policy_identifier_rejects_surrogate_before_sql_binding" time="0.236" /><testcase classname="examples.run-routing-authorization.standards_boundaries" name="test_returned_policy_and_run_objects_cannot_mutate_stored_bindings" time="0.267" /></testsuite></testsuites>