<?xml version="1.0" encoding="utf-8"?><testsuites name="pytest tests"><testsuite name="pytest" errors="0" failures="0" skipped="0" tests="31" time="4.629" timestamp="2026-09-07T15:40:06.147364+08:00" hostname="ProArt-Zhou"><testcase classname=".cache.dispatch-tokenizer-ci.tests.tools.test_go_tokenizer_provision_retry" name="test_transient_network_failure_retries_then_publishes_atomically" time="0.005" /><testcase classname=".cache.dispatch-tokenizer-ci.tests.tools.test_go_tokenizer_provision_retry" name="test_transient_read_failure_is_retried" time="0.003" /><testcase classname=".cache.dispatch-tokenizer-ci.tests.tools.test_go_tokenizer_provision_retry" name="test_persistent_network_failure_is_bounded_and_cleans_each_temp" time="0.003" /><testcase classname=".cache.dispatch-tokenizer-ci.tests.tools.test_go_tokenizer_provision_retry" name="test_non_retryable_http_status_is_redacted_and_single_attempt[400]" time="0.002" /><testcase classname=".cache.dispatch-tokenizer-ci.tests.tools.test_go_tokenizer_provision_retry" name="test_non_retryable_http_status_is_redacted_and_single_attempt[404]" time="0.002" /><testcase classname=".cache.dispatch-tokenizer-ci.tests.tools.test_go_tokenizer_provision_retry" name="test_non_retryable_http_status_is_redacted_and_single_attempt[401]" time="0.002" /><testcase classname=".cache.dispatch-tokenizer-ci.tests.tools.test_go_tokenizer_provision_retry" name="test_non_retryable_http_status_is_redacted_and_single_attempt[403]" time="0.002" /><testcase classname=".cache.dispatch-tokenizer-ci.tests.tools.test_go_tokenizer_provision_retry" name="test_retryable_http_status_uses_three_attempts[429]" time="0.003" /><testcase classname=".cache.dispatch-tokenizer-ci.tests.tools.test_go_tokenizer_provision_retry" name="test_retryable_http_status_uses_three_attempts[500]" time="0.002" /><testcase classname=".cache.dispatch-tokenizer-ci.tests.tools.test_go_tokenizer_provision_retry" name="test_retryable_http_status_uses_three_attempts[503]" time="0.003" /><testcase classname=".cache.dispatch-tokenizer-ci.tests.tools.test_go_tokenizer_provision_retry" name="test_retry_attempts_share_one_download_budget" time="0.002" /><testcase classname=".cache.dispatch-tokenizer-ci.tests.tools.test_go_tokenizer_provision_retry" name="test_default_connect_receives_remaining_budget" time="0.021" /><testcase classname=".cache.dispatch-tokenizer-ci.tests.tools.test_go_tokenizer_provision_retry" name="test_loopback_slow_byte_stream_stops_at_small_budget" time="0.521" /><testcase classname=".cache.dispatch-tokenizer-ci.tests.tools.test_go_tokenizer_provision_retry" name="test_loopback_delayed_byte_cannot_extend_budget" time="1.534" /><testcase classname=".cache.dispatch-tokenizer-ci.tests.tools.test_go_tokenizer_provision_retry" name="test_loopback_chunk_size_framing_cannot_extend_budget" time="0.512" /><testcase classname=".cache.dispatch-tokenizer-ci.tests.tools.test_go_tokenizer_provision_retry" name="test_loopback_slow_response_headers_share_the_download_deadline" time="0.527" /><testcase classname=".cache.dispatch-tokenizer-ci.tests.tools.test_go_tokenizer_provision_retry" name="test_complete_content_length_does_not_wait_for_delayed_connection_close" time="0.513" /><testcase classname=".cache.dispatch-tokenizer-ci.tests.tools.test_go_tokenizer_provision_retry" name="test_chunked_response_preserves_standard_read_semantics_across_tcp_splits" time="0.512" /><testcase classname=".cache.dispatch-tokenizer-ci.tests.tools.test_go_tokenizer_provision_retry" name="test_final_read_crossing_deadline_cannot_publish" time="0.003" /><testcase classname=".cache.dispatch-tokenizer-ci.tests.tools.test_go_tokenizer_provision_retry" name="test_certificate_failure_is_deterministic_and_not_retried" time="0.002" /><testcase classname=".cache.dispatch-tokenizer-ci.tests.tools.test_go_tokenizer_provision_retry" name="test_https_redirect_preserves_the_original_absolute_deadline" time="0.000" /><testcase classname=".cache.dispatch-tokenizer-ci.tests.tools.test_go_tokenizer_provision_retry" name="test_connect_attempts_shrink_one_absolute_deadline" time="0.053" /><testcase classname=".cache.dispatch-tokenizer-ci.tests.tools.test_go_tokenizer_provision_retry" name="test_expired_connect_does_not_resolve_or_open_a_socket" time="0.000" /><testcase classname=".cache.dispatch-tokenizer-ci.tests.tools.test_go_tokenizer_provision_retry" name="test_blocked_resolver_is_killed_and_reaped_at_the_deadline" time="0.113" /><testcase classname=".cache.dispatch-tokenizer-ci.tests.tools.test_go_tokenizer_provision_retry" name="test_transient_resolver_failure_is_classified_and_can_retry" time="0.101" /><testcase classname=".cache.dispatch-tokenizer-ci.tests.tools.test_go_tokenizer_provision_retry" name="test_permanent_resolver_failure_is_deterministic_and_reaped" time="0.056" /><testcase classname=".cache.dispatch-tokenizer-ci.tests.tools.test_go_tokenizer_provision_retry" name="test_bad_digest_is_deterministic_and_never_retried" time="0.002" /><testcase classname=".cache.dispatch-tokenizer-ci.tests.tools.test_go_tokenizer_provision_retry" name="test_cli_network_error_does_not_emit_exception_detail" time="0.002" /><testcase classname=".cache.reviewer-high-120.test_spec_boundaries" name="test_final_read_crossing_deadline_must_not_publish" time="0.002" /><testcase classname=".cache.reviewer-high-120.test_spec_boundaries" name="test_production_connect_uses_remaining_shared_budget" time="0.017" /><testcase classname=".cache.reviewer-high-120.test_spec_boundaries" name="test_permanent_certificate_verification_failure_is_not_retried" time="0.002" /></testsuite></testsuites>