<?xml version="1.0" encoding="utf-8"?><testsuites name="pytest tests"><testsuite name="pytest" errors="0" failures="0" skipped="0" tests="107" time="22.952" timestamp="2026-09-06T03:07:03.814090+08:00" hostname="ProArt-Zhou"><testcase classname="tests.projects.test_publication" name="test_explicit_publication_is_durable_and_retries_return_the_same_receipt" time="0.281" /><testcase classname="tests.projects.test_publication" name="test_same_revision_different_execution_is_rejected_at_both_write_entries[configuration]" time="0.227" /><testcase classname="tests.projects.test_publication" name="test_same_revision_different_execution_is_rejected_at_both_write_entries[rulebook]" time="0.213" /><testcase classname="tests.projects.test_publication" name="test_draft_storage_and_publication_have_separate_permissions[structure]" time="0.216" /><testcase classname="tests.projects.test_publication" name="test_draft_storage_and_publication_have_separate_permissions[ambiguous]" time="0.243" /><testcase classname="tests.projects.test_publication" name="test_draft_storage_and_publication_have_separate_permissions[empty-group]" time="0.234" /><testcase classname="tests.projects.test_publication" name="test_custom_matrix_is_not_evaluated_by_the_legacy_matcher" time="0.231" /><testcase classname="tests.projects.test_publication_guards" name="test_owner_and_expired_preview_cannot_publish_but_completed_command_replays" time="0.238" /><testcase classname="tests.projects.test_publication_guards" name="test_concurrent_publications_have_one_winner_and_replay_one_receipt" time="0.228" /><testcase classname="tests.projects.test_publication_guards" name="test_persisted_preview_from_a_different_contract_or_catalog_is_not_authority[compiler_identity-PREVIEW_COMPILER_CHANGED]" time="0.229" /><testcase classname="tests.projects.test_publication_guards" name="test_persisted_preview_from_a_different_contract_or_catalog_is_not_authority[catalog_binding-PREVIEW_CATALOG_CHANGED]" time="0.219" /><testcase classname="tests.projects.test_publication_guards" name="test_persisted_preview_from_a_different_contract_or_catalog_is_not_authority[principal-PREVIEW_OWNER_MISMATCH]" time="0.228" /><testcase classname="tests.projects.test_publication_guards" name="test_presentation_edit_keeps_immutable_execution_bytes_and_new_publication_record" time="0.227" /><testcase classname="tests.projects.test_publication_guards" name="test_effective_catalog_preserves_revocation_and_ignores_structurally_invalid_draft" time="0.241" /><testcase classname="tests.projects.test_publication_guards" name="test_confirmation_rejects_changed_persisted_content_even_when_execution_hash_is_unchanged[configuration]" time="0.211" /><testcase classname="tests.projects.test_publication_guards" name="test_confirmation_rejects_changed_persisted_content_even_when_execution_hash_is_unchanged[rulebook]" time="0.212" /><testcase classname="tests.projects.test_publication_guards" name="test_invalid_resource_values_cannot_restore_revoked_permissions[amount-NaN]" time="0.239" /><testcase classname="tests.projects.test_publication_guards" name="test_invalid_resource_values_cannot_restore_revoked_permissions[amount--1]" time="0.230" /><testcase classname="tests.projects.test_publication_guards" name="test_invalid_resource_values_cannot_restore_revoked_permissions[amount-1.0000001]" time="0.235" /><testcase classname="tests.projects.test_publication_guards" name="test_invalid_resource_values_cannot_restore_revoked_permissions[amount-None]" time="0.233" /><testcase classname="tests.projects.test_publication_guards" name="test_invalid_resource_values_cannot_restore_revoked_permissions[currency-usd]" time="0.228" /><testcase classname="tests.projects.test_publication_guards" name="test_invalid_resource_values_cannot_restore_revoked_permissions[duration-0]" time="0.245" /><testcase classname="tests.projects.test_publication_guards" name="test_invalid_resource_values_cannot_restore_revoked_permissions[pool_limit-Infinity]" time="0.239" /><testcase classname="tests.projects.test_publication_guards" name="test_invalid_resource_values_cannot_restore_revoked_permissions[pool_limit--1]" time="0.258" /><testcase classname="tests.projects.test_publication_guards" name="test_invalid_resource_values_cannot_restore_revoked_permissions[conservative_bound--1]" time="0.230" /><testcase classname="tests.projects.test_publication_guards" name="test_invalid_resource_values_cannot_restore_revoked_permissions[approval-missing-profile]" time="0.227" /><testcase classname="tests.projects.test_publication_guards" name="test_invalid_unicode_is_not_storable_and_preview_remains_json_exportable[id-configuration]" time="0.224" /><testcase classname="tests.projects.test_publication_guards" name="test_invalid_unicode_is_not_storable_and_preview_remains_json_exportable[id-rulebook]" time="0.211" /><testcase classname="tests.projects.test_publication_guards" name="test_invalid_unicode_is_not_storable_and_preview_remains_json_exportable[description-configuration]" time="0.233" /><testcase classname="tests.projects.test_publication_guards" name="test_invalid_unicode_is_not_storable_and_preview_remains_json_exportable[description-rulebook]" time="0.231" /><testcase classname="tests.projects.test_publication_guards" name="test_configuration_preview_does_not_grant_explicit_publication_authority" time="0.224" /><testcase classname="tests.projects.test_publication_migration" name="test_legacy_upgrade_preserves_owner_catalog_and_frozen_binding_without_publication" time="0.236" /><testcase classname="tests.projects.test_publication_migration" name="test_conflicting_legacy_revision_is_reported_and_never_automatically_selected" time="0.227" /><testcase classname="tests.projects.test_publication_migration" name="test_legacy_latest_invalid_draft_keeps_last_applied_valid_revocation" time="0.244" /><testcase classname="tests.projects.test_registry" name="test_registered_project_has_a_fixed_base_and_survives_service_restart" time="0.204" /><testcase classname="tests.projects.test_registry" name="test_invalid_project_identity_never_creates_a_project[outside-REPOSITORY_OUTSIDE_ROOTS]" time="0.120" /><testcase classname="tests.projects.test_registry" name="test_invalid_project_identity_never_creates_a_project[unknown-base-BASE_UNRESOLVED]" time="0.197" /><testcase classname="tests.projects.test_registry" name="test_invalid_project_identity_never_creates_a_project[branch-TARGET_BRANCH_NOT_ALLOWED]" time="0.143" /><testcase classname="tests.projects.test_registry" name="test_invalid_project_identity_never_creates_a_project[not-git-REPOSITORY_INVALID]" time="0.150" /><testcase classname="tests.projects.test_registry" name="test_create_command_is_durable_and_concurrent_replay_returns_one_saved_result" time="0.251" /><testcase classname="tests.projects.test_registry" name="test_project_envelope_rejects_unknown_or_missing_fields_without_exposing_input[change0]" time="0.116" /><testcase classname="tests.projects.test_registry" name="test_project_envelope_rejects_unknown_or_missing_fields_without_exposing_input[change1]" time="0.116" /><testcase classname="tests.projects.test_registry" name="test_project_envelope_rejects_unknown_or_missing_fields_without_exposing_input[change2]" time="0.112" /><testcase classname="tests.projects.test_registry" name="test_project_envelope_rejects_unknown_or_missing_fields_without_exposing_input[change3]" time="0.121" /><testcase classname="tests.projects.test_registry" name="test_update_requires_current_revision_but_identical_command_retry_returns_original_result" time="0.392" /><testcase classname="tests.projects.test_registry" name="test_incomplete_configuration_can_be_previewed_as_a_draft_without_changing_project" time="0.206" /><testcase classname="tests.projects.test_registry" name="test_apply_binds_saved_preview_and_revision_and_replays_the_exact_original_result" time="0.318" /><testcase classname="tests.projects.test_registry" name="test_required_platform_budget_is_not_replaced_by_service_quota[planning_budget_ref]" time="0.208" /><testcase classname="tests.projects.test_registry" name="test_required_platform_budget_is_not_replaced_by_service_quota[run_budget_ref]" time="0.202" /><testcase classname="tests.projects.test_registry" name="test_platform_budgets_require_native_currencies_and_finite_explicit_limits[change0]" time="0.198" /><testcase classname="tests.projects.test_registry" name="test_platform_budgets_require_native_currencies_and_finite_explicit_limits[change1]" time="0.206" /><testcase classname="tests.projects.test_registry" name="test_platform_budgets_require_native_currencies_and_finite_explicit_limits[change2]" time="0.215" /><testcase classname="tests.projects.test_registry" name="test_platform_budgets_require_native_currencies_and_finite_explicit_limits[change3]" time="0.221" /><testcase classname="tests.projects.test_registry" name="test_platform_budgets_require_native_currencies_and_finite_explicit_limits[change4]" time="0.222" /><testcase classname="tests.projects.test_registry" name="test_unknown_subscription_observation_requires_every_finite_conservative_setting[enabled]" time="0.232" /><testcase classname="tests.projects.test_registry" name="test_unknown_subscription_observation_requires_every_finite_conservative_setting[max_local_active_attempts]" time="0.205" /><testcase classname="tests.projects.test_registry" name="test_unknown_subscription_observation_requires_every_finite_conservative_setting[max_attempt_duration_seconds]" time="0.212" /><testcase classname="tests.projects.test_registry" name="test_unknown_subscription_observation_requires_every_finite_conservative_setting[observation_max_age_seconds]" time="0.209" /><testcase classname="tests.projects.test_registry" name="test_unknown_subscription_observation_requires_every_finite_conservative_setting[cooldown_seconds]" time="0.210" /><testcase classname="tests.projects.test_registry" name="test_preview_command_is_idempotent_and_rejects_changed_content" time="0.208" /><testcase classname="tests.projects.test_registry" name="test_raw_credentials_in_configuration_are_reported_without_persisting_or_exporting_them" time="0.211" /><testcase classname="tests.projects.test_registry" name="test_unknown_configuration_shapes_produce_a_bounded_draft_issue[change0]" time="0.214" /><testcase classname="tests.projects.test_registry" name="test_unknown_configuration_shapes_produce_a_bounded_draft_issue[change1]" time="0.213" /><testcase classname="tests.projects.test_registry" name="test_unknown_configuration_shapes_produce_a_bounded_draft_issue[change2]" time="0.209" /><testcase classname="tests.projects.test_registry" name="test_fixed_rulebook_hard_conditions_cannot_be_overridden_in_configuration[fallback]" time="0.211" /><testcase classname="tests.projects.test_registry" name="test_fixed_rulebook_hard_conditions_cannot_be_overridden_in_configuration[t0-worker]" time="0.211" /><testcase classname="tests.projects.test_registry" name="test_fixed_rulebook_hard_conditions_cannot_be_overridden_in_configuration[critical-downgrade]" time="0.225" /><testcase classname="tests.projects.test_registry" name="test_resource_identity_and_shared_account_relationships_must_resolve[channel-account]" time="0.210" /><testcase classname="tests.projects.test_registry" name="test_resource_identity_and_shared_account_relationships_must_resolve[pool-account]" time="0.211" /><testcase classname="tests.projects.test_registry" name="test_resource_identity_and_shared_account_relationships_must_resolve[profile-channel]" time="0.221" /><testcase classname="tests.projects.test_registry" name="test_resource_identity_and_shared_account_relationships_must_resolve[duplicate-pool]" time="0.226" /><testcase classname="tests.projects.test_registry" name="test_resource_identity_and_shared_account_relationships_must_resolve[missing-policy]" time="0.226" /><testcase classname="tests.projects.test_registry" name="test_candidate_requires_current_evidence_approved_membership_and_task_class[not-run]" time="0.195" /><testcase classname="tests.projects.test_registry" name="test_candidate_requires_current_evidence_approved_membership_and_task_class[digest]" time="0.210" /><testcase classname="tests.projects.test_registry" name="test_candidate_requires_current_evidence_approved_membership_and_task_class[runtime]" time="0.203" /><testcase classname="tests.projects.test_registry" name="test_candidate_requires_current_evidence_approved_membership_and_task_class[missing-reference]" time="0.211" /><testcase classname="tests.projects.test_registry" name="test_candidate_requires_current_evidence_approved_membership_and_task_class[unapproved]" time="0.212" /><testcase classname="tests.projects.test_registry" name="test_candidate_requires_current_evidence_approved_membership_and_task_class[weaker-class]" time="0.205" /><testcase classname="tests.projects.test_registry" name="test_profile_permission_requirements_need_explicit_correlated_registration[destination]" time="0.209" /><testcase classname="tests.projects.test_registry" name="test_profile_permission_requirements_need_explicit_correlated_registration[isolation]" time="0.200" /><testcase classname="tests.projects.test_registry" name="test_profile_permission_requirements_need_explicit_correlated_registration[authentication]" time="0.216" /><testcase classname="tests.projects.test_registry" name="test_repository_containing_control_storage_cannot_be_registered" time="0.120" /><testcase classname="tests.projects.test_registry" name="test_task_preview_uses_trusted_risk_floor_and_never_dispatches_t0[T0-standard-T1-TASK_NOT_READY]" time="0.227" /><testcase classname="tests.projects.test_registry" name="test_task_preview_uses_trusted_risk_floor_and_never_dispatches_t0[ready-critical-T3-None]" time="0.208" /><testcase classname="tests.projects.test_registry" name="test_task_specific_hard_requirements_exclude_candidates_without_a_fallback[unapproved]" time="0.200" /><testcase classname="tests.projects.test_registry" name="test_task_specific_hard_requirements_exclude_candidates_without_a_fallback[extra-capability]" time="0.345" /><testcase classname="tests.projects.test_registry" name="test_task_specific_hard_requirements_exclude_candidates_without_a_fallback[extra-stale-capability]" time="0.202" /><testcase classname="tests.projects.test_registry" name="test_task_specific_hard_requirements_exclude_candidates_without_a_fallback[author-attempt]" time="0.204" /><testcase classname="tests.projects.test_registry" name="test_task_specific_hard_requirements_exclude_candidates_without_a_fallback[author-family]" time="0.200" /><testcase classname="tests.projects.test_registry" name="test_a_malformed_budget_reference_is_a_draft_issue_not_an_exception" time="0.212" /><testcase classname="tests.projects.test_registry" name="test_mutation_identity_is_explicit_and_strict[-owner]" time="0.115" /><testcase classname="tests.projects.test_registry" name="test_mutation_identity_is_explicit_and_strict[x-]" time="0.123" /><testcase classname="tests.projects.test_registry" name="test_mutation_identity_is_explicit_and_strict[True-owner]" time="0.114" /><testcase classname="tests.projects.test_registry" name="test_preview_records_policy_revision_as_offline_evidence" time="0.211" /><testcase classname="tests.projects.test_registry" name="test_non_json_configuration_fails_with_a_stable_error" time="0.208" /><testcase classname="tests.projects.test_registry" name="test_discarded_configuration_cannot_be_applied_as_if_it_were_saved[document0]" time="0.201" /><testcase classname="tests.projects.test_registry" name="test_discarded_configuration_cannot_be_applied_as_if_it_were_saved[document1]" time="0.208" /><testcase classname="tests.projects.test_registry" name="test_current_configuration_export_returns_only_the_applied_storable_content" time="0.212" /><testcase classname="tests.projects.test_registry" name="test_standard_review_may_reuse_a_profile_but_requires_a_fresh_non_author_attempt" time="0.219" /><testcase classname="tests.projects.test_registry" name="test_native_authentication_payload_cannot_enter_persistent_configuration[settings0]" time="0.208" /><testcase classname="tests.projects.test_registry" name="test_native_authentication_payload_cannot_enter_persistent_configuration[settings1]" time="0.226" /><testcase classname="tests.projects.test_registry" name="test_native_authentication_payload_cannot_enter_persistent_configuration[settings2]" time="0.229" /><testcase classname="tests.projects.test_registry" name="test_public_object_identifiers_reject_unpaired_unicode_before_storage[get]" time="0.224" /><testcase classname="tests.projects.test_registry" name="test_public_object_identifiers_reject_unpaired_unicode_before_storage[get_configuration]" time="0.228" /><testcase classname="tests.projects.test_registry" name="test_public_object_identifiers_reject_unpaired_unicode_before_storage[update]" time="0.217" /><testcase classname="tests.projects.test_registry" name="test_public_object_identifiers_reject_unpaired_unicode_before_storage[preview]" time="0.219" /><testcase classname="tests.projects.test_registry" name="test_public_object_identifiers_reject_unpaired_unicode_before_storage[apply]" time="0.208" /></testsuite></testsuites>