<?xml version="1.0" encoding="utf-8"?><testsuites name="pytest tests"><testsuite name="pytest" errors="0" failures="0" skipped="0" tests="11" time="10.617" timestamp="2026-09-06T22:04:58.888545+08:00" hostname="ProArt-Zhou"><testcase classname="tests.runs.test_go_task_execution" name="test_get_reads_original_operation_without_execution_dependencies_or_writes" time="1.015" /><testcase classname="tests.runs.test_go_task_execution" name="test_history_read_requires_original_owner" time="0.923" /><testcase classname="tests.runs.test_go_task_execution" name="test_advance_cannot_use_history_only_factory_to_initialize_execution" time="0.959" /><testcase classname="tests.runs.test_go_task_execution" name="test_fixed_entry_rejects_extra_payload_and_ignores_project_imports" time="0.052" /><testcase classname="tests.runs.test_go_task_execution" name="test_reconcile_without_execution_is_historical_read_only" time="0.954" /><testcase classname="tests.runs.test_go_task_execution" name="test_cancel_prepared_intent_uses_no_source_or_credential_dependency" time="0.944" /><testcase classname="tests.runs.test_go_task_execution" name="test_changed_controller_source_rejects_before_intent_or_capacity" time="0.895" /><testcase classname="tests.runs.test_go_task_execution" name="test_reconcile_resumes_lost_cancel_cleanup_with_original_identity[False]" time="0.962" /><testcase classname="tests.runs.test_go_task_execution" name="test_reconcile_resumes_lost_cancel_cleanup_with_original_identity[True]" time="1.000" /><testcase classname="tests.runs.test_go_task_execution" name="test_direct_unregistered_caller_cannot_claim_or_resolve_material" time="0.940" /><testcase classname="tests.runs.test_go_task_execution" name="test_reconcile_recovers_original_committed_activation_without_activating" time="0.945" /></testsuite></testsuites>